[0.000000] (-) TimerEvent: {}
[0.000610] (-) JobUnselected: {'identifier': 'anymal_d_simple_description'}
[0.000638] (-) JobUnselected: {'identifier': 'gz_ros2_control_tests'}
[0.000649] (-) JobUnselected: {'identifier': 'ign_ros2_control'}
[0.000658] (-) JobUnselected: {'identifier': 'ros2_control_demo_description'}
[0.000666] (-) JobUnselected: {'identifier': 'ros2_control_demo_example_1'}
[0.000674] (-) JobUnselected: {'identifier': 'ros2_control_demo_example_10'}
[0.000682] (-) JobUnselected: {'identifier': 'ros2_control_demo_example_11'}
[0.000691] (-) JobUnselected: {'identifier': 'ros2_control_demo_example_12'}
[0.000701] (-) JobUnselected: {'identifier': 'ros2_control_demo_example_14'}
[0.000709] (-) JobUnselected: {'identifier': 'ros2_control_demo_example_15'}
[0.000717] (-) JobUnselected: {'identifier': 'ros2_control_demo_example_2'}
[0.000726] (-) JobUnselected: {'identifier': 'ros2_control_demo_example_3'}
[0.000734] (-) JobUnselected: {'identifier': 'ros2_control_demo_example_4'}
[0.000743] (-) JobUnselected: {'identifier': 'ros2_control_demo_example_5'}
[0.000751] (-) JobUnselected: {'identifier': 'ros2_control_demo_example_6'}
[0.000759] (-) JobUnselected: {'identifier': 'ros2_control_demo_example_7'}
[0.000768] (-) JobUnselected: {'identifier': 'ros2_control_demo_example_8'}
[0.000776] (-) JobUnselected: {'identifier': 'ros2_control_demo_example_9'}
[0.000785] (-) JobUnselected: {'identifier': 'ros2_control_demo_testing'}
[0.000793] (-) JobUnselected: {'identifier': 'ros2_control_demos'}
[0.000804] (ign_ros2_control_demos) JobQueued: {'identifier': 'ign_ros2_control_demos', 'dependencies': OrderedDict([('ign_ros2_control', '/home/claudio/ros2_ws2/install/ign_ros2_control')])}
[0.000818] (ign_ros2_control_demos) JobStarted: {'identifier': 'ign_ros2_control_demos'}
[0.066683] (ign_ros2_control_demos) JobEnded: {'identifier': 'ign_ros2_control_demos', 'rc': 1}
[0.076983] (-) EventReactorShutdown: {}
