[0.659s] DEBUG:colcon:Command line arguments: ['/usr/bin/colcon', 'build']
[0.659s] DEBUG:colcon:Parsed command line arguments: Namespace(log_base=None, log_level=None, verb_name='build', build_base='build', install_base='install', merge_install=False, symlink_install=False, test_result_base=None, continue_on_error=False, executor='parallel', parallel_workers=16, event_handlers=None, ignore_user_meta=False, metas=['./colcon.meta'], base_paths=['.'], packages_ignore=None, packages_ignore_regex=None, paths=None, packages_up_to=None, packages_up_to_regex=None, packages_above=None, packages_above_and_dependencies=None, packages_above_depth=None, packages_select_by_dep=None, packages_skip_by_dep=None, packages_skip_up_to=None, packages_select_build_failed=False, packages_skip_build_finished=False, packages_select_test_failures=False, packages_skip_test_passed=False, packages_select=None, packages_skip=None, packages_select_regex=None, packages_skip_regex=None, packages_start=None, packages_end=None, allow_overriding=[], cmake_args=None, cmake_target=None, cmake_target_skip_unavailable=False, cmake_clean_cache=False, cmake_clean_first=False, cmake_force_configure=False, ament_cmake_args=None, catkin_cmake_args=None, catkin_skip_building_tests=False, verb_parser=<colcon_defaults.argument_parser.defaults.DefaultArgumentsDecorator object at 0x7fd72c537760>, verb_extension=<colcon_core.verb.build.BuildVerb object at 0x7fd72c537250>, main=<bound method BuildVerb.main of <colcon_core.verb.build.BuildVerb object at 0x7fd72c537250>>)
[0.696s] Level 1:colcon.colcon_core.package_discovery:discover_packages(colcon_meta) check parameters
[0.696s] Level 1:colcon.colcon_core.package_discovery:discover_packages(recursive) check parameters
[0.696s] Level 1:colcon.colcon_core.package_discovery:discover_packages(ignore) check parameters
[0.696s] Level 1:colcon.colcon_core.package_discovery:discover_packages(path) check parameters
[0.696s] Level 1:colcon.colcon_core.package_discovery:discover_packages(colcon_meta) discover
[0.696s] Level 1:colcon.colcon_core.package_discovery:discover_packages(recursive) discover
[0.696s] INFO:colcon.colcon_core.package_discovery:Crawling recursively for packages in '/home/claudio/ros2_ws2'
[0.696s] Level 1:colcon.colcon_core.package_identification:_identify(.) by extensions ['ignore', 'ignore_ament_install']
[0.696s] Level 1:colcon.colcon_core.package_identification:_identify(.) by extension 'ignore'
[0.696s] Level 1:colcon.colcon_core.package_identification:_identify(.) by extension 'ignore_ament_install'
[0.696s] Level 1:colcon.colcon_core.package_identification:_identify(.) by extensions ['colcon_pkg']
[0.696s] Level 1:colcon.colcon_core.package_identification:_identify(.) by extension 'colcon_pkg'
[0.696s] Level 1:colcon.colcon_core.package_identification:_identify(.) by extensions ['colcon_meta']
[0.696s] Level 1:colcon.colcon_core.package_identification:_identify(.) by extension 'colcon_meta'
[0.696s] Level 1:colcon.colcon_core.package_identification:_identify(.) by extensions ['ros']
[0.696s] Level 1:colcon.colcon_core.package_identification:_identify(.) by extension 'ros'
[0.709s] Level 1:colcon.colcon_core.package_identification:_identify(.) by extensions ['cmake', 'python']
[0.709s] Level 1:colcon.colcon_core.package_identification:_identify(.) by extension 'cmake'
[0.709s] Level 1:colcon.colcon_core.package_identification:_identify(.) by extension 'python'
[0.709s] Level 1:colcon.colcon_core.package_identification:_identify(.) by extensions ['python_setup_py']
[0.709s] Level 1:colcon.colcon_core.package_identification:_identify(.) by extension 'python_setup_py'
[0.709s] Level 1:colcon.colcon_core.package_identification:_identify(build) by extensions ['ignore', 'ignore_ament_install']
[0.709s] Level 1:colcon.colcon_core.package_identification:_identify(build) by extension 'ignore'
[0.709s] Level 1:colcon.colcon_core.package_identification:_identify(build) ignored
[0.709s] Level 1:colcon.colcon_core.package_identification:_identify(install) by extensions ['ignore', 'ignore_ament_install']
[0.709s] Level 1:colcon.colcon_core.package_identification:_identify(install) by extension 'ignore'
[0.709s] Level 1:colcon.colcon_core.package_identification:_identify(install) ignored
[0.709s] Level 1:colcon.colcon_core.package_identification:_identify(log) by extensions ['ignore', 'ignore_ament_install']
[0.710s] Level 1:colcon.colcon_core.package_identification:_identify(log) by extension 'ignore'
[0.710s] Level 1:colcon.colcon_core.package_identification:_identify(log) ignored
[0.710s] Level 1:colcon.colcon_core.package_identification:_identify(src) by extensions ['ignore', 'ignore_ament_install']
[0.710s] Level 1:colcon.colcon_core.package_identification:_identify(src) by extension 'ignore'
[0.710s] Level 1:colcon.colcon_core.package_identification:_identify(src) by extension 'ignore_ament_install'
[0.710s] Level 1:colcon.colcon_core.package_identification:_identify(src) by extensions ['colcon_pkg']
[0.710s] Level 1:colcon.colcon_core.package_identification:_identify(src) by extension 'colcon_pkg'
[0.710s] Level 1:colcon.colcon_core.package_identification:_identify(src) by extensions ['colcon_meta']
[0.710s] Level 1:colcon.colcon_core.package_identification:_identify(src) by extension 'colcon_meta'
[0.710s] Level 1:colcon.colcon_core.package_identification:_identify(src) by extensions ['ros']
[0.710s] Level 1:colcon.colcon_core.package_identification:_identify(src) by extension 'ros'
[0.710s] Level 1:colcon.colcon_core.package_identification:_identify(src) by extensions ['cmake', 'python']
[0.710s] Level 1:colcon.colcon_core.package_identification:_identify(src) by extension 'cmake'
[0.710s] Level 1:colcon.colcon_core.package_identification:_identify(src) by extension 'python'
[0.710s] Level 1:colcon.colcon_core.package_identification:_identify(src) by extensions ['python_setup_py']
[0.710s] Level 1:colcon.colcon_core.package_identification:_identify(src) by extension 'python_setup_py'
[0.710s] Level 1:colcon.colcon_core.package_identification:_identify(src/anymal_d_simple_description) by extensions ['ignore', 'ignore_ament_install']
[0.710s] Level 1:colcon.colcon_core.package_identification:_identify(src/anymal_d_simple_description) by extension 'ignore'
[0.710s] Level 1:colcon.colcon_core.package_identification:_identify(src/anymal_d_simple_description) by extension 'ignore_ament_install'
[0.710s] Level 1:colcon.colcon_core.package_identification:_identify(src/anymal_d_simple_description) by extensions ['colcon_pkg']
[0.710s] Level 1:colcon.colcon_core.package_identification:_identify(src/anymal_d_simple_description) by extension 'colcon_pkg'
[0.710s] Level 1:colcon.colcon_core.package_identification:_identify(src/anymal_d_simple_description) by extensions ['colcon_meta']
[0.710s] Level 1:colcon.colcon_core.package_identification:_identify(src/anymal_d_simple_description) by extension 'colcon_meta'
[0.710s] Level 1:colcon.colcon_core.package_identification:_identify(src/anymal_d_simple_description) by extensions ['ros']
[0.710s] Level 1:colcon.colcon_core.package_identification:_identify(src/anymal_d_simple_description) by extension 'ros'
[0.712s] DEBUG:colcon.colcon_core.package_identification:Package 'src/anymal_d_simple_description' with type 'ros.ament_cmake' and name 'anymal_d_simple_description'
[0.712s] Level 1:colcon.colcon_core.package_discovery:discover_packages(recursive) using defaults
[0.712s] Level 1:colcon.colcon_core.package_discovery:discover_packages(ignore) discover
[0.712s] Level 1:colcon.colcon_core.package_discovery:discover_packages(ignore) using defaults
[0.712s] Level 1:colcon.colcon_core.package_discovery:discover_packages(path) discover
[0.712s] Level 1:colcon.colcon_core.package_discovery:discover_packages(path) using defaults
[0.772s] Level 1:colcon.colcon_core.package_discovery:discover_packages(prefix_path) check parameters
[0.772s] Level 1:colcon.colcon_core.package_discovery:discover_packages(prefix_path) discover
[0.793s] DEBUG:colcon.colcon_installed_package_information.package_discovery:Found 306 installed packages in /opt/ros/humble
[0.794s] Level 1:colcon.colcon_core.package_discovery:discover_packages(prefix_path) using defaults
[0.849s] Level 5:colcon.colcon_core.verb:set package 'anymal_d_simple_description' build argument 'cmake_args' from command line to 'None'
[0.849s] Level 5:colcon.colcon_core.verb:set package 'anymal_d_simple_description' build argument 'cmake_target' from command line to 'None'
[0.849s] Level 5:colcon.colcon_core.verb:set package 'anymal_d_simple_description' build argument 'cmake_target_skip_unavailable' from command line to 'False'
[0.849s] Level 5:colcon.colcon_core.verb:set package 'anymal_d_simple_description' build argument 'cmake_clean_cache' from command line to 'False'
[0.849s] Level 5:colcon.colcon_core.verb:set package 'anymal_d_simple_description' build argument 'cmake_clean_first' from command line to 'False'
[0.849s] Level 5:colcon.colcon_core.verb:set package 'anymal_d_simple_description' build argument 'cmake_force_configure' from command line to 'False'
[0.849s] Level 5:colcon.colcon_core.verb:set package 'anymal_d_simple_description' build argument 'ament_cmake_args' from command line to 'None'
[0.849s] Level 5:colcon.colcon_core.verb:set package 'anymal_d_simple_description' build argument 'catkin_cmake_args' from command line to 'None'
[0.849s] Level 5:colcon.colcon_core.verb:set package 'anymal_d_simple_description' build argument 'catkin_skip_building_tests' from command line to 'False'
[0.849s] DEBUG:colcon.colcon_core.verb:Building package 'anymal_d_simple_description' with the following arguments: {'ament_cmake_args': None, 'build_base': '/home/claudio/ros2_ws2/build/anymal_d_simple_description', 'catkin_cmake_args': None, 'catkin_skip_building_tests': False, 'cmake_args': None, 'cmake_clean_cache': False, 'cmake_clean_first': False, 'cmake_force_configure': False, 'cmake_target': None, 'cmake_target_skip_unavailable': False, 'install_base': '/home/claudio/ros2_ws2/install/anymal_d_simple_description', 'merge_install': False, 'path': '/home/claudio/ros2_ws2/src/anymal_d_simple_description', 'symlink_install': False, 'test_result_base': None}
[0.859s] INFO:colcon.colcon_core.executor:Executing jobs using 'parallel' executor
[0.870s] DEBUG:colcon.colcon_parallel_executor.executor.parallel:run_until_complete
[0.870s] INFO:colcon.colcon_ros.task.ament_cmake.build:Building ROS package in '/home/claudio/ros2_ws2/src/anymal_d_simple_description' with build type 'ament_cmake'
[0.870s] INFO:colcon.colcon_cmake.task.cmake.build:Building CMake package in '/home/claudio/ros2_ws2/src/anymal_d_simple_description'
[0.881s] INFO:colcon.colcon_core.plugin_system:Skipping extension 'colcon_core.shell.bat': Not used on non-Windows systems
[0.881s] INFO:colcon.colcon_core.shell:Skip shell extension 'powershell' for command environment: Not usable outside of PowerShell
[0.881s] DEBUG:colcon.colcon_core.shell:Skip shell extension 'dsv' for command environment
[0.906s] DEBUG:colcon.colcon_core.event_handler.log_command:Invoking command in '/home/claudio/ros2_ws2/build/anymal_d_simple_description': CMAKE_PREFIX_PATH=/opt/ros/humble CONDA_PROMPT_MODIFIER=(env_T) /usr/bin/cmake --build /home/claudio/ros2_ws2/build/anymal_d_simple_description -- -j16 -l16
[0.934s] DEBUG:colcon.colcon_core.event_handler.log_command:Invoked command in '/home/claudio/ros2_ws2/build/anymal_d_simple_description' returned '0': CMAKE_PREFIX_PATH=/opt/ros/humble CONDA_PROMPT_MODIFIER=(env_T) /usr/bin/cmake --build /home/claudio/ros2_ws2/build/anymal_d_simple_description -- -j16 -l16
[0.979s] DEBUG:colcon.colcon_core.event_handler.log_command:Invoking command in '/home/claudio/ros2_ws2/build/anymal_d_simple_description': CMAKE_PREFIX_PATH=/opt/ros/humble CONDA_PROMPT_MODIFIER=(env_T) /usr/bin/cmake --install /home/claudio/ros2_ws2/build/anymal_d_simple_description
[0.991s] Level 1:colcon.colcon_core.environment:create_environment_scripts_only(anymal_d_simple_description)
[0.991s] DEBUG:colcon.colcon_core.event_handler.log_command:Invoked command in '/home/claudio/ros2_ws2/build/anymal_d_simple_description' returned '0': CMAKE_PREFIX_PATH=/opt/ros/humble CONDA_PROMPT_MODIFIER=(env_T) /usr/bin/cmake --install /home/claudio/ros2_ws2/build/anymal_d_simple_description
[1.004s] Level 1:colcon.colcon_core.environment:checking '/home/claudio/ros2_ws2/install/anymal_d_simple_description' for CMake module files
[1.004s] Level 1:colcon.colcon_core.environment:checking '/home/claudio/ros2_ws2/install/anymal_d_simple_description' for CMake config files
[1.004s] Level 1:colcon.colcon_core.shell:create_environment_hook('anymal_d_simple_description', 'cmake_prefix_path')
[1.014s] INFO:colcon.colcon_core.shell:Creating environment hook '/home/claudio/ros2_ws2/install/anymal_d_simple_description/share/anymal_d_simple_description/hook/cmake_prefix_path.ps1'
[1.015s] INFO:colcon.colcon_core.shell:Creating environment descriptor '/home/claudio/ros2_ws2/install/anymal_d_simple_description/share/anymal_d_simple_description/hook/cmake_prefix_path.dsv'
[1.015s] INFO:colcon.colcon_core.shell:Creating environment hook '/home/claudio/ros2_ws2/install/anymal_d_simple_description/share/anymal_d_simple_description/hook/cmake_prefix_path.sh'
[1.015s] Level 1:colcon.colcon_core.environment:checking '/home/claudio/ros2_ws2/install/anymal_d_simple_description/bin'
[1.016s] Level 1:colcon.colcon_core.environment:checking '/home/claudio/ros2_ws2/install/anymal_d_simple_description/lib/pkgconfig/anymal_d_simple_description.pc'
[1.016s] Level 1:colcon.colcon_core.environment:checking '/home/claudio/ros2_ws2/install/anymal_d_simple_description/lib/python3.10/site-packages'
[1.016s] Level 1:colcon.colcon_core.environment:checking '/home/claudio/ros2_ws2/install/anymal_d_simple_description/bin'
[1.026s] INFO:colcon.colcon_core.shell:Creating package script '/home/claudio/ros2_ws2/install/anymal_d_simple_description/share/anymal_d_simple_description/package.ps1'
[1.026s] INFO:colcon.colcon_core.shell:Creating package descriptor '/home/claudio/ros2_ws2/install/anymal_d_simple_description/share/anymal_d_simple_description/package.dsv'
[1.027s] INFO:colcon.colcon_core.shell:Creating package script '/home/claudio/ros2_ws2/install/anymal_d_simple_description/share/anymal_d_simple_description/package.sh'
[1.027s] INFO:colcon.colcon_core.shell:Creating package script '/home/claudio/ros2_ws2/install/anymal_d_simple_description/share/anymal_d_simple_description/package.bash'
[1.027s] INFO:colcon.colcon_core.shell:Creating package script '/home/claudio/ros2_ws2/install/anymal_d_simple_description/share/anymal_d_simple_description/package.zsh'
[1.028s] Level 1:colcon.colcon_core.environment:create_file_with_runtime_dependencies(/home/claudio/ros2_ws2/install/anymal_d_simple_description/share/colcon-core/packages/anymal_d_simple_description)
[1.052s] Level 1:colcon.colcon_core.environment:create_environment_scripts_only(anymal_d_simple_description)
[1.062s] Level 1:colcon.colcon_core.environment:checking '/home/claudio/ros2_ws2/install/anymal_d_simple_description' for CMake module files
[1.062s] Level 1:colcon.colcon_core.environment:checking '/home/claudio/ros2_ws2/install/anymal_d_simple_description' for CMake config files
[1.062s] Level 1:colcon.colcon_core.shell:create_environment_hook('anymal_d_simple_description', 'cmake_prefix_path')
[1.072s] INFO:colcon.colcon_core.shell:Creating environment hook '/home/claudio/ros2_ws2/install/anymal_d_simple_description/share/anymal_d_simple_description/hook/cmake_prefix_path.ps1'
[1.073s] INFO:colcon.colcon_core.shell:Creating environment descriptor '/home/claudio/ros2_ws2/install/anymal_d_simple_description/share/anymal_d_simple_description/hook/cmake_prefix_path.dsv'
[1.073s] INFO:colcon.colcon_core.shell:Creating environment hook '/home/claudio/ros2_ws2/install/anymal_d_simple_description/share/anymal_d_simple_description/hook/cmake_prefix_path.sh'
[1.073s] Level 1:colcon.colcon_core.environment:checking '/home/claudio/ros2_ws2/install/anymal_d_simple_description/bin'
[1.073s] Level 1:colcon.colcon_core.environment:checking '/home/claudio/ros2_ws2/install/anymal_d_simple_description/lib/pkgconfig/anymal_d_simple_description.pc'
[1.073s] Level 1:colcon.colcon_core.environment:checking '/home/claudio/ros2_ws2/install/anymal_d_simple_description/lib/python3.10/site-packages'
[1.073s] Level 1:colcon.colcon_core.environment:checking '/home/claudio/ros2_ws2/install/anymal_d_simple_description/bin'
[1.083s] INFO:colcon.colcon_core.shell:Creating package script '/home/claudio/ros2_ws2/install/anymal_d_simple_description/share/anymal_d_simple_description/package.ps1'
[1.084s] INFO:colcon.colcon_core.shell:Creating package descriptor '/home/claudio/ros2_ws2/install/anymal_d_simple_description/share/anymal_d_simple_description/package.dsv'
[1.084s] INFO:colcon.colcon_core.shell:Creating package script '/home/claudio/ros2_ws2/install/anymal_d_simple_description/share/anymal_d_simple_description/package.sh'
[1.084s] INFO:colcon.colcon_core.shell:Creating package script '/home/claudio/ros2_ws2/install/anymal_d_simple_description/share/anymal_d_simple_description/package.bash'
[1.084s] INFO:colcon.colcon_core.shell:Creating package script '/home/claudio/ros2_ws2/install/anymal_d_simple_description/share/anymal_d_simple_description/package.zsh'
[1.084s] Level 1:colcon.colcon_core.environment:create_file_with_runtime_dependencies(/home/claudio/ros2_ws2/install/anymal_d_simple_description/share/colcon-core/packages/anymal_d_simple_description)
[1.084s] DEBUG:colcon.colcon_parallel_executor.executor.parallel:closing loop
[1.085s] DEBUG:colcon.colcon_parallel_executor.executor.parallel:loop closed
[1.085s] DEBUG:colcon.colcon_parallel_executor.executor.parallel:run_until_complete finished with '0'
[1.085s] DEBUG:colcon.colcon_core.event_reactor:joining thread
[1.098s] INFO:colcon.colcon_core.plugin_system:Skipping extension 'colcon_notification.desktop_notification.terminal_notifier': Not used on non-Darwin systems
[1.098s] INFO:colcon.colcon_core.plugin_system:Skipping extension 'colcon_notification.desktop_notification.win32': Not used on non-Windows systems
[1.098s] INFO:colcon.colcon_notification.desktop_notification:Sending desktop notification using 'notify2'
[1.108s] DEBUG:colcon.colcon_core.event_reactor:joined thread
[1.119s] INFO:colcon.colcon_core.shell:Creating prefix script '/home/claudio/ros2_ws2/install/local_setup.ps1'
[1.120s] INFO:colcon.colcon_core.shell:Creating prefix util module '/home/claudio/ros2_ws2/install/_local_setup_util_ps1.py'
[1.121s] INFO:colcon.colcon_core.shell:Creating prefix chain script '/home/claudio/ros2_ws2/install/setup.ps1'
[1.131s] INFO:colcon.colcon_core.shell:Creating prefix script '/home/claudio/ros2_ws2/install/local_setup.sh'
[1.131s] INFO:colcon.colcon_core.shell:Creating prefix util module '/home/claudio/ros2_ws2/install/_local_setup_util_sh.py'
[1.132s] INFO:colcon.colcon_core.shell:Creating prefix chain script '/home/claudio/ros2_ws2/install/setup.sh'
[1.142s] INFO:colcon.colcon_core.shell:Creating prefix script '/home/claudio/ros2_ws2/install/local_setup.bash'
[1.142s] INFO:colcon.colcon_core.shell:Creating prefix chain script '/home/claudio/ros2_ws2/install/setup.bash'
[1.152s] INFO:colcon.colcon_core.shell:Creating prefix script '/home/claudio/ros2_ws2/install/local_setup.zsh'
[1.153s] INFO:colcon.colcon_core.shell:Creating prefix chain script '/home/claudio/ros2_ws2/install/setup.zsh'
