[0.047s] Invoking command in '/home/claudio/ros2_ws2/build/anymal_d_simple_description': CMAKE_PREFIX_PATH=${CMAKE_PREFIX_PATH}:/opt/ros/humble /usr/bin/cmake --build /home/claudio/ros2_ws2/build/anymal_d_simple_description -- -j16 -l16
[0.065s] -- Found ament_cmake: 1.3.5 (/opt/ros/humble/share/ament_cmake/cmake)
[0.152s] -- Found trajectory_msgs: 4.2.3 (/opt/ros/humble/share/trajectory_msgs/cmake)
[0.167s] -- Found rosidl_generator_c: 3.1.5 (/opt/ros/humble/share/rosidl_generator_c/cmake)
[0.169s] -- Found rosidl_adapter: 3.1.5 (/opt/ros/humble/share/rosidl_adapter/cmake)
[0.172s] -- Found rosidl_generator_cpp: 3.1.5 (/opt/ros/humble/share/rosidl_generator_cpp/cmake)
[0.178s] -- Using all available rosidl_typesupport_c: rosidl_typesupport_fastrtps_c;rosidl_typesupport_introspection_c
[0.188s] -- Using all available rosidl_typesupport_cpp: rosidl_typesupport_fastrtps_cpp;rosidl_typesupport_introspection_cpp
[0.310s] -- Found gazebo_ros2_control: 0.4.9 (/opt/ros/humble/share/gazebo_ros2_control/cmake)
[0.599s] -- Found rmw_implementation_cmake: 6.1.1 (/opt/ros/humble/share/rmw_implementation_cmake/cmake)
[0.600s] -- Found rmw_fastrtps_cpp: 6.2.4 (/opt/ros/humble/share/rmw_fastrtps_cpp/cmake)
[0.674s] -- Using RMW implementation 'rmw_fastrtps_cpp' as default
[1.228s] -- Found DART: /usr/include (Required is at least version "6.6") found components: dart 
[1.245s] -- Found Protobuf: /usr/lib/x86_64-linux-gnu/libprotobuf.so (found version "3.12.4") 
[1.246s] -- Looking for ignition-math6 -- found version 6.15.0
[1.248s] -- Searching for dependencies of ignition-math6
[1.249s] -- Looking for OGRE...
[1.252s] -- Found Ogre Ghadamon (1.9.0)
[1.253s] -- Found OGRE: optimized;/usr/lib/x86_64-linux-gnu/libOgreMain.so;debug;/usr/lib/x86_64-linux-gnu/libOgreMain.so
[1.258s] -- Looking for OGRE_Paging...
[1.258s] -- Found OGRE_Paging: optimized;/usr/lib/x86_64-linux-gnu/libOgrePaging.so;debug;/usr/lib/x86_64-linux-gnu/libOgrePaging.so
[1.258s] -- Looking for OGRE_Terrain...
[1.258s] -- Found OGRE_Terrain: optimized;/usr/lib/x86_64-linux-gnu/libOgreTerrain.so;debug;/usr/lib/x86_64-linux-gnu/libOgreTerrain.so
[1.259s] -- Looking for OGRE_Property...
[1.259s] -- Found OGRE_Property: optimized;/usr/lib/x86_64-linux-gnu/libOgreProperty.so;debug;/usr/lib/x86_64-linux-gnu/libOgreProperty.so
[1.259s] -- Looking for OGRE_RTShaderSystem...
[1.259s] -- Found OGRE_RTShaderSystem: optimized;/usr/lib/x86_64-linux-gnu/libOgreRTShaderSystem.so;debug;/usr/lib/x86_64-linux-gnu/libOgreRTShaderSystem.so
[1.259s] -- Looking for OGRE_Volume...
[1.259s] -- Found OGRE_Volume: optimized;/usr/lib/x86_64-linux-gnu/libOgreVolume.so;debug;/usr/lib/x86_64-linux-gnu/libOgreVolume.so
[1.259s] -- Looking for OGRE_Overlay...
[1.259s] -- Found OGRE_Overlay: optimized;/usr/lib/x86_64-linux-gnu/libOgreOverlay.so;debug;/usr/lib/x86_64-linux-gnu/libOgreOverlay.so
[1.320s] -- Looking for ignition-math6 -- found version 6.15.0
[1.320s] -- Looking for ignition-transport8 -- found version 8.2.1
[1.321s] -- Searching for dependencies of ignition-transport8
[1.331s] -- Found Protobuf: /usr/lib/x86_64-linux-gnu/libprotobuf.so (found suitable version "3.12.4", minimum required is "3") 
[1.338s] -- Config-file not installed for ZeroMQ -- checking for pkg-config
[1.341s] -- Checking for module 'libzmq >= 4'
[1.350s] --   Found libzmq , version 4.3.4
[1.379s] -- Checking for module 'uuid'
[1.388s] --   Found uuid, version 2.37.2
[1.432s] -- Looking for ignition-msgs5 -- found version 5.8.1
[1.433s] -- Searching for dependencies of ignition-msgs5
[1.449s] -- Looking for ignition-math6 -- found version 6.15.0
[1.453s] -- Looking for ignition-msgs5 -- found version 5.8.1
[1.453s] -- Looking for ignition-common3 -- found version 3.14.0
[1.454s] -- Searching for dependencies of ignition-common3
[1.454s] -- Looking for dlfcn.h - found
[1.454s] -- Looking for libdl - found
[1.461s] -- Searching for <ignition-common3> component [graphics]
[1.461s] -- Looking for ignition-common3-graphics -- found version 3.14.0
[1.461s] -- Searching for dependencies of ignition-common3-graphics
[1.461s] -- Looking for ignition-math6 -- found version 6.15.0
[1.462s] -- Looking for ignition-fuel_tools4 -- found version 4.4.0
[1.462s] -- Searching for dependencies of ignition-fuel_tools4
[1.485s] -- Checking for module 'jsoncpp'
[1.493s] --   Found jsoncpp, version 1.9.5
[1.520s] -- Checking for module 'libzip'
[1.528s] --   Found libzip, version 1.7.3
[1.565s] -- Looking for ignition-common3 -- found version 3.14.0
[1.566s] -- Looking for ignition-math6 -- found version 6.15.0
[1.566s] -- Looking for ignition-msgs5 -- found version 5.8.1
[1.568s] -- Gazebo version: 11.10
[1.706s] [31mCMake Error at CMakeLists.txt:7 (find_package):
[1.706s]   By not providing "Findplugin_lib.cmake" in CMAKE_MODULE_PATH this project
[1.706s]   has asked CMake to find a package configuration file provided by
[1.706s]   "plugin_lib", but CMake did not find one.
[1.706s] 
[1.706s]   Could not find a package configuration file provided by "plugin_lib" with
[1.706s]   any of the following names:
[1.706s] 
[1.706s]     plugin_libConfig.cmake
[1.706s]     plugin_lib-config.cmake
[1.706s] 
[1.706s]   Add the installation prefix of "plugin_lib" to CMAKE_PREFIX_PATH or set
[1.706s]   "plugin_lib_DIR" to a directory containing one of the above files.  If
[1.706s]   "plugin_lib" provides a separate development package or SDK, be sure it has
[1.706s]   been installed.
[1.706s] 
[1.706s] [0m
[1.706s] -- Configuring incomplete, errors occurred!
[1.707s] See also "/home/claudio/ros2_ws2/build/anymal_d_simple_description/CMakeFiles/CMakeOutput.log".
[1.713s] gmake: *** [Makefile:226: cmake_check_build_system] Error 1
[1.715s] Invoked command in '/home/claudio/ros2_ws2/build/anymal_d_simple_description' returned '2': CMAKE_PREFIX_PATH=${CMAKE_PREFIX_PATH}:/opt/ros/humble /usr/bin/cmake --build /home/claudio/ros2_ws2/build/anymal_d_simple_description -- -j16 -l16
