[0.006s] Invoking command in '/home/claudio/ANYmal_Ros2/build/gz_ros2_control': CMAKE_PREFIX_PATH=${CMAKE_PREFIX_PATH}:/home/claudio/ANYmal_Ros2/install/ros2_control_demo_testing:/home/claudio/ANYmal_Ros2/install/ros2_control_demo_example_1:/opt/ros/humble /usr/bin/cmake /home/claudio/ANYmal_Ros2/src/gz_ros2_control/gz_ros2_control -DCMAKE_INSTALL_PREFIX=/home/claudio/ANYmal_Ros2/install/gz_ros2_control
[0.013s] -- Found ament_cmake: 1.3.10 (/opt/ros/humble/share/ament_cmake/cmake)
[0.086s] -- Found ament_index_cpp: 1.4.0 (/opt/ros/humble/share/ament_index_cpp/cmake)
[0.087s] -- Found controller_manager: 2.42.0 (/opt/ros/humble/share/controller_manager/cmake)
[0.103s] -- Found rosidl_generator_c: 3.1.5 (/opt/ros/humble/share/rosidl_generator_c/cmake)
[0.105s] -- Found rosidl_adapter: 3.1.5 (/opt/ros/humble/share/rosidl_adapter/cmake)
[0.108s] -- Found rosidl_generator_cpp: 3.1.5 (/opt/ros/humble/share/rosidl_generator_cpp/cmake)
[0.113s] -- Using all available rosidl_typesupport_c: rosidl_typesupport_fastrtps_c;rosidl_typesupport_introspection_c
[0.121s] -- Using all available rosidl_typesupport_cpp: rosidl_typesupport_fastrtps_cpp;rosidl_typesupport_introspection_cpp
[0.219s] -- Found rmw_implementation_cmake: 6.1.2 (/opt/ros/humble/share/rmw_implementation_cmake/cmake)
[0.220s] -- Found rmw_fastrtps_cpp: 6.2.7 (/opt/ros/humble/share/rmw_fastrtps_cpp/cmake)
[0.231s] -- Found TinyXML2 via Config file: TinyXML2_DIR-NOTFOUND
[0.236s] -- Found TinyXML2 via Config file: TinyXML2_DIR-NOTFOUND
[0.246s] -- Found TinyXML2 via Config file: TinyXML2_DIR-NOTFOUND
[0.250s] -- Found TinyXML2 via Config file: TinyXML2_DIR-NOTFOUND
[0.256s] -- Using RMW implementation 'rmw_fastrtps_cpp' as default
[0.303s] -- Found yaml_cpp_vendor: 8.0.2 (/opt/ros/humble/share/yaml_cpp_vendor/cmake)
[0.309s] -- Configuring incomplete, errors occurred!
[0.309s] See also "/home/claudio/ANYmal_Ros2/build/gz_ros2_control/CMakeFiles/CMakeOutput.log".
[0.309s] [31mCMake Error at CMakeLists.txt:27 (find_package):
[0.309s]   By not providing "Findgz_sim_vendor.cmake" in CMAKE_MODULE_PATH this
[0.309s]   project has asked CMake to find a package configuration file provided by
[0.309s]   "gz_sim_vendor", but CMake did not find one.
[0.309s] 
[0.309s]   Could not find a package configuration file provided by "gz_sim_vendor"
[0.309s]   with any of the following names:
[0.309s] 
[0.309s]     gz_sim_vendorConfig.cmake
[0.309s]     gz_sim_vendor-config.cmake
[0.309s] 
[0.309s]   Add the installation prefix of "gz_sim_vendor" to CMAKE_PREFIX_PATH or set
[0.309s]   "gz_sim_vendor_DIR" to a directory containing one of the above files.  If
[0.309s]   "gz_sim_vendor" provides a separate development package or SDK, be sure it
[0.309s]   has been installed.
[0.309s] 
[0.309s] [0m
[0.314s] Invoked command in '/home/claudio/ANYmal_Ros2/build/gz_ros2_control' returned '1': CMAKE_PREFIX_PATH=${CMAKE_PREFIX_PATH}:/home/claudio/ANYmal_Ros2/install/ros2_control_demo_testing:/home/claudio/ANYmal_Ros2/install/ros2_control_demo_example_1:/opt/ros/humble /usr/bin/cmake /home/claudio/ANYmal_Ros2/src/gz_ros2_control/gz_ros2_control -DCMAKE_INSTALL_PREFIX=/home/claudio/ANYmal_Ros2/install/gz_ros2_control
