-- Install configuration: ""
-- Installing: /home/claudio/ANYmal_Ros2/install/anymal_d_simple_description/share/anymal_d_simple_description/config
-- Installing: /home/claudio/ANYmal_Ros2/install/anymal_d_simple_description/share/anymal_d_simple_description/config/pos_controller.yaml
-- Installing: /home/claudio/ANYmal_Ros2/install/anymal_d_simple_description/share/anymal_d_simple_description/config/initial_positions.yaml
-- Installing: /home/claudio/ANYmal_Ros2/install/anymal_d_simple_description/share/anymal_d_simple_description/config/rviz
-- Installing: /home/claudio/ANYmal_Ros2/install/anymal_d_simple_description/share/anymal_d_simple_description/config/rviz/standing.rviz
-- Installing: /home/claudio/ANYmal_Ros2/install/anymal_d_simple_description/share/anymal_d_simple_description/launch
-- Installing: /home/claudio/ANYmal_Ros2/install/anymal_d_simple_description/share/anymal_d_simple_description/launch/__pycache__
-- Installing: /home/claudio/ANYmal_Ros2/install/anymal_d_simple_description/share/anymal_d_simple_description/launch/__pycache__/launch_anymal_d.launch.cpython-310.pyc
-- Installing: /home/claudio/ANYmal_Ros2/install/anymal_d_simple_description/share/anymal_d_simple_description/launch/launch_anymal_d.launch.py
-- Installing: /home/claudio/ANYmal_Ros2/install/anymal_d_simple_description/share/anymal_d_simple_description/meshes
-- Installing: /home/claudio/ANYmal_Ros2/install/anymal_d_simple_description/share/anymal_d_simple_description/meshes/hatch.dae
-- Installing: /home/claudio/ANYmal_Ros2/install/anymal_d_simple_description/share/anymal_d_simple_description/meshes/hip.dae
-- Installing: /home/claudio/ANYmal_Ros2/install/anymal_d_simple_description/share/anymal_d_simple_description/meshes/face_shell.jpg
-- Installing: /home/claudio/ANYmal_Ros2/install/anymal_d_simple_description/share/anymal_d_simple_description/meshes/battery.jpg
-- Installing: /home/claudio/ANYmal_Ros2/install/anymal_d_simple_description/share/anymal_d_simple_description/meshes/lidar_guard.dae
-- Installing: /home/claudio/ANYmal_Ros2/install/anymal_d_simple_description/share/anymal_d_simple_description/meshes/docking_socket.dae
-- Installing: /home/claudio/ANYmal_Ros2/install/anymal_d_simple_description/share/anymal_d_simple_description/meshes/thigh.jpg
-- Installing: /home/claudio/ANYmal_Ros2/install/anymal_d_simple_description/share/anymal_d_simple_description/meshes/foot.dae
-- Installing: /home/claudio/ANYmal_Ros2/install/anymal_d_simple_description/share/anymal_d_simple_description/meshes/drive.dae
-- Installing: /home/claudio/ANYmal_Ros2/install/anymal_d_simple_description/share/anymal_d_simple_description/meshes/bottom_shell.jpg
-- Installing: /home/claudio/ANYmal_Ros2/install/anymal_d_simple_description/share/anymal_d_simple_description/meshes/hip.jpg
-- Installing: /home/claudio/ANYmal_Ros2/install/anymal_d_simple_description/share/anymal_d_simple_description/meshes/base.dae
-- Installing: /home/claudio/ANYmal_Ros2/install/anymal_d_simple_description/share/anymal_d_simple_description/meshes/foot.jpg
-- Installing: /home/claudio/ANYmal_Ros2/install/anymal_d_simple_description/share/anymal_d_simple_description/meshes/shank_l.dae
-- Installing: /home/claudio/ANYmal_Ros2/install/anymal_d_simple_description/share/anymal_d_simple_description/meshes/shank.jpg
-- Installing: /home/claudio/ANYmal_Ros2/install/anymal_d_simple_description/share/anymal_d_simple_description/meshes/lidar.dae
-- Installing: /home/claudio/ANYmal_Ros2/install/anymal_d_simple_description/share/anymal_d_simple_description/meshes/thigh.dae
-- Installing: /home/claudio/ANYmal_Ros2/install/anymal_d_simple_description/share/anymal_d_simple_description/meshes/drive.jpg
-- Installing: /home/claudio/ANYmal_Ros2/install/anymal_d_simple_description/share/anymal_d_simple_description/meshes/base.jpg
-- Installing: /home/claudio/ANYmal_Ros2/install/anymal_d_simple_description/share/anymal_d_simple_description/meshes/hatch.jpg
-- Installing: /home/claudio/ANYmal_Ros2/install/anymal_d_simple_description/share/anymal_d_simple_description/meshes/shank_r.dae
-- Installing: /home/claudio/ANYmal_Ros2/install/anymal_d_simple_description/share/anymal_d_simple_description/meshes/mount.jpg
-- Installing: /home/claudio/ANYmal_Ros2/install/anymal_d_simple_description/share/anymal_d_simple_description/meshes/bottom_shell.dae
-- Installing: /home/claudio/ANYmal_Ros2/install/anymal_d_simple_description/share/anymal_d_simple_description/meshes/pan.dae
-- Installing: /home/claudio/ANYmal_Ros2/install/anymal_d_simple_description/share/anymal_d_simple_description/meshes/tilt.dae
-- Installing: /home/claudio/ANYmal_Ros2/install/anymal_d_simple_description/share/anymal_d_simple_description/meshes/battery.dae
-- Installing: /home/claudio/ANYmal_Ros2/install/anymal_d_simple_description/share/anymal_d_simple_description/meshes/top_shell.dae
-- Installing: /home/claudio/ANYmal_Ros2/install/anymal_d_simple_description/share/anymal_d_simple_description/meshes/mount.dae
-- Installing: /home/claudio/ANYmal_Ros2/install/anymal_d_simple_description/share/anymal_d_simple_description/meshes/docking_socket.jpg
-- Installing: /home/claudio/ANYmal_Ros2/install/anymal_d_simple_description/share/anymal_d_simple_description/meshes/pan.jpg
-- Installing: /home/claudio/ANYmal_Ros2/install/anymal_d_simple_description/share/anymal_d_simple_description/meshes/top_shell.jpg
-- Installing: /home/claudio/ANYmal_Ros2/install/anymal_d_simple_description/share/anymal_d_simple_description/meshes/lidar.jpg
-- Installing: /home/claudio/ANYmal_Ros2/install/anymal_d_simple_description/share/anymal_d_simple_description/meshes/tilt.jpg
-- Installing: /home/claudio/ANYmal_Ros2/install/anymal_d_simple_description/share/anymal_d_simple_description/meshes/lidar_guard.jpg
-- Installing: /home/claudio/ANYmal_Ros2/install/anymal_d_simple_description/share/anymal_d_simple_description/meshes/face_shell.dae
-- Installing: /home/claudio/ANYmal_Ros2/install/anymal_d_simple_description/share/anymal_d_simple_description/urdf
-- Installing: /home/claudio/ANYmal_Ros2/install/anymal_d_simple_description/share/anymal_d_simple_description/urdf/anymal.urdf
-- Installing: /home/claudio/ANYmal_Ros2/install/anymal_d_simple_description/share/ament_index/resource_index/package_run_dependencies/anymal_d_simple_description
-- Installing: /home/claudio/ANYmal_Ros2/install/anymal_d_simple_description/share/ament_index/resource_index/parent_prefix_path/anymal_d_simple_description
-- Installing: /home/claudio/ANYmal_Ros2/install/anymal_d_simple_description/share/anymal_d_simple_description/environment/ament_prefix_path.sh
-- Installing: /home/claudio/ANYmal_Ros2/install/anymal_d_simple_description/share/anymal_d_simple_description/environment/ament_prefix_path.dsv
-- Installing: /home/claudio/ANYmal_Ros2/install/anymal_d_simple_description/share/anymal_d_simple_description/environment/path.sh
-- Installing: /home/claudio/ANYmal_Ros2/install/anymal_d_simple_description/share/anymal_d_simple_description/environment/path.dsv
-- Installing: /home/claudio/ANYmal_Ros2/install/anymal_d_simple_description/share/anymal_d_simple_description/local_setup.bash
-- Installing: /home/claudio/ANYmal_Ros2/install/anymal_d_simple_description/share/anymal_d_simple_description/local_setup.sh
-- Installing: /home/claudio/ANYmal_Ros2/install/anymal_d_simple_description/share/anymal_d_simple_description/local_setup.zsh
-- Installing: /home/claudio/ANYmal_Ros2/install/anymal_d_simple_description/share/anymal_d_simple_description/local_setup.dsv
-- Installing: /home/claudio/ANYmal_Ros2/install/anymal_d_simple_description/share/anymal_d_simple_description/package.dsv
-- Installing: /home/claudio/ANYmal_Ros2/install/anymal_d_simple_description/share/ament_index/resource_index/packages/anymal_d_simple_description
-- Installing: /home/claudio/ANYmal_Ros2/install/anymal_d_simple_description/share/anymal_d_simple_description/cmake/anymal_d_simple_descriptionConfig.cmake
-- Installing: /home/claudio/ANYmal_Ros2/install/anymal_d_simple_description/share/anymal_d_simple_description/cmake/anymal_d_simple_descriptionConfig-version.cmake
-- Installing: /home/claudio/ANYmal_Ros2/install/anymal_d_simple_description/share/anymal_d_simple_description/package.xml
