[0.037s] Invoking command in '/home/claudio/ros2_ws2/build/ros2_control_demo_example_1': AMENT_PREFIX_PATH=/home/claudio/ros2_ws2/install/ros2_control_demo_testing:/home/claudio/ros2_ws2/install/ros2_control_demo_description:${AMENT_PREFIX_PATH} CMAKE_PREFIX_PATH=/home/claudio/ros2_ws2/install/ros2_control_demo_description:/opt/ros/humble PYTHONPATH=/home/claudio/ros2_ws2/install/ros2_control_demo_testing/lib/python3.10/site-packages:${PYTHONPATH} /usr/bin/cmake /home/claudio/ros2_ws2/src/ros2_control_demos/example_1 -DCMAKE_INSTALL_PREFIX=/home/claudio/ros2_ws2/install/ros2_control_demo_example_1
[0.079s] -- The CXX compiler identification is GNU 11.4.0
[0.083s] -- Detecting CXX compiler ABI info
[0.135s] -- Detecting CXX compiler ABI info - done
[0.140s] -- Check for working CXX compiler: /usr/bin/c++ - skipped
[0.140s] -- Detecting CXX compile features
[0.140s] -- Detecting CXX compile features - done
[0.143s] -- Found backward_ros: 1.0.2 (/opt/ros/humble/share/backward_ros/cmake)
[0.368s] -- Found Python3: /usr/local/bin/python (found version "3.10.12") found components: Interpreter 
[0.413s] -- Found libdw: /usr/lib/x86_64-linux-gnu/libdw.so  
[0.417s] -- Could NOT find libbfd (missing: LIBBFD_LIBRARY LIBBFD_INCLUDE_DIR) 
[0.417s] -- BACKWARD_HAS_UNWIND=1
[0.417s] -- BACKWARD_HAS_BACKTRACE=0
[0.417s] -- BACKWARD_HAS_BACKTRACE_SYMBOL=0
[0.417s] -- BACKWARD_HAS_DW=1
[0.417s] -- BACKWARD_HAS_BFD=0
[0.418s] -- Found Backward: /opt/ros/humble/share/backward_ros/cmake  
[0.419s] -- Found ament_cmake: 1.3.5 (/opt/ros/humble/share/ament_cmake/cmake)
[0.435s] -- Found hardware_interface: 2.41.0 (/opt/ros/humble/share/hardware_interface/cmake)
[0.477s] -- Found rosidl_generator_c: 3.1.5 (/opt/ros/humble/share/rosidl_generator_c/cmake)
[0.486s] -- Found rosidl_adapter: 3.1.5 (/opt/ros/humble/share/rosidl_adapter/cmake)
[0.500s] -- Found rosidl_generator_cpp: 3.1.5 (/opt/ros/humble/share/rosidl_generator_cpp/cmake)
[0.520s] -- Using all available rosidl_typesupport_c: rosidl_typesupport_fastrtps_c;rosidl_typesupport_introspection_c
[0.544s] -- Using all available rosidl_typesupport_cpp: rosidl_typesupport_fastrtps_cpp;rosidl_typesupport_introspection_cpp
[1.049s] -- Found rmw_implementation_cmake: 6.1.1 (/opt/ros/humble/share/rmw_implementation_cmake/cmake)
[1.052s] -- Found rmw_fastrtps_cpp: 6.2.4 (/opt/ros/humble/share/rmw_fastrtps_cpp/cmake)
[1.142s] -- Found OpenSSL: /usr/lib/x86_64-linux-gnu/libcrypto.so (found version "3.0.2")  
[1.162s] -- Found FastRTPS: /opt/ros/humble/include  
[1.193s] -- Using RMW implementation 'rmw_fastrtps_cpp' as default
[1.210s] -- Looking for C++ include pthread.h
[1.309s] -- Looking for C++ include pthread.h - found
[1.309s] -- Performing Test CMAKE_HAVE_LIBC_PTHREAD
[1.387s] -- Performing Test CMAKE_HAVE_LIBC_PTHREAD - Success
[1.387s] -- Found Threads: TRUE  
[1.544s] -- Found ament_cmake_pytest: 1.3.5 (/opt/ros/humble/share/ament_cmake_pytest/cmake)
[2.575s] -- Configuring done
[2.673s] -- Generating done
[2.674s] -- Build files have been written to: /home/claudio/ros2_ws2/build/ros2_control_demo_example_1
[2.681s] Invoked command in '/home/claudio/ros2_ws2/build/ros2_control_demo_example_1' returned '0': AMENT_PREFIX_PATH=/home/claudio/ros2_ws2/install/ros2_control_demo_testing:/home/claudio/ros2_ws2/install/ros2_control_demo_description:${AMENT_PREFIX_PATH} CMAKE_PREFIX_PATH=/home/claudio/ros2_ws2/install/ros2_control_demo_description:/opt/ros/humble PYTHONPATH=/home/claudio/ros2_ws2/install/ros2_control_demo_testing/lib/python3.10/site-packages:${PYTHONPATH} /usr/bin/cmake /home/claudio/ros2_ws2/src/ros2_control_demos/example_1 -DCMAKE_INSTALL_PREFIX=/home/claudio/ros2_ws2/install/ros2_control_demo_example_1
[2.682s] Invoking command in '/home/claudio/ros2_ws2/build/ros2_control_demo_example_1': AMENT_PREFIX_PATH=/home/claudio/ros2_ws2/install/ros2_control_demo_testing:/home/claudio/ros2_ws2/install/ros2_control_demo_description:${AMENT_PREFIX_PATH} CMAKE_PREFIX_PATH=/home/claudio/ros2_ws2/install/ros2_control_demo_description:/opt/ros/humble PYTHONPATH=/home/claudio/ros2_ws2/install/ros2_control_demo_testing/lib/python3.10/site-packages:${PYTHONPATH} /usr/bin/cmake --build /home/claudio/ros2_ws2/build/ros2_control_demo_example_1 -- -j16 -l16
[2.714s] [ 50%] [32mBuilding CXX object CMakeFiles/ros2_control_demo_example_1.dir/hardware/rrbot.cpp.o[0m
[5.136s] [100%] [32m[1mLinking CXX shared library libros2_control_demo_example_1.so[0m
[5.291s] [100%] Built target ros2_control_demo_example_1
[5.298s] Invoked command in '/home/claudio/ros2_ws2/build/ros2_control_demo_example_1' returned '0': AMENT_PREFIX_PATH=/home/claudio/ros2_ws2/install/ros2_control_demo_testing:/home/claudio/ros2_ws2/install/ros2_control_demo_description:${AMENT_PREFIX_PATH} CMAKE_PREFIX_PATH=/home/claudio/ros2_ws2/install/ros2_control_demo_description:/opt/ros/humble PYTHONPATH=/home/claudio/ros2_ws2/install/ros2_control_demo_testing/lib/python3.10/site-packages:${PYTHONPATH} /usr/bin/cmake --build /home/claudio/ros2_ws2/build/ros2_control_demo_example_1 -- -j16 -l16
[5.321s] Invoking command in '/home/claudio/ros2_ws2/build/ros2_control_demo_example_1': AMENT_PREFIX_PATH=/home/claudio/ros2_ws2/install/ros2_control_demo_testing:/home/claudio/ros2_ws2/install/ros2_control_demo_description:${AMENT_PREFIX_PATH} CMAKE_PREFIX_PATH=/home/claudio/ros2_ws2/install/ros2_control_demo_description:/opt/ros/humble PYTHONPATH=/home/claudio/ros2_ws2/install/ros2_control_demo_testing/lib/python3.10/site-packages:${PYTHONPATH} /usr/bin/cmake --install /home/claudio/ros2_ws2/build/ros2_control_demo_example_1
[5.325s] -- Install configuration: ""
[5.325s] -- Installing: /home/claudio/ros2_ws2/install/ros2_control_demo_example_1/share/ros2_control_demo_example_1/ros2_control_demo_example_1.xml
[5.325s] -- Installing: /home/claudio/ros2_ws2/install/ros2_control_demo_example_1/include/ros2_control_demo_example_1
[5.325s] -- Installing: /home/claudio/ros2_ws2/install/ros2_control_demo_example_1/include/ros2_control_demo_example_1/ros2_control_demo_example_1
[5.325s] -- Installing: /home/claudio/ros2_ws2/install/ros2_control_demo_example_1/include/ros2_control_demo_example_1/ros2_control_demo_example_1/rrbot.hpp
[5.325s] -- Installing: /home/claudio/ros2_ws2/install/ros2_control_demo_example_1/share/ros2_control_demo_example_1/launch
[5.326s] -- Installing: /home/claudio/ros2_ws2/install/ros2_control_demo_example_1/share/ros2_control_demo_example_1/launch/view_robot.launch.py
[5.326s] -- Installing: /home/claudio/ros2_ws2/install/ros2_control_demo_example_1/share/ros2_control_demo_example_1/ros2_control
[5.326s] -- Installing: /home/claudio/ros2_ws2/install/ros2_control_demo_example_1/share/ros2_control_demo_example_1/ros2_control/rrbot.ros2_control.xacro
[5.326s] -- Installing: /home/claudio/ros2_ws2/install/ros2_control_demo_example_1/share/ros2_control_demo_example_1/urdf
[5.326s] -- Installing: /home/claudio/ros2_ws2/install/ros2_control_demo_example_1/share/ros2_control_demo_example_1/urdf/rrbot.urdf.xacro
[5.327s] -- Up-to-date: /home/claudio/ros2_ws2/install/ros2_control_demo_example_1/share/ros2_control_demo_example_1/launch
[5.327s] -- Installing: /home/claudio/ros2_ws2/install/ros2_control_demo_example_1/share/ros2_control_demo_example_1/launch/rrbot.launch.py
[5.327s] -- Installing: /home/claudio/ros2_ws2/install/ros2_control_demo_example_1/share/ros2_control_demo_example_1/launch/test_joint_trajectory_controller.launch.py
[5.327s] -- Installing: /home/claudio/ros2_ws2/install/ros2_control_demo_example_1/share/ros2_control_demo_example_1/launch/test_forward_position_controller.launch.py
[5.327s] -- Installing: /home/claudio/ros2_ws2/install/ros2_control_demo_example_1/share/ros2_control_demo_example_1/config
[5.327s] -- Installing: /home/claudio/ros2_ws2/install/ros2_control_demo_example_1/share/ros2_control_demo_example_1/config/rrbot_controllers.yaml
[5.327s] -- Installing: /home/claudio/ros2_ws2/install/ros2_control_demo_example_1/share/ros2_control_demo_example_1/config/rrbot_joint_trajectory_publisher.yaml
[5.327s] -- Installing: /home/claudio/ros2_ws2/install/ros2_control_demo_example_1/share/ros2_control_demo_example_1/config/rrbot_forward_position_publisher.yaml
[5.327s] -- Installing: /home/claudio/ros2_ws2/install/ros2_control_demo_example_1/lib/libros2_control_demo_example_1.so
[5.328s] -- Set runtime path of "/home/claudio/ros2_ws2/install/ros2_control_demo_example_1/lib/libros2_control_demo_example_1.so" to ""
[5.328s] -- Installing: /home/claudio/ros2_ws2/install/ros2_control_demo_example_1/share/ros2_control_demo_example_1/environment/library_path.sh
[5.328s] -- Installing: /home/claudio/ros2_ws2/install/ros2_control_demo_example_1/share/ros2_control_demo_example_1/environment/library_path.dsv
[5.328s] -- Installing: /home/claudio/ros2_ws2/install/ros2_control_demo_example_1/share/ament_index/resource_index/package_run_dependencies/ros2_control_demo_example_1
[5.328s] -- Installing: /home/claudio/ros2_ws2/install/ros2_control_demo_example_1/share/ament_index/resource_index/parent_prefix_path/ros2_control_demo_example_1
[5.328s] -- Installing: /home/claudio/ros2_ws2/install/ros2_control_demo_example_1/share/ros2_control_demo_example_1/environment/ament_prefix_path.sh
[5.328s] -- Installing: /home/claudio/ros2_ws2/install/ros2_control_demo_example_1/share/ros2_control_demo_example_1/environment/ament_prefix_path.dsv
[5.328s] -- Installing: /home/claudio/ros2_ws2/install/ros2_control_demo_example_1/share/ros2_control_demo_example_1/environment/path.sh
[5.328s] -- Installing: /home/claudio/ros2_ws2/install/ros2_control_demo_example_1/share/ros2_control_demo_example_1/environment/path.dsv
[5.328s] -- Installing: /home/claudio/ros2_ws2/install/ros2_control_demo_example_1/share/ros2_control_demo_example_1/local_setup.bash
[5.328s] -- Installing: /home/claudio/ros2_ws2/install/ros2_control_demo_example_1/share/ros2_control_demo_example_1/local_setup.sh
[5.329s] -- Installing: /home/claudio/ros2_ws2/install/ros2_control_demo_example_1/share/ros2_control_demo_example_1/local_setup.zsh
[5.329s] -- Installing: /home/claudio/ros2_ws2/install/ros2_control_demo_example_1/share/ros2_control_demo_example_1/local_setup.dsv
[5.329s] -- Installing: /home/claudio/ros2_ws2/install/ros2_control_demo_example_1/share/ros2_control_demo_example_1/package.dsv
[5.329s] -- Installing: /home/claudio/ros2_ws2/install/ros2_control_demo_example_1/share/ament_index/resource_index/packages/ros2_control_demo_example_1
[5.329s] -- Installing: /home/claudio/ros2_ws2/install/ros2_control_demo_example_1/share/ament_index/resource_index/hardware_interface__pluginlib__plugin/ros2_control_demo_example_1
[5.329s] -- Installing: /home/claudio/ros2_ws2/install/ros2_control_demo_example_1/share/ros2_control_demo_example_1/cmake/export_ros2_control_demo_example_1Export.cmake
[5.329s] -- Installing: /home/claudio/ros2_ws2/install/ros2_control_demo_example_1/share/ros2_control_demo_example_1/cmake/export_ros2_control_demo_example_1Export-noconfig.cmake
[5.329s] -- Installing: /home/claudio/ros2_ws2/install/ros2_control_demo_example_1/share/ros2_control_demo_example_1/cmake/ament_cmake_export_targets-extras.cmake
[5.329s] -- Installing: /home/claudio/ros2_ws2/install/ros2_control_demo_example_1/share/ros2_control_demo_example_1/cmake/ament_cmake_export_dependencies-extras.cmake
[5.329s] -- Installing: /home/claudio/ros2_ws2/install/ros2_control_demo_example_1/share/ros2_control_demo_example_1/cmake/ros2_control_demo_example_1Config.cmake
[5.329s] -- Installing: /home/claudio/ros2_ws2/install/ros2_control_demo_example_1/share/ros2_control_demo_example_1/cmake/ros2_control_demo_example_1Config-version.cmake
[5.329s] -- Installing: /home/claudio/ros2_ws2/install/ros2_control_demo_example_1/share/ros2_control_demo_example_1/package.xml
[5.330s] Invoked command in '/home/claudio/ros2_ws2/build/ros2_control_demo_example_1' returned '0': AMENT_PREFIX_PATH=/home/claudio/ros2_ws2/install/ros2_control_demo_testing:/home/claudio/ros2_ws2/install/ros2_control_demo_description:${AMENT_PREFIX_PATH} CMAKE_PREFIX_PATH=/home/claudio/ros2_ws2/install/ros2_control_demo_description:/opt/ros/humble PYTHONPATH=/home/claudio/ros2_ws2/install/ros2_control_demo_testing/lib/python3.10/site-packages:${PYTHONPATH} /usr/bin/cmake --install /home/claudio/ros2_ws2/build/ros2_control_demo_example_1
