[0.191s] Invoking command in '/home/claudio/ros2_ws2/build/ros2_control_demo_example_6': CMAKE_PREFIX_PATH=/home/claudio/ros2_ws2/install/ros2_control_demo_description:/home/claudio/ros2_ws2/install/ros2_control_demo_example_1:/home/claudio/ros2_ws2/install/anymal_d_simple_description:/home/claudio/ros2_ws2/install/ros2_control_demo_testing:/opt/ros/humble /usr/bin/cmake /home/claudio/ros2_ws2/src/ros2_control_demos/example_6 -DCMAKE_INSTALL_PREFIX=/home/claudio/ros2_ws2/install/ros2_control_demo_example_6
[0.246s] -- The CXX compiler identification is GNU 11.4.0
[0.251s] -- Detecting CXX compiler ABI info
[0.322s] -- Detecting CXX compiler ABI info - done
[0.332s] -- Check for working CXX compiler: /usr/bin/c++ - skipped
[0.333s] -- Detecting CXX compile features
[0.333s] -- Detecting CXX compile features - done
[0.335s] -- Found backward_ros: 1.0.2 (/opt/ros/humble/share/backward_ros/cmake)
[0.649s] -- Found Python3: /usr/local/bin/python (found version "3.10.12") found components: Interpreter 
[0.727s] -- Found libdw: /usr/lib/x86_64-linux-gnu/libdw.so  
[0.735s] -- Could NOT find libbfd (missing: LIBBFD_LIBRARY LIBBFD_INCLUDE_DIR) 
[0.735s] -- BACKWARD_HAS_UNWIND=1
[0.735s] -- BACKWARD_HAS_BACKTRACE=0
[0.735s] -- BACKWARD_HAS_BACKTRACE_SYMBOL=0
[0.735s] -- BACKWARD_HAS_DW=1
[0.735s] -- BACKWARD_HAS_BFD=0
[0.735s] -- Found Backward: /opt/ros/humble/share/backward_ros/cmake  
[0.738s] -- Found ament_cmake: 1.3.5 (/opt/ros/humble/share/ament_cmake/cmake)
[0.766s] -- Found hardware_interface: 2.41.0 (/opt/ros/humble/share/hardware_interface/cmake)
[0.802s] -- Found rosidl_generator_c: 3.1.5 (/opt/ros/humble/share/rosidl_generator_c/cmake)
[0.808s] -- Found rosidl_adapter: 3.1.5 (/opt/ros/humble/share/rosidl_adapter/cmake)
[0.818s] -- Found rosidl_generator_cpp: 3.1.5 (/opt/ros/humble/share/rosidl_generator_cpp/cmake)
[0.833s] -- Using all available rosidl_typesupport_c: rosidl_typesupport_fastrtps_c;rosidl_typesupport_introspection_c
[0.856s] -- Using all available rosidl_typesupport_cpp: rosidl_typesupport_fastrtps_cpp;rosidl_typesupport_introspection_cpp
[1.677s] -- Found rmw_implementation_cmake: 6.1.1 (/opt/ros/humble/share/rmw_implementation_cmake/cmake)
[1.679s] -- Found rmw_fastrtps_cpp: 6.2.4 (/opt/ros/humble/share/rmw_fastrtps_cpp/cmake)
[1.759s] -- Found OpenSSL: /usr/lib/x86_64-linux-gnu/libcrypto.so (found version "3.0.2")  
[1.777s] -- Found FastRTPS: /opt/ros/humble/include  
[1.833s] -- Using RMW implementation 'rmw_fastrtps_cpp' as default
[1.845s] -- Looking for C++ include pthread.h
