[0.046s] Invoking command in '/home/claudio/ros2_ws2/build/anymal_d_simple_description': CMAKE_PREFIX_PATH=${CMAKE_PREFIX_PATH}:/opt/ros/humble /usr/bin/cmake --build /home/claudio/ros2_ws2/build/anymal_d_simple_description -- -j16 -l16
[0.062s] -- Found ament_cmake: 1.3.5 (/opt/ros/humble/share/ament_cmake/cmake)
[0.153s] -- Found trajectory_msgs: 4.2.3 (/opt/ros/humble/share/trajectory_msgs/cmake)
[0.168s] -- Found rosidl_generator_c: 3.1.5 (/opt/ros/humble/share/rosidl_generator_c/cmake)
[0.169s] -- Found rosidl_adapter: 3.1.5 (/opt/ros/humble/share/rosidl_adapter/cmake)
[0.172s] -- Found rosidl_generator_cpp: 3.1.5 (/opt/ros/humble/share/rosidl_generator_cpp/cmake)
[0.179s] -- Using all available rosidl_typesupport_c: rosidl_typesupport_fastrtps_c;rosidl_typesupport_introspection_c
[0.188s] -- Using all available rosidl_typesupport_cpp: rosidl_typesupport_fastrtps_cpp;rosidl_typesupport_introspection_cpp
[0.320s] -- Found gazebo_ros2_control: 0.4.9 (/opt/ros/humble/share/gazebo_ros2_control/cmake)
[0.688s] -- Found rmw_implementation_cmake: 6.1.1 (/opt/ros/humble/share/rmw_implementation_cmake/cmake)
[0.691s] -- Found rmw_fastrtps_cpp: 6.2.4 (/opt/ros/humble/share/rmw_fastrtps_cpp/cmake)
[0.765s] -- Found OpenSSL: /usr/lib/x86_64-linux-gnu/libcrypto.so (found version "3.0.2")  
[0.785s] -- Found FastRTPS: /opt/ros/humble/include  
[0.819s] -- Using RMW implementation 'rmw_fastrtps_cpp' as default
[0.828s] -- Looking for pthread.h
[0.911s] -- Looking for pthread.h - found
[0.911s] -- Performing Test CMAKE_HAVE_LIBC_PTHREAD
[0.962s] -- Performing Test CMAKE_HAVE_LIBC_PTHREAD - Success
[0.963s] -- Found Threads: TRUE  
[1.538s] -- Found PkgConfig: /usr/bin/pkg-config (found version "0.29.2") 
[1.539s] -- Checking for module 'bullet>=2.82'
[1.547s] --   Found bullet, version 3.05
[1.614s] -- Found fcl: /usr/include (found suitable version "0.7.0", minimum required is "0.5.0") 
[1.648s] -- Found assimp: /usr/include (found version "5.2.0") 
[1.669s] -- Found DART: /usr/include (Required is at least version "6.6") found components: dart 
[1.691s] -- Found Boost: /usr/lib/x86_64-linux-gnu/cmake/Boost-1.74.0/BoostConfig.cmake (found suitable version "1.74.0", minimum required is "1.40.0") found components: thread system filesystem program_options regex iostreams date_time 
[1.704s] -- Found Protobuf: /usr/lib/x86_64-linux-gnu/libprotobuf.so (found version "3.12.4") 
[1.709s] -- Looking for ignition-math6 -- found version 6.15.0
[1.716s] -- Searching for dependencies of ignition-math6
[1.717s] -- Looking for OGRE...
[1.718s] -- OGRE_PREFIX_WATCH changed.
[1.721s] -- Checking for module 'OGRE'
[1.730s] --   Found OGRE, version 1.9.0
[1.751s] -- Found Ogre Ghadamon (1.9.0)
[1.756s] -- Found OGRE: optimized;/usr/lib/x86_64-linux-gnu/libOgreMain.so;debug;/usr/lib/x86_64-linux-gnu/libOgreMain.so
[1.763s] -- Looking for OGRE_Paging...
[1.766s] -- Found OGRE_Paging: optimized;/usr/lib/x86_64-linux-gnu/libOgrePaging.so;debug;/usr/lib/x86_64-linux-gnu/libOgrePaging.so
[1.766s] -- Looking for OGRE_Terrain...
[1.769s] -- Found OGRE_Terrain: optimized;/usr/lib/x86_64-linux-gnu/libOgreTerrain.so;debug;/usr/lib/x86_64-linux-gnu/libOgreTerrain.so
[1.769s] -- Looking for OGRE_Property...
[1.772s] -- Found OGRE_Property: optimized;/usr/lib/x86_64-linux-gnu/libOgreProperty.so;debug;/usr/lib/x86_64-linux-gnu/libOgreProperty.so
[1.772s] -- Looking for OGRE_RTShaderSystem...
[1.775s] -- Found OGRE_RTShaderSystem: optimized;/usr/lib/x86_64-linux-gnu/libOgreRTShaderSystem.so;debug;/usr/lib/x86_64-linux-gnu/libOgreRTShaderSystem.so
[1.775s] -- Looking for OGRE_Volume...
[1.779s] -- Found OGRE_Volume: optimized;/usr/lib/x86_64-linux-gnu/libOgreVolume.so;debug;/usr/lib/x86_64-linux-gnu/libOgreVolume.so
[1.779s] -- Looking for OGRE_Overlay...
[1.782s] -- Found OGRE_Overlay: optimized;/usr/lib/x86_64-linux-gnu/libOgreOverlay.so;debug;/usr/lib/x86_64-linux-gnu/libOgreOverlay.so
[1.848s] -- Looking for ignition-math6 -- found version 6.15.0
[1.852s] -- Looking for ignition-transport8 -- found version 8.2.1
[1.852s] -- Searching for dependencies of ignition-transport8
[1.864s] -- Found Protobuf: /usr/lib/x86_64-linux-gnu/libprotobuf.so (found suitable version "3.12.4", minimum required is "3") 
[1.871s] -- Config-file not installed for ZeroMQ -- checking for pkg-config
[1.874s] -- Checking for module 'libzmq >= 4'
[1.885s] --   Found libzmq , version 4.3.4
[1.909s] -- Found ZeroMQ: TRUE (Required is at least version "4") 
[1.913s] -- Checking for module 'uuid'
[1.922s] --   Found uuid, version 2.37.2
[1.943s] -- Found UUID: TRUE  
[1.945s] -- Looking for ignition-msgs5 -- found version 5.8.1
[1.945s] -- Searching for dependencies of ignition-msgs5
[1.956s] -- Looking for ignition-math6 -- found version 6.15.0
[1.960s] -- Checking for module 'tinyxml2'
[1.968s] --   Found tinyxml2, version 9.0.0
[1.989s] -- Looking for ignition-msgs5 -- found version 5.8.1
[1.991s] -- Looking for ignition-common3 -- found version 3.14.0
[1.991s] -- Searching for dependencies of ignition-common3
[1.991s] -- Looking for dlfcn.h - found
[1.992s] -- Looking for libdl - found
[1.993s] -- Found DL: TRUE  
[2.000s] -- Found tinyobjloader: /usr/lib/x86_64-linux-gnu/cmake/tinyobjloader/tinyobjloader-config.cmake (found version "2.0.0") 
[2.001s] -- Searching for <ignition-common3> component [graphics]
[2.002s] -- Looking for ignition-common3-graphics -- found version 3.14.0
[2.002s] -- Searching for dependencies of ignition-common3-graphics
[2.003s] -- Looking for ignition-math6 -- found version 6.15.0
[2.005s] -- Looking for ignition-fuel_tools4 -- found version 4.4.0
[2.005s] -- Searching for dependencies of ignition-fuel_tools4
[2.053s] -- Found CURL: /usr/lib/x86_64-linux-gnu/libcurl.so (found version "7.81.0")  
[2.058s] -- Checking for module 'jsoncpp'
[2.066s] --   Found jsoncpp, version 1.9.5
[2.086s] -- Found JSONCPP: TRUE  
[2.090s] -- Checking for module 'libzip'
[2.098s] --   Found libzip, version 1.7.3
[2.117s] -- Found ZIP: TRUE  
[2.118s] -- Looking for ignition-common3 -- found version 3.14.0
[2.118s] -- Looking for ignition-math6 -- found version 6.15.0
[2.118s] -- Looking for ignition-msgs5 -- found version 5.8.1
[2.122s] -- Gazebo version: 11.10
[2.122s] -- Checking for module 'tbb'
[2.130s] --   Found tbb, version 2021.5.0
[2.334s] -- Configuring done
[2.337s] -- Generating done
[2.339s] -- Build files have been written to: /home/claudio/ros2_ws2/build/anymal_d_simple_description
[2.364s] Invoked command in '/home/claudio/ros2_ws2/build/anymal_d_simple_description' returned '0': CMAKE_PREFIX_PATH=${CMAKE_PREFIX_PATH}:/opt/ros/humble /usr/bin/cmake --build /home/claudio/ros2_ws2/build/anymal_d_simple_description -- -j16 -l16
[2.409s] Invoking command in '/home/claudio/ros2_ws2/build/anymal_d_simple_description': CMAKE_PREFIX_PATH=${CMAKE_PREFIX_PATH}:/opt/ros/humble /usr/bin/cmake --install /home/claudio/ros2_ws2/build/anymal_d_simple_description
[2.416s] -- Install configuration: ""
[2.416s] -- Up-to-date: /home/claudio/ros2_ws2/install/anymal_d_simple_description/share/anymal_d_simple_description/config
[2.416s] -- Up-to-date: /home/claudio/ros2_ws2/install/anymal_d_simple_description/share/anymal_d_simple_description/config/initial_positions.yaml
[2.416s] -- Up-to-date: /home/claudio/ros2_ws2/install/anymal_d_simple_description/share/anymal_d_simple_description/config/rviz
[2.416s] -- Up-to-date: /home/claudio/ros2_ws2/install/anymal_d_simple_description/share/anymal_d_simple_description/config/rviz/standing.rviz
[2.416s] -- Up-to-date: /home/claudio/ros2_ws2/install/anymal_d_simple_description/share/anymal_d_simple_description/config/pos_controller.yaml
[2.416s] -- Up-to-date: /home/claudio/ros2_ws2/install/anymal_d_simple_description/share/anymal_d_simple_description/launch
[2.416s] -- Up-to-date: /home/claudio/ros2_ws2/install/anymal_d_simple_description/share/anymal_d_simple_description/launch/launch_anymal_d.launch.py
[2.416s] -- Up-to-date: /home/claudio/ros2_ws2/install/anymal_d_simple_description/share/anymal_d_simple_description/meshes
[2.416s] -- Up-to-date: /home/claudio/ros2_ws2/install/anymal_d_simple_description/share/anymal_d_simple_description/meshes/battery.jpg
[2.416s] -- Up-to-date: /home/claudio/ros2_ws2/install/anymal_d_simple_description/share/anymal_d_simple_description/meshes/drive.jpg
[2.416s] -- Up-to-date: /home/claudio/ros2_ws2/install/anymal_d_simple_description/share/anymal_d_simple_description/meshes/mount.dae
[2.416s] -- Up-to-date: /home/claudio/ros2_ws2/install/anymal_d_simple_description/share/anymal_d_simple_description/meshes/hip.jpg
[2.416s] -- Up-to-date: /home/claudio/ros2_ws2/install/anymal_d_simple_description/share/anymal_d_simple_description/meshes/tilt.jpg
[2.416s] -- Up-to-date: /home/claudio/ros2_ws2/install/anymal_d_simple_description/share/anymal_d_simple_description/meshes/docking_socket.dae
[2.416s] -- Up-to-date: /home/claudio/ros2_ws2/install/anymal_d_simple_description/share/anymal_d_simple_description/meshes/shank_l.dae
[2.416s] -- Up-to-date: /home/claudio/ros2_ws2/install/anymal_d_simple_description/share/anymal_d_simple_description/meshes/docking_socket.jpg
[2.416s] -- Up-to-date: /home/claudio/ros2_ws2/install/anymal_d_simple_description/share/anymal_d_simple_description/meshes/shank.jpg
[2.416s] -- Up-to-date: /home/claudio/ros2_ws2/install/anymal_d_simple_description/share/anymal_d_simple_description/meshes/battery.dae
[2.417s] -- Up-to-date: /home/claudio/ros2_ws2/install/anymal_d_simple_description/share/anymal_d_simple_description/meshes/lidar_guard.dae
[2.417s] -- Up-to-date: /home/claudio/ros2_ws2/install/anymal_d_simple_description/share/anymal_d_simple_description/meshes/mount.jpg
[2.417s] -- Up-to-date: /home/claudio/ros2_ws2/install/anymal_d_simple_description/share/anymal_d_simple_description/meshes/hip.dae
[2.417s] -- Up-to-date: /home/claudio/ros2_ws2/install/anymal_d_simple_description/share/anymal_d_simple_description/meshes/face_shell.dae
[2.417s] -- Up-to-date: /home/claudio/ros2_ws2/install/anymal_d_simple_description/share/anymal_d_simple_description/meshes/pan.jpg
[2.417s] -- Up-to-date: /home/claudio/ros2_ws2/install/anymal_d_simple_description/share/anymal_d_simple_description/meshes/base.jpg
[2.417s] -- Up-to-date: /home/claudio/ros2_ws2/install/anymal_d_simple_description/share/anymal_d_simple_description/meshes/shank_r.dae
[2.417s] -- Up-to-date: /home/claudio/ros2_ws2/install/anymal_d_simple_description/share/anymal_d_simple_description/meshes/face_shell.jpg
[2.417s] -- Up-to-date: /home/claudio/ros2_ws2/install/anymal_d_simple_description/share/anymal_d_simple_description/meshes/tilt.dae
[2.417s] -- Up-to-date: /home/claudio/ros2_ws2/install/anymal_d_simple_description/share/anymal_d_simple_description/meshes/thigh.jpg
[2.417s] -- Up-to-date: /home/claudio/ros2_ws2/install/anymal_d_simple_description/share/anymal_d_simple_description/meshes/lidar.jpg
[2.417s] -- Up-to-date: /home/claudio/ros2_ws2/install/anymal_d_simple_description/share/anymal_d_simple_description/meshes/lidar.dae
[2.417s] -- Up-to-date: /home/claudio/ros2_ws2/install/anymal_d_simple_description/share/anymal_d_simple_description/meshes/foot.dae
[2.417s] -- Up-to-date: /home/claudio/ros2_ws2/install/anymal_d_simple_description/share/anymal_d_simple_description/meshes/foot.jpg
[2.417s] -- Up-to-date: /home/claudio/ros2_ws2/install/anymal_d_simple_description/share/anymal_d_simple_description/meshes/bottom_shell.jpg
[2.417s] -- Up-to-date: /home/claudio/ros2_ws2/install/anymal_d_simple_description/share/anymal_d_simple_description/meshes/base.dae
[2.417s] -- Up-to-date: /home/claudio/ros2_ws2/install/anymal_d_simple_description/share/anymal_d_simple_description/meshes/hatch.jpg
[2.417s] -- Up-to-date: /home/claudio/ros2_ws2/install/anymal_d_simple_description/share/anymal_d_simple_description/meshes/top_shell.dae
[2.417s] -- Up-to-date: /home/claudio/ros2_ws2/install/anymal_d_simple_description/share/anymal_d_simple_description/meshes/hatch.dae
[2.417s] -- Up-to-date: /home/claudio/ros2_ws2/install/anymal_d_simple_description/share/anymal_d_simple_description/meshes/bottom_shell.dae
[2.417s] -- Up-to-date: /home/claudio/ros2_ws2/install/anymal_d_simple_description/share/anymal_d_simple_description/meshes/drive.dae
[2.417s] -- Up-to-date: /home/claudio/ros2_ws2/install/anymal_d_simple_description/share/anymal_d_simple_description/meshes/top_shell.jpg
[2.417s] -- Up-to-date: /home/claudio/ros2_ws2/install/anymal_d_simple_description/share/anymal_d_simple_description/meshes/lidar_guard.jpg
[2.417s] -- Up-to-date: /home/claudio/ros2_ws2/install/anymal_d_simple_description/share/anymal_d_simple_description/meshes/thigh.dae
[2.418s] -- Up-to-date: /home/claudio/ros2_ws2/install/anymal_d_simple_description/share/anymal_d_simple_description/meshes/pan.dae
[2.418s] -- Up-to-date: /home/claudio/ros2_ws2/install/anymal_d_simple_description/share/anymal_d_simple_description/urdf
[2.418s] -- Up-to-date: /home/claudio/ros2_ws2/install/anymal_d_simple_description/share/anymal_d_simple_description/urdf/anymal.urdf
[2.418s] -- Up-to-date: /home/claudio/ros2_ws2/install/anymal_d_simple_description/share/ament_index/resource_index/package_run_dependencies/anymal_d_simple_description
[2.418s] -- Up-to-date: /home/claudio/ros2_ws2/install/anymal_d_simple_description/share/ament_index/resource_index/parent_prefix_path/anymal_d_simple_description
[2.418s] -- Up-to-date: /home/claudio/ros2_ws2/install/anymal_d_simple_description/share/anymal_d_simple_description/environment/ament_prefix_path.sh
[2.418s] -- Installing: /home/claudio/ros2_ws2/install/anymal_d_simple_description/share/anymal_d_simple_description/environment/ament_prefix_path.dsv
[2.418s] -- Up-to-date: /home/claudio/ros2_ws2/install/anymal_d_simple_description/share/anymal_d_simple_description/environment/path.sh
[2.418s] -- Installing: /home/claudio/ros2_ws2/install/anymal_d_simple_description/share/anymal_d_simple_description/environment/path.dsv
[2.418s] -- Up-to-date: /home/claudio/ros2_ws2/install/anymal_d_simple_description/share/anymal_d_simple_description/local_setup.bash
[2.418s] -- Up-to-date: /home/claudio/ros2_ws2/install/anymal_d_simple_description/share/anymal_d_simple_description/local_setup.sh
[2.418s] -- Up-to-date: /home/claudio/ros2_ws2/install/anymal_d_simple_description/share/anymal_d_simple_description/local_setup.zsh
[2.418s] -- Installing: /home/claudio/ros2_ws2/install/anymal_d_simple_description/share/anymal_d_simple_description/local_setup.dsv
[2.418s] -- Installing: /home/claudio/ros2_ws2/install/anymal_d_simple_description/share/anymal_d_simple_description/package.dsv
[2.418s] -- Up-to-date: /home/claudio/ros2_ws2/install/anymal_d_simple_description/share/ament_index/resource_index/packages/anymal_d_simple_description
[2.418s] -- Up-to-date: /home/claudio/ros2_ws2/install/anymal_d_simple_description/share/anymal_d_simple_description/cmake/anymal_d_simple_descriptionConfig.cmake
[2.418s] -- Up-to-date: /home/claudio/ros2_ws2/install/anymal_d_simple_description/share/anymal_d_simple_description/cmake/anymal_d_simple_descriptionConfig-version.cmake
[2.418s] -- Up-to-date: /home/claudio/ros2_ws2/install/anymal_d_simple_description/share/anymal_d_simple_description/package.xml
[2.419s] Invoked command in '/home/claudio/ros2_ws2/build/anymal_d_simple_description' returned '0': CMAKE_PREFIX_PATH=${CMAKE_PREFIX_PATH}:/opt/ros/humble /usr/bin/cmake --install /home/claudio/ros2_ws2/build/anymal_d_simple_description
