[0.046s] Invoking command in '/home/claudio/ros2_ws2/build/anymal_d_simple_description': CMAKE_PREFIX_PATH=${CMAKE_PREFIX_PATH}:/opt/ros/humble CONDA_PROMPT_MODIFIER=(env_T) PS1=(env_T) \[\e]0;\u@\h: \w\a\]${debian_chroot:+($debian_chroot)}\[\033[01;32m\]\u@\h\[\033[00m\]:\[\033[01;34m\]\w\[\033[00m\]\$ /usr/bin/cmake /home/claudio/ros2_ws2/src/anymal_d_simple_description -DCMAKE_INSTALL_PREFIX=/home/claudio/ros2_ws2/install/anymal_d_simple_description
[0.167s] -- The C compiler identification is GNU 11.4.0
[0.252s] -- The CXX compiler identification is GNU 11.4.0
[0.258s] -- Detecting C compiler ABI info
[0.349s] -- Detecting C compiler ABI info - done
[0.355s] -- Check for working C compiler: /usr/bin/cc - skipped
[0.355s] -- Detecting C compile features
[0.355s] -- Detecting C compile features - done
[0.358s] -- Detecting CXX compiler ABI info
[0.437s] -- Detecting CXX compiler ABI info - done
[0.441s] -- Check for working CXX compiler: /usr/bin/c++ - skipped
[0.442s] -- Detecting CXX compile features
[0.442s] -- Detecting CXX compile features - done
[0.445s] -- Found ament_cmake: 1.3.5 (/opt/ros/humble/share/ament_cmake/cmake)
[0.706s] -- Found Python3: /usr/bin/python3.10 (found version "3.10.12") found components: Interpreter 
[0.835s] -- Configuring done
[0.836s] -- Generating done
[0.837s] -- Build files have been written to: /home/claudio/ros2_ws2/build/anymal_d_simple_description
[0.840s] Invoked command in '/home/claudio/ros2_ws2/build/anymal_d_simple_description' returned '0': CMAKE_PREFIX_PATH=${CMAKE_PREFIX_PATH}:/opt/ros/humble CONDA_PROMPT_MODIFIER=(env_T) PS1=(env_T) \[\e]0;\u@\h: \w\a\]${debian_chroot:+($debian_chroot)}\[\033[01;32m\]\u@\h\[\033[00m\]:\[\033[01;34m\]\w\[\033[00m\]\$ /usr/bin/cmake /home/claudio/ros2_ws2/src/anymal_d_simple_description -DCMAKE_INSTALL_PREFIX=/home/claudio/ros2_ws2/install/anymal_d_simple_description
[0.841s] Invoking command in '/home/claudio/ros2_ws2/build/anymal_d_simple_description': CMAKE_PREFIX_PATH=${CMAKE_PREFIX_PATH}:/opt/ros/humble CONDA_PROMPT_MODIFIER=(env_T) PS1=(env_T) \[\e]0;\u@\h: \w\a\]${debian_chroot:+($debian_chroot)}\[\033[01;32m\]\u@\h\[\033[00m\]:\[\033[01;34m\]\w\[\033[00m\]\$ /usr/bin/cmake --build /home/claudio/ros2_ws2/build/anymal_d_simple_description -- -j16 -l16
[0.867s] Invoked command in '/home/claudio/ros2_ws2/build/anymal_d_simple_description' returned '0': CMAKE_PREFIX_PATH=${CMAKE_PREFIX_PATH}:/opt/ros/humble CONDA_PROMPT_MODIFIER=(env_T) PS1=(env_T) \[\e]0;\u@\h: \w\a\]${debian_chroot:+($debian_chroot)}\[\033[01;32m\]\u@\h\[\033[00m\]:\[\033[01;34m\]\w\[\033[00m\]\$ /usr/bin/cmake --build /home/claudio/ros2_ws2/build/anymal_d_simple_description -- -j16 -l16
[0.912s] Invoking command in '/home/claudio/ros2_ws2/build/anymal_d_simple_description': CMAKE_PREFIX_PATH=${CMAKE_PREFIX_PATH}:/opt/ros/humble CONDA_PROMPT_MODIFIER=(env_T) PS1=(env_T) \[\e]0;\u@\h: \w\a\]${debian_chroot:+($debian_chroot)}\[\033[01;32m\]\u@\h\[\033[00m\]:\[\033[01;34m\]\w\[\033[00m\]\$ /usr/bin/cmake --install /home/claudio/ros2_ws2/build/anymal_d_simple_description
[0.921s] -- Install configuration: ""
[0.921s] -- Installing: /home/claudio/ros2_ws2/install/anymal_d_simple_description/share/anymal_d_simple_description/config
[0.922s] -- Installing: /home/claudio/ros2_ws2/install/anymal_d_simple_description/share/anymal_d_simple_description/config/rviz
[0.922s] -- Installing: /home/claudio/ros2_ws2/install/anymal_d_simple_description/share/anymal_d_simple_description/config/rviz/standing.rviz
[0.923s] -- Installing: /home/claudio/ros2_ws2/install/anymal_d_simple_description/share/anymal_d_simple_description/launch
[0.923s] -- Installing: /home/claudio/ros2_ws2/install/anymal_d_simple_description/share/anymal_d_simple_description/launch/launch_anymal_d.launch.py
[0.923s] -- Installing: /home/claudio/ros2_ws2/install/anymal_d_simple_description/share/anymal_d_simple_description/meshes
[0.923s] -- Installing: /home/claudio/ros2_ws2/install/anymal_d_simple_description/share/anymal_d_simple_description/meshes/battery.jpg
[0.923s] -- Installing: /home/claudio/ros2_ws2/install/anymal_d_simple_description/share/anymal_d_simple_description/meshes/drive.jpg
[0.924s] -- Installing: /home/claudio/ros2_ws2/install/anymal_d_simple_description/share/anymal_d_simple_description/meshes/mount.dae
[0.924s] -- Installing: /home/claudio/ros2_ws2/install/anymal_d_simple_description/share/anymal_d_simple_description/meshes/hip.jpg
[0.924s] -- Installing: /home/claudio/ros2_ws2/install/anymal_d_simple_description/share/anymal_d_simple_description/meshes/tilt.jpg
[0.924s] -- Installing: /home/claudio/ros2_ws2/install/anymal_d_simple_description/share/anymal_d_simple_description/meshes/docking_socket.dae
[0.924s] -- Installing: /home/claudio/ros2_ws2/install/anymal_d_simple_description/share/anymal_d_simple_description/meshes/shank_l.dae
[0.925s] -- Installing: /home/claudio/ros2_ws2/install/anymal_d_simple_description/share/anymal_d_simple_description/meshes/docking_socket.jpg
[0.925s] -- Installing: /home/claudio/ros2_ws2/install/anymal_d_simple_description/share/anymal_d_simple_description/meshes/shank.jpg
[0.925s] -- Installing: /home/claudio/ros2_ws2/install/anymal_d_simple_description/share/anymal_d_simple_description/meshes/battery.dae
[0.925s] -- Installing: /home/claudio/ros2_ws2/install/anymal_d_simple_description/share/anymal_d_simple_description/meshes/lidar_guard.dae
[0.925s] -- Installing: /home/claudio/ros2_ws2/install/anymal_d_simple_description/share/anymal_d_simple_description/meshes/mount.jpg
[0.926s] -- Installing: /home/claudio/ros2_ws2/install/anymal_d_simple_description/share/anymal_d_simple_description/meshes/hip.dae
[0.926s] -- Installing: /home/claudio/ros2_ws2/install/anymal_d_simple_description/share/anymal_d_simple_description/meshes/face_shell.dae
[0.926s] -- Installing: /home/claudio/ros2_ws2/install/anymal_d_simple_description/share/anymal_d_simple_description/meshes/pan.jpg
[0.926s] -- Installing: /home/claudio/ros2_ws2/install/anymal_d_simple_description/share/anymal_d_simple_description/meshes/base.jpg
[0.927s] -- Installing: /home/claudio/ros2_ws2/install/anymal_d_simple_description/share/anymal_d_simple_description/meshes/shank_r.dae
[0.927s] -- Installing: /home/claudio/ros2_ws2/install/anymal_d_simple_description/share/anymal_d_simple_description/meshes/face_shell.jpg
[0.928s] -- Installing: /home/claudio/ros2_ws2/install/anymal_d_simple_description/share/anymal_d_simple_description/meshes/tilt.dae
[0.928s] -- Installing: /home/claudio/ros2_ws2/install/anymal_d_simple_description/share/anymal_d_simple_description/meshes/thigh.jpg
[0.928s] -- Installing: /home/claudio/ros2_ws2/install/anymal_d_simple_description/share/anymal_d_simple_description/meshes/lidar.jpg
[0.928s] -- Installing: /home/claudio/ros2_ws2/install/anymal_d_simple_description/share/anymal_d_simple_description/meshes/lidar.dae
[0.928s] -- Installing: /home/claudio/ros2_ws2/install/anymal_d_simple_description/share/anymal_d_simple_description/meshes/foot.dae
[0.928s] -- Installing: /home/claudio/ros2_ws2/install/anymal_d_simple_description/share/anymal_d_simple_description/meshes/foot.jpg
[0.928s] -- Installing: /home/claudio/ros2_ws2/install/anymal_d_simple_description/share/anymal_d_simple_description/meshes/bottom_shell.jpg
[0.928s] -- Installing: /home/claudio/ros2_ws2/install/anymal_d_simple_description/share/anymal_d_simple_description/meshes/base.dae
[0.929s] -- Installing: /home/claudio/ros2_ws2/install/anymal_d_simple_description/share/anymal_d_simple_description/meshes/hatch.jpg
[0.929s] -- Installing: /home/claudio/ros2_ws2/install/anymal_d_simple_description/share/anymal_d_simple_description/meshes/top_shell.dae
[0.929s] -- Installing: /home/claudio/ros2_ws2/install/anymal_d_simple_description/share/anymal_d_simple_description/meshes/hatch.dae
[0.929s] -- Installing: /home/claudio/ros2_ws2/install/anymal_d_simple_description/share/anymal_d_simple_description/meshes/bottom_shell.dae
[0.930s] -- Installing: /home/claudio/ros2_ws2/install/anymal_d_simple_description/share/anymal_d_simple_description/meshes/drive.dae
[0.930s] -- Installing: /home/claudio/ros2_ws2/install/anymal_d_simple_description/share/anymal_d_simple_description/meshes/top_shell.jpg
[0.930s] -- Installing: /home/claudio/ros2_ws2/install/anymal_d_simple_description/share/anymal_d_simple_description/meshes/lidar_guard.jpg
[0.930s] -- Installing: /home/claudio/ros2_ws2/install/anymal_d_simple_description/share/anymal_d_simple_description/meshes/thigh.dae
[0.930s] -- Installing: /home/claudio/ros2_ws2/install/anymal_d_simple_description/share/anymal_d_simple_description/meshes/pan.dae
[0.930s] -- Installing: /home/claudio/ros2_ws2/install/anymal_d_simple_description/share/anymal_d_simple_description/urdf
[0.930s] -- Installing: /home/claudio/ros2_ws2/install/anymal_d_simple_description/share/anymal_d_simple_description/urdf/anymal.urdf
[0.930s] -- Installing: /home/claudio/ros2_ws2/install/anymal_d_simple_description/share/ament_index/resource_index/package_run_dependencies/anymal_d_simple_description
[0.930s] -- Installing: /home/claudio/ros2_ws2/install/anymal_d_simple_description/share/ament_index/resource_index/parent_prefix_path/anymal_d_simple_description
[0.931s] -- Installing: /home/claudio/ros2_ws2/install/anymal_d_simple_description/share/anymal_d_simple_description/environment/ament_prefix_path.sh
[0.931s] -- Installing: /home/claudio/ros2_ws2/install/anymal_d_simple_description/share/anymal_d_simple_description/environment/ament_prefix_path.dsv
[0.931s] -- Installing: /home/claudio/ros2_ws2/install/anymal_d_simple_description/share/anymal_d_simple_description/environment/path.sh
[0.931s] -- Installing: /home/claudio/ros2_ws2/install/anymal_d_simple_description/share/anymal_d_simple_description/environment/path.dsv
[0.931s] -- Installing: /home/claudio/ros2_ws2/install/anymal_d_simple_description/share/anymal_d_simple_description/local_setup.bash
[0.931s] -- Installing: /home/claudio/ros2_ws2/install/anymal_d_simple_description/share/anymal_d_simple_description/local_setup.sh
[0.931s] -- Installing: /home/claudio/ros2_ws2/install/anymal_d_simple_description/share/anymal_d_simple_description/local_setup.zsh
[0.931s] -- Installing: /home/claudio/ros2_ws2/install/anymal_d_simple_description/share/anymal_d_simple_description/local_setup.dsv
[0.931s] -- Installing: /home/claudio/ros2_ws2/install/anymal_d_simple_description/share/anymal_d_simple_description/package.dsv
[0.931s] -- Installing: /home/claudio/ros2_ws2/install/anymal_d_simple_description/share/ament_index/resource_index/packages/anymal_d_simple_description
[0.931s] -- Installing: /home/claudio/ros2_ws2/install/anymal_d_simple_description/share/anymal_d_simple_description/cmake/anymal_d_simple_descriptionConfig.cmake
[0.931s] -- Installing: /home/claudio/ros2_ws2/install/anymal_d_simple_description/share/anymal_d_simple_description/cmake/anymal_d_simple_descriptionConfig-version.cmake
[0.931s] -- Installing: /home/claudio/ros2_ws2/install/anymal_d_simple_description/share/anymal_d_simple_description/package.xml
[0.932s] Invoked command in '/home/claudio/ros2_ws2/build/anymal_d_simple_description' returned '0': CMAKE_PREFIX_PATH=${CMAKE_PREFIX_PATH}:/opt/ros/humble CONDA_PROMPT_MODIFIER=(env_T) PS1=(env_T) \[\e]0;\u@\h: \w\a\]${debian_chroot:+($debian_chroot)}\[\033[01;32m\]\u@\h\[\033[00m\]:\[\033[01;34m\]\w\[\033[00m\]\$ /usr/bin/cmake --install /home/claudio/ros2_ws2/build/anymal_d_simple_description
