[0.670s] DEBUG:colcon:Command line arguments: ['/usr/bin/colcon', 'build']
[0.670s] DEBUG:colcon:Parsed command line arguments: Namespace(log_base=None, log_level=None, verb_name='build', build_base='build', install_base='install', merge_install=False, symlink_install=False, test_result_base=None, continue_on_error=False, executor='parallel', parallel_workers=16, event_handlers=None, ignore_user_meta=False, metas=['./colcon.meta'], base_paths=['.'], packages_ignore=None, packages_ignore_regex=None, paths=None, packages_up_to=None, packages_up_to_regex=None, packages_above=None, packages_above_and_dependencies=None, packages_above_depth=None, packages_select_by_dep=None, packages_skip_by_dep=None, packages_skip_up_to=None, packages_select_build_failed=False, packages_skip_build_finished=False, packages_select_test_failures=False, packages_skip_test_passed=False, packages_select=None, packages_skip=None, packages_select_regex=None, packages_skip_regex=None, packages_start=None, packages_end=None, allow_overriding=[], cmake_args=None, cmake_target=None, cmake_target_skip_unavailable=False, cmake_clean_cache=False, cmake_clean_first=False, cmake_force_configure=False, ament_cmake_args=None, catkin_cmake_args=None, catkin_skip_building_tests=False, verb_parser=<colcon_defaults.argument_parser.defaults.DefaultArgumentsDecorator object at 0x740a4a4d7190>, verb_extension=<colcon_core.verb.build.BuildVerb object at 0x740a4a4d6c80>, main=<bound method BuildVerb.main of <colcon_core.verb.build.BuildVerb object at 0x740a4a4d6c80>>)
[0.707s] Level 1:colcon.colcon_core.package_discovery:discover_packages(colcon_meta) check parameters
[0.707s] Level 1:colcon.colcon_core.package_discovery:discover_packages(recursive) check parameters
[0.707s] Level 1:colcon.colcon_core.package_discovery:discover_packages(ignore) check parameters
[0.707s] Level 1:colcon.colcon_core.package_discovery:discover_packages(path) check parameters
[0.707s] Level 1:colcon.colcon_core.package_discovery:discover_packages(colcon_meta) discover
[0.707s] Level 1:colcon.colcon_core.package_discovery:discover_packages(recursive) discover
[0.707s] INFO:colcon.colcon_core.package_discovery:Crawling recursively for packages in '/home/claudio/ros2_ws2'
[0.707s] Level 1:colcon.colcon_core.package_identification:_identify(.) by extensions ['ignore', 'ignore_ament_install']
[0.707s] Level 1:colcon.colcon_core.package_identification:_identify(.) by extension 'ignore'
[0.707s] Level 1:colcon.colcon_core.package_identification:_identify(.) by extension 'ignore_ament_install'
[0.707s] Level 1:colcon.colcon_core.package_identification:_identify(.) by extensions ['colcon_pkg']
[0.707s] Level 1:colcon.colcon_core.package_identification:_identify(.) by extension 'colcon_pkg'
[0.707s] Level 1:colcon.colcon_core.package_identification:_identify(.) by extensions ['colcon_meta']
[0.707s] Level 1:colcon.colcon_core.package_identification:_identify(.) by extension 'colcon_meta'
[0.707s] Level 1:colcon.colcon_core.package_identification:_identify(.) by extensions ['ros']
[0.707s] Level 1:colcon.colcon_core.package_identification:_identify(.) by extension 'ros'
[0.721s] Level 1:colcon.colcon_core.package_identification:_identify(.) by extensions ['cmake', 'python']
[0.721s] Level 1:colcon.colcon_core.package_identification:_identify(.) by extension 'cmake'
[0.721s] Level 1:colcon.colcon_core.package_identification:_identify(.) by extension 'python'
[0.721s] Level 1:colcon.colcon_core.package_identification:_identify(.) by extensions ['python_setup_py']
[0.721s] Level 1:colcon.colcon_core.package_identification:_identify(.) by extension 'python_setup_py'
[0.721s] Level 1:colcon.colcon_core.package_identification:_identify(build) by extensions ['ignore', 'ignore_ament_install']
[0.721s] Level 1:colcon.colcon_core.package_identification:_identify(build) by extension 'ignore'
[0.721s] Level 1:colcon.colcon_core.package_identification:_identify(build) ignored
[0.721s] Level 1:colcon.colcon_core.package_identification:_identify(install) by extensions ['ignore', 'ignore_ament_install']
[0.721s] Level 1:colcon.colcon_core.package_identification:_identify(install) by extension 'ignore'
[0.722s] Level 1:colcon.colcon_core.package_identification:_identify(install) ignored
[0.722s] Level 1:colcon.colcon_core.package_identification:_identify(log) by extensions ['ignore', 'ignore_ament_install']
[0.722s] Level 1:colcon.colcon_core.package_identification:_identify(log) by extension 'ignore'
[0.722s] Level 1:colcon.colcon_core.package_identification:_identify(log) ignored
[0.722s] Level 1:colcon.colcon_core.package_identification:_identify(src) by extensions ['ignore', 'ignore_ament_install']
[0.722s] Level 1:colcon.colcon_core.package_identification:_identify(src) by extension 'ignore'
[0.722s] Level 1:colcon.colcon_core.package_identification:_identify(src) by extension 'ignore_ament_install'
[0.722s] Level 1:colcon.colcon_core.package_identification:_identify(src) by extensions ['colcon_pkg']
[0.722s] Level 1:colcon.colcon_core.package_identification:_identify(src) by extension 'colcon_pkg'
[0.722s] Level 1:colcon.colcon_core.package_identification:_identify(src) by extensions ['colcon_meta']
[0.722s] Level 1:colcon.colcon_core.package_identification:_identify(src) by extension 'colcon_meta'
[0.722s] Level 1:colcon.colcon_core.package_identification:_identify(src) by extensions ['ros']
[0.722s] Level 1:colcon.colcon_core.package_identification:_identify(src) by extension 'ros'
[0.722s] Level 1:colcon.colcon_core.package_identification:_identify(src) by extensions ['cmake', 'python']
[0.722s] Level 1:colcon.colcon_core.package_identification:_identify(src) by extension 'cmake'
[0.722s] Level 1:colcon.colcon_core.package_identification:_identify(src) by extension 'python'
[0.722s] Level 1:colcon.colcon_core.package_identification:_identify(src) by extensions ['python_setup_py']
[0.722s] Level 1:colcon.colcon_core.package_identification:_identify(src) by extension 'python_setup_py'
[0.722s] Level 1:colcon.colcon_core.package_identification:_identify(src/anymal_d_simple_description) by extensions ['ignore', 'ignore_ament_install']
[0.722s] Level 1:colcon.colcon_core.package_identification:_identify(src/anymal_d_simple_description) by extension 'ignore'
[0.722s] Level 1:colcon.colcon_core.package_identification:_identify(src/anymal_d_simple_description) by extension 'ignore_ament_install'
[0.722s] Level 1:colcon.colcon_core.package_identification:_identify(src/anymal_d_simple_description) by extensions ['colcon_pkg']
[0.722s] Level 1:colcon.colcon_core.package_identification:_identify(src/anymal_d_simple_description) by extension 'colcon_pkg'
[0.722s] Level 1:colcon.colcon_core.package_identification:_identify(src/anymal_d_simple_description) by extensions ['colcon_meta']
[0.722s] Level 1:colcon.colcon_core.package_identification:_identify(src/anymal_d_simple_description) by extension 'colcon_meta'
[0.722s] Level 1:colcon.colcon_core.package_identification:_identify(src/anymal_d_simple_description) by extensions ['ros']
[0.722s] Level 1:colcon.colcon_core.package_identification:_identify(src/anymal_d_simple_description) by extension 'ros'
[0.724s] DEBUG:colcon.colcon_core.package_identification:Package 'src/anymal_d_simple_description' with type 'ros.ament_cmake' and name 'anymal_d_simple_description'
[0.724s] Level 1:colcon.colcon_core.package_discovery:discover_packages(recursive) using defaults
[0.724s] Level 1:colcon.colcon_core.package_discovery:discover_packages(ignore) discover
[0.724s] Level 1:colcon.colcon_core.package_discovery:discover_packages(ignore) using defaults
[0.724s] Level 1:colcon.colcon_core.package_discovery:discover_packages(path) discover
[0.724s] Level 1:colcon.colcon_core.package_discovery:discover_packages(path) using defaults
[0.785s] Level 1:colcon.colcon_core.package_discovery:discover_packages(prefix_path) check parameters
[0.785s] Level 1:colcon.colcon_core.package_discovery:discover_packages(prefix_path) discover
[0.806s] DEBUG:colcon.colcon_installed_package_information.package_discovery:Found 1 installed packages in /home/claudio/ros2_ws/install
[0.817s] DEBUG:colcon.colcon_installed_package_information.package_discovery:Found 290 installed packages in /opt/ros/humble
[0.818s] Level 1:colcon.colcon_core.package_discovery:discover_packages(prefix_path) using defaults
[0.872s] Level 5:colcon.colcon_core.verb:set package 'anymal_d_simple_description' build argument 'cmake_args' from command line to 'None'
[0.872s] Level 5:colcon.colcon_core.verb:set package 'anymal_d_simple_description' build argument 'cmake_target' from command line to 'None'
[0.872s] Level 5:colcon.colcon_core.verb:set package 'anymal_d_simple_description' build argument 'cmake_target_skip_unavailable' from command line to 'False'
[0.872s] Level 5:colcon.colcon_core.verb:set package 'anymal_d_simple_description' build argument 'cmake_clean_cache' from command line to 'False'
[0.872s] Level 5:colcon.colcon_core.verb:set package 'anymal_d_simple_description' build argument 'cmake_clean_first' from command line to 'False'
[0.873s] Level 5:colcon.colcon_core.verb:set package 'anymal_d_simple_description' build argument 'cmake_force_configure' from command line to 'False'
[0.873s] Level 5:colcon.colcon_core.verb:set package 'anymal_d_simple_description' build argument 'ament_cmake_args' from command line to 'None'
[0.873s] Level 5:colcon.colcon_core.verb:set package 'anymal_d_simple_description' build argument 'catkin_cmake_args' from command line to 'None'
[0.873s] Level 5:colcon.colcon_core.verb:set package 'anymal_d_simple_description' build argument 'catkin_skip_building_tests' from command line to 'False'
[0.873s] DEBUG:colcon.colcon_core.verb:Building package 'anymal_d_simple_description' with the following arguments: {'ament_cmake_args': None, 'build_base': '/home/claudio/ros2_ws2/build/anymal_d_simple_description', 'catkin_cmake_args': None, 'catkin_skip_building_tests': False, 'cmake_args': None, 'cmake_clean_cache': False, 'cmake_clean_first': False, 'cmake_force_configure': False, 'cmake_target': None, 'cmake_target_skip_unavailable': False, 'install_base': '/home/claudio/ros2_ws2/install/anymal_d_simple_description', 'merge_install': False, 'path': '/home/claudio/ros2_ws2/src/anymal_d_simple_description', 'symlink_install': False, 'test_result_base': None}
[0.883s] INFO:colcon.colcon_core.executor:Executing jobs using 'parallel' executor
[0.893s] DEBUG:colcon.colcon_parallel_executor.executor.parallel:run_until_complete
[0.894s] INFO:colcon.colcon_ros.task.ament_cmake.build:Building ROS package in '/home/claudio/ros2_ws2/src/anymal_d_simple_description' with build type 'ament_cmake'
[0.894s] INFO:colcon.colcon_cmake.task.cmake.build:Building CMake package in '/home/claudio/ros2_ws2/src/anymal_d_simple_description'
[0.905s] INFO:colcon.colcon_core.plugin_system:Skipping extension 'colcon_core.shell.bat': Not used on non-Windows systems
[0.905s] INFO:colcon.colcon_core.shell:Skip shell extension 'powershell' for command environment: Not usable outside of PowerShell
[0.905s] DEBUG:colcon.colcon_core.shell:Skip shell extension 'dsv' for command environment
[0.940s] DEBUG:colcon.colcon_core.event_handler.log_command:Invoking command in '/home/claudio/ros2_ws2/build/anymal_d_simple_description': CMAKE_PREFIX_PATH=${CMAKE_PREFIX_PATH}:/opt/ros/humble CONDA_PROMPT_MODIFIER=(env_T) PS1=(env_T) \[\e]0;\u@\h: \w\a\]${debian_chroot:+($debian_chroot)}\[\033[01;32m\]\u@\h\[\033[00m\]:\[\033[01;34m\]\w\[\033[00m\]\$ /usr/bin/cmake /home/claudio/ros2_ws2/src/anymal_d_simple_description -DCMAKE_INSTALL_PREFIX=/home/claudio/ros2_ws2/install/anymal_d_simple_description
[1.734s] DEBUG:colcon.colcon_core.event_handler.log_command:Invoked command in '/home/claudio/ros2_ws2/build/anymal_d_simple_description' returned '0': CMAKE_PREFIX_PATH=${CMAKE_PREFIX_PATH}:/opt/ros/humble CONDA_PROMPT_MODIFIER=(env_T) PS1=(env_T) \[\e]0;\u@\h: \w\a\]${debian_chroot:+($debian_chroot)}\[\033[01;32m\]\u@\h\[\033[00m\]:\[\033[01;34m\]\w\[\033[00m\]\$ /usr/bin/cmake /home/claudio/ros2_ws2/src/anymal_d_simple_description -DCMAKE_INSTALL_PREFIX=/home/claudio/ros2_ws2/install/anymal_d_simple_description
[1.735s] DEBUG:colcon.colcon_core.event_handler.log_command:Invoking command in '/home/claudio/ros2_ws2/build/anymal_d_simple_description': CMAKE_PREFIX_PATH=${CMAKE_PREFIX_PATH}:/opt/ros/humble CONDA_PROMPT_MODIFIER=(env_T) PS1=(env_T) \[\e]0;\u@\h: \w\a\]${debian_chroot:+($debian_chroot)}\[\033[01;32m\]\u@\h\[\033[00m\]:\[\033[01;34m\]\w\[\033[00m\]\$ /usr/bin/cmake --build /home/claudio/ros2_ws2/build/anymal_d_simple_description -- -j16 -l16
[1.761s] DEBUG:colcon.colcon_core.event_handler.log_command:Invoked command in '/home/claudio/ros2_ws2/build/anymal_d_simple_description' returned '0': CMAKE_PREFIX_PATH=${CMAKE_PREFIX_PATH}:/opt/ros/humble CONDA_PROMPT_MODIFIER=(env_T) PS1=(env_T) \[\e]0;\u@\h: \w\a\]${debian_chroot:+($debian_chroot)}\[\033[01;32m\]\u@\h\[\033[00m\]:\[\033[01;34m\]\w\[\033[00m\]\$ /usr/bin/cmake --build /home/claudio/ros2_ws2/build/anymal_d_simple_description -- -j16 -l16
[1.806s] DEBUG:colcon.colcon_core.event_handler.log_command:Invoking command in '/home/claudio/ros2_ws2/build/anymal_d_simple_description': CMAKE_PREFIX_PATH=${CMAKE_PREFIX_PATH}:/opt/ros/humble CONDA_PROMPT_MODIFIER=(env_T) PS1=(env_T) \[\e]0;\u@\h: \w\a\]${debian_chroot:+($debian_chroot)}\[\033[01;32m\]\u@\h\[\033[00m\]:\[\033[01;34m\]\w\[\033[00m\]\$ /usr/bin/cmake --install /home/claudio/ros2_ws2/build/anymal_d_simple_description
[1.826s] Level 1:colcon.colcon_core.environment:create_environment_scripts_only(anymal_d_simple_description)
[1.826s] DEBUG:colcon.colcon_core.event_handler.log_command:Invoked command in '/home/claudio/ros2_ws2/build/anymal_d_simple_description' returned '0': CMAKE_PREFIX_PATH=${CMAKE_PREFIX_PATH}:/opt/ros/humble CONDA_PROMPT_MODIFIER=(env_T) PS1=(env_T) \[\e]0;\u@\h: \w\a\]${debian_chroot:+($debian_chroot)}\[\033[01;32m\]\u@\h\[\033[00m\]:\[\033[01;34m\]\w\[\033[00m\]\$ /usr/bin/cmake --install /home/claudio/ros2_ws2/build/anymal_d_simple_description
[1.838s] Level 1:colcon.colcon_core.environment:checking '/home/claudio/ros2_ws2/install/anymal_d_simple_description' for CMake module files
[1.838s] Level 1:colcon.colcon_core.environment:checking '/home/claudio/ros2_ws2/install/anymal_d_simple_description' for CMake config files
[1.839s] Level 1:colcon.colcon_core.shell:create_environment_hook('anymal_d_simple_description', 'cmake_prefix_path')
[1.849s] INFO:colcon.colcon_core.shell:Creating environment hook '/home/claudio/ros2_ws2/install/anymal_d_simple_description/share/anymal_d_simple_description/hook/cmake_prefix_path.ps1'
[1.849s] INFO:colcon.colcon_core.shell:Creating environment descriptor '/home/claudio/ros2_ws2/install/anymal_d_simple_description/share/anymal_d_simple_description/hook/cmake_prefix_path.dsv'
[1.850s] INFO:colcon.colcon_core.shell:Creating environment hook '/home/claudio/ros2_ws2/install/anymal_d_simple_description/share/anymal_d_simple_description/hook/cmake_prefix_path.sh'
[1.850s] Level 1:colcon.colcon_core.environment:checking '/home/claudio/ros2_ws2/install/anymal_d_simple_description/bin'
[1.850s] Level 1:colcon.colcon_core.environment:checking '/home/claudio/ros2_ws2/install/anymal_d_simple_description/lib/pkgconfig/anymal_d_simple_description.pc'
[1.850s] Level 1:colcon.colcon_core.environment:checking '/home/claudio/ros2_ws2/install/anymal_d_simple_description/lib/python3.10/site-packages'
[1.850s] Level 1:colcon.colcon_core.environment:checking '/home/claudio/ros2_ws2/install/anymal_d_simple_description/bin'
[1.861s] INFO:colcon.colcon_core.shell:Creating package script '/home/claudio/ros2_ws2/install/anymal_d_simple_description/share/anymal_d_simple_description/package.ps1'
[1.861s] INFO:colcon.colcon_core.shell:Creating package descriptor '/home/claudio/ros2_ws2/install/anymal_d_simple_description/share/anymal_d_simple_description/package.dsv'
[1.861s] INFO:colcon.colcon_core.shell:Creating package script '/home/claudio/ros2_ws2/install/anymal_d_simple_description/share/anymal_d_simple_description/package.sh'
[1.862s] INFO:colcon.colcon_core.shell:Creating package script '/home/claudio/ros2_ws2/install/anymal_d_simple_description/share/anymal_d_simple_description/package.bash'
[1.862s] INFO:colcon.colcon_core.shell:Creating package script '/home/claudio/ros2_ws2/install/anymal_d_simple_description/share/anymal_d_simple_description/package.zsh'
[1.862s] Level 1:colcon.colcon_core.environment:create_file_with_runtime_dependencies(/home/claudio/ros2_ws2/install/anymal_d_simple_description/share/colcon-core/packages/anymal_d_simple_description)
[1.887s] Level 1:colcon.colcon_core.environment:create_environment_scripts_only(anymal_d_simple_description)
[1.897s] Level 1:colcon.colcon_core.environment:checking '/home/claudio/ros2_ws2/install/anymal_d_simple_description' for CMake module files
[1.897s] Level 1:colcon.colcon_core.environment:checking '/home/claudio/ros2_ws2/install/anymal_d_simple_description' for CMake config files
[1.897s] Level 1:colcon.colcon_core.shell:create_environment_hook('anymal_d_simple_description', 'cmake_prefix_path')
[1.908s] INFO:colcon.colcon_core.shell:Creating environment hook '/home/claudio/ros2_ws2/install/anymal_d_simple_description/share/anymal_d_simple_description/hook/cmake_prefix_path.ps1'
[1.909s] INFO:colcon.colcon_core.shell:Creating environment descriptor '/home/claudio/ros2_ws2/install/anymal_d_simple_description/share/anymal_d_simple_description/hook/cmake_prefix_path.dsv'
[1.909s] INFO:colcon.colcon_core.shell:Creating environment hook '/home/claudio/ros2_ws2/install/anymal_d_simple_description/share/anymal_d_simple_description/hook/cmake_prefix_path.sh'
[1.910s] Level 1:colcon.colcon_core.environment:checking '/home/claudio/ros2_ws2/install/anymal_d_simple_description/bin'
[1.910s] Level 1:colcon.colcon_core.environment:checking '/home/claudio/ros2_ws2/install/anymal_d_simple_description/lib/pkgconfig/anymal_d_simple_description.pc'
[1.910s] Level 1:colcon.colcon_core.environment:checking '/home/claudio/ros2_ws2/install/anymal_d_simple_description/lib/python3.10/site-packages'
[1.910s] Level 1:colcon.colcon_core.environment:checking '/home/claudio/ros2_ws2/install/anymal_d_simple_description/bin'
[1.927s] INFO:colcon.colcon_core.shell:Creating package script '/home/claudio/ros2_ws2/install/anymal_d_simple_description/share/anymal_d_simple_description/package.ps1'
[1.928s] INFO:colcon.colcon_core.shell:Creating package descriptor '/home/claudio/ros2_ws2/install/anymal_d_simple_description/share/anymal_d_simple_description/package.dsv'
[1.928s] INFO:colcon.colcon_core.shell:Creating package script '/home/claudio/ros2_ws2/install/anymal_d_simple_description/share/anymal_d_simple_description/package.sh'
[1.929s] INFO:colcon.colcon_core.shell:Creating package script '/home/claudio/ros2_ws2/install/anymal_d_simple_description/share/anymal_d_simple_description/package.bash'
[1.929s] INFO:colcon.colcon_core.shell:Creating package script '/home/claudio/ros2_ws2/install/anymal_d_simple_description/share/anymal_d_simple_description/package.zsh'
[1.929s] Level 1:colcon.colcon_core.environment:create_file_with_runtime_dependencies(/home/claudio/ros2_ws2/install/anymal_d_simple_description/share/colcon-core/packages/anymal_d_simple_description)
[1.930s] DEBUG:colcon.colcon_parallel_executor.executor.parallel:closing loop
[1.930s] DEBUG:colcon.colcon_parallel_executor.executor.parallel:loop closed
[1.930s] DEBUG:colcon.colcon_parallel_executor.executor.parallel:run_until_complete finished with '0'
[1.930s] DEBUG:colcon.colcon_core.event_reactor:joining thread
[1.945s] INFO:colcon.colcon_core.plugin_system:Skipping extension 'colcon_notification.desktop_notification.terminal_notifier': Not used on non-Darwin systems
[1.945s] INFO:colcon.colcon_core.plugin_system:Skipping extension 'colcon_notification.desktop_notification.win32': Not used on non-Windows systems
[1.945s] INFO:colcon.colcon_notification.desktop_notification:Sending desktop notification using 'notify2'
[1.953s] DEBUG:colcon.colcon_core.event_reactor:joined thread
[1.970s] INFO:colcon.colcon_core.shell:Creating prefix script '/home/claudio/ros2_ws2/install/local_setup.ps1'
[1.971s] INFO:colcon.colcon_core.shell:Creating prefix util module '/home/claudio/ros2_ws2/install/_local_setup_util_ps1.py'
[1.972s] INFO:colcon.colcon_core.shell:Creating prefix chain script '/home/claudio/ros2_ws2/install/setup.ps1'
[1.984s] INFO:colcon.colcon_core.shell:Creating prefix script '/home/claudio/ros2_ws2/install/local_setup.sh'
[1.984s] INFO:colcon.colcon_core.shell:Creating prefix util module '/home/claudio/ros2_ws2/install/_local_setup_util_sh.py'
[1.984s] INFO:colcon.colcon_core.shell:Creating prefix chain script '/home/claudio/ros2_ws2/install/setup.sh'
[1.996s] INFO:colcon.colcon_core.shell:Creating prefix script '/home/claudio/ros2_ws2/install/local_setup.bash'
[1.996s] INFO:colcon.colcon_core.shell:Creating prefix chain script '/home/claudio/ros2_ws2/install/setup.bash'
[2.008s] INFO:colcon.colcon_core.shell:Creating prefix script '/home/claudio/ros2_ws2/install/local_setup.zsh'
[2.008s] INFO:colcon.colcon_core.shell:Creating prefix chain script '/home/claudio/ros2_ws2/install/setup.zsh'
