-- The CXX compiler identification is GNU 11.4.0
-- Detecting CXX compiler ABI info
-- Detecting CXX compiler ABI info - done
-- Check for working CXX compiler: /usr/bin/c++ - skipped
-- Detecting CXX compile features
-- Detecting CXX compile features - done
-- Found backward_ros: 1.0.2 (/opt/ros/humble/share/backward_ros/cmake)
-- Found Python3: /usr/local/bin/python (found version "3.10.12") found components: Interpreter 
-- Found libdw: /usr/lib/x86_64-linux-gnu/libdw.so  
-- Could NOT find libbfd (missing: LIBBFD_LIBRARY LIBBFD_INCLUDE_DIR) 
-- BACKWARD_HAS_UNWIND=1
-- BACKWARD_HAS_BACKTRACE=0
-- BACKWARD_HAS_BACKTRACE_SYMBOL=0
-- BACKWARD_HAS_DW=1
-- BACKWARD_HAS_BFD=0
-- Found Backward: /opt/ros/humble/share/backward_ros/cmake  
-- Found ament_cmake: 1.3.5 (/opt/ros/humble/share/ament_cmake/cmake)
-- Found hardware_interface: 2.41.0 (/opt/ros/humble/share/hardware_interface/cmake)
-- Found rosidl_generator_c: 3.1.5 (/opt/ros/humble/share/rosidl_generator_c/cmake)
-- Found rosidl_adapter: 3.1.5 (/opt/ros/humble/share/rosidl_adapter/cmake)
-- Found rosidl_generator_cpp: 3.1.5 (/opt/ros/humble/share/rosidl_generator_cpp/cmake)
-- Using all available rosidl_typesupport_c: rosidl_typesupport_fastrtps_c;rosidl_typesupport_introspection_c
-- Using all available rosidl_typesupport_cpp: rosidl_typesupport_fastrtps_cpp;rosidl_typesupport_introspection_cpp
-- Found rmw_implementation_cmake: 6.1.1 (/opt/ros/humble/share/rmw_implementation_cmake/cmake)
-- Found rmw_fastrtps_cpp: 6.2.4 (/opt/ros/humble/share/rmw_fastrtps_cpp/cmake)
-- Found OpenSSL: /usr/lib/x86_64-linux-gnu/libcrypto.so (found version "3.0.2")  
-- Found FastRTPS: /opt/ros/humble/include  
