[0.000000] (-) TimerEvent: {}
[0.000116] (-) JobUnselected: {'identifier': 'anymal_d_simple_description'}
[0.000132] (-) JobUnselected: {'identifier': 'ros2_control_demo_description'}
[0.000142] (-) JobUnselected: {'identifier': 'ros2_control_demo_example_10'}
[0.000151] (-) JobUnselected: {'identifier': 'ros2_control_demo_example_11'}
[0.000159] (-) JobUnselected: {'identifier': 'ros2_control_demo_example_12'}
[0.000167] (-) JobUnselected: {'identifier': 'ros2_control_demo_example_14'}
[0.000175] (-) JobUnselected: {'identifier': 'ros2_control_demo_example_15'}
[0.000183] (-) JobUnselected: {'identifier': 'ros2_control_demo_example_2'}
[0.000196] (-) JobUnselected: {'identifier': 'ros2_control_demo_example_3'}
[0.000203] (-) JobUnselected: {'identifier': 'ros2_control_demo_example_4'}
[0.000211] (-) JobUnselected: {'identifier': 'ros2_control_demo_example_5'}
[0.000219] (-) JobUnselected: {'identifier': 'ros2_control_demo_example_6'}
[0.000230] (-) JobUnselected: {'identifier': 'ros2_control_demo_example_7'}
[0.000238] (-) JobUnselected: {'identifier': 'ros2_control_demo_example_8'}
[0.000247] (-) JobUnselected: {'identifier': 'ros2_control_demo_example_9'}
[0.000256] (-) JobUnselected: {'identifier': 'ros2_control_demo_testing'}
[0.000264] (-) JobUnselected: {'identifier': 'ros2_control_demos'}
[0.000274] (ros2_control_demo_example_1) JobQueued: {'identifier': 'ros2_control_demo_example_1', 'dependencies': OrderedDict([('ros2_control_demo_description', '/home/claudio/ros2_ws2/install/ros2_control_demo_description'), ('ros2_control_demo_testing', '/home/claudio/ros2_ws2/install/ros2_control_demo_testing')])}
[0.000512] (ros2_control_demo_example_1) JobStarted: {'identifier': 'ros2_control_demo_example_1'}
[0.077821] (ros2_control_demo_example_1) JobEnded: {'identifier': 'ros2_control_demo_example_1', 'rc': 1}
[0.088117] (-) EventReactorShutdown: {}
