[0.472s] Invoking command in '/home/claudio/ros2_ws2/build/ros2_control_demo_example_10': CMAKE_PREFIX_PATH=/home/claudio/ros2_ws2/install/ros2_control_demo_description:/home/claudio/ros2_ws2/install/ros2_control_demo_example_1:/home/claudio/ros2_ws2/install/anymal_d_simple_description:/home/claudio/ros2_ws2/install/ros2_control_demo_testing:/opt/ros/humble /usr/bin/cmake /home/claudio/ros2_ws2/src/ros2_control_demos/example_10 -DCMAKE_INSTALL_PREFIX=/home/claudio/ros2_ws2/install/ros2_control_demo_example_10
[0.527s] -- The CXX compiler identification is GNU 11.4.0
[0.536s] -- Detecting CXX compiler ABI info
[0.607s] -- Detecting CXX compiler ABI info - done
[0.616s] -- Check for working CXX compiler: /usr/bin/c++ - skipped
[0.617s] -- Detecting CXX compile features
[0.617s] -- Detecting CXX compile features - done
[0.619s] -- Found backward_ros: 1.0.2 (/opt/ros/humble/share/backward_ros/cmake)
[0.920s] -- Found Python3: /usr/local/bin/python (found version "3.10.12") found components: Interpreter 
[0.985s] -- Found libdw: /usr/lib/x86_64-linux-gnu/libdw.so  
[0.993s] -- Could NOT find libbfd (missing: LIBBFD_LIBRARY LIBBFD_INCLUDE_DIR) 
[0.993s] -- BACKWARD_HAS_UNWIND=1
[0.993s] -- BACKWARD_HAS_BACKTRACE=0
[0.993s] -- BACKWARD_HAS_BACKTRACE_SYMBOL=0
[0.993s] -- BACKWARD_HAS_DW=1
[0.993s] -- BACKWARD_HAS_BFD=0
[0.994s] -- Found Backward: /opt/ros/humble/share/backward_ros/cmake  
[0.996s] -- Found ament_cmake: 1.3.5 (/opt/ros/humble/share/ament_cmake/cmake)
[1.021s] -- Found hardware_interface: 2.41.0 (/opt/ros/humble/share/hardware_interface/cmake)
[1.046s] -- Found rosidl_generator_c: 3.1.5 (/opt/ros/humble/share/rosidl_generator_c/cmake)
[1.050s] -- Found rosidl_adapter: 3.1.5 (/opt/ros/humble/share/rosidl_adapter/cmake)
[1.056s] -- Found rosidl_generator_cpp: 3.1.5 (/opt/ros/humble/share/rosidl_generator_cpp/cmake)
[1.068s] -- Using all available rosidl_typesupport_c: rosidl_typesupport_fastrtps_c;rosidl_typesupport_introspection_c
[1.091s] -- Using all available rosidl_typesupport_cpp: rosidl_typesupport_fastrtps_cpp;rosidl_typesupport_introspection_cpp
[1.918s] -- Found rmw_implementation_cmake: 6.1.1 (/opt/ros/humble/share/rmw_implementation_cmake/cmake)
[1.921s] -- Found rmw_fastrtps_cpp: 6.2.4 (/opt/ros/humble/share/rmw_fastrtps_cpp/cmake)
[2.018s] -- Found OpenSSL: /usr/lib/x86_64-linux-gnu/libcrypto.so (found version "3.0.2")  
[2.044s] -- Found FastRTPS: /opt/ros/humble/include  
[2.087s] -- Using RMW implementation 'rmw_fastrtps_cpp' as default
[2.095s] -- Looking for C++ include pthread.h
