[0.879s] DEBUG:colcon:Command line arguments: ['/usr/bin/colcon', 'build', '--packages-select', 'example_1/example_1']
[0.879s] DEBUG:colcon:Parsed command line arguments: Namespace(log_base=None, log_level=None, verb_name='build', build_base='build', install_base='install', merge_install=False, symlink_install=False, test_result_base=None, continue_on_error=False, executor='parallel', parallel_workers=16, event_handlers=None, ignore_user_meta=False, metas=['./colcon.meta'], base_paths=['.'], packages_ignore=None, packages_ignore_regex=None, paths=None, packages_up_to=None, packages_up_to_regex=None, packages_above=None, packages_above_and_dependencies=None, packages_above_depth=None, packages_select_by_dep=None, packages_skip_by_dep=None, packages_skip_up_to=None, packages_select_build_failed=False, packages_skip_build_finished=False, packages_select_test_failures=False, packages_skip_test_passed=False, packages_select=['example_1/example_1'], packages_skip=None, packages_select_regex=None, packages_skip_regex=None, packages_start=None, packages_end=None, allow_overriding=[], cmake_args=None, cmake_target=None, cmake_target_skip_unavailable=False, cmake_clean_cache=False, cmake_clean_first=False, cmake_force_configure=False, ament_cmake_args=None, catkin_cmake_args=None, catkin_skip_building_tests=False, verb_parser=<colcon_defaults.argument_parser.defaults.DefaultArgumentsDecorator object at 0x7129027277c0>, verb_extension=<colcon_core.verb.build.BuildVerb object at 0x7129027272b0>, main=<bound method BuildVerb.main of <colcon_core.verb.build.BuildVerb object at 0x7129027272b0>>)
[0.932s] Level 1:colcon.colcon_core.package_discovery:discover_packages(colcon_meta) check parameters
[0.932s] Level 1:colcon.colcon_core.package_discovery:discover_packages(recursive) check parameters
[0.932s] Level 1:colcon.colcon_core.package_discovery:discover_packages(ignore) check parameters
[0.932s] Level 1:colcon.colcon_core.package_discovery:discover_packages(path) check parameters
[0.932s] Level 1:colcon.colcon_core.package_discovery:discover_packages(colcon_meta) discover
[0.932s] Level 1:colcon.colcon_core.package_discovery:discover_packages(recursive) discover
[0.932s] INFO:colcon.colcon_core.package_discovery:Crawling recursively for packages in '/home/claudio/ros2_ws2'
[0.932s] Level 1:colcon.colcon_core.package_identification:_identify(.) by extensions ['ignore', 'ignore_ament_install']
[0.932s] Level 1:colcon.colcon_core.package_identification:_identify(.) by extension 'ignore'
[0.932s] Level 1:colcon.colcon_core.package_identification:_identify(.) by extension 'ignore_ament_install'
[0.932s] Level 1:colcon.colcon_core.package_identification:_identify(.) by extensions ['colcon_pkg']
[0.932s] Level 1:colcon.colcon_core.package_identification:_identify(.) by extension 'colcon_pkg'
[0.933s] Level 1:colcon.colcon_core.package_identification:_identify(.) by extensions ['colcon_meta']
[0.933s] Level 1:colcon.colcon_core.package_identification:_identify(.) by extension 'colcon_meta'
[0.933s] Level 1:colcon.colcon_core.package_identification:_identify(.) by extensions ['ros']
[0.933s] Level 1:colcon.colcon_core.package_identification:_identify(.) by extension 'ros'
[0.950s] Level 1:colcon.colcon_core.package_identification:_identify(.) by extensions ['cmake', 'python']
[0.950s] Level 1:colcon.colcon_core.package_identification:_identify(.) by extension 'cmake'
[0.950s] Level 1:colcon.colcon_core.package_identification:_identify(.) by extension 'python'
[0.950s] Level 1:colcon.colcon_core.package_identification:_identify(.) by extensions ['python_setup_py']
[0.950s] Level 1:colcon.colcon_core.package_identification:_identify(.) by extension 'python_setup_py'
[0.950s] Level 1:colcon.colcon_core.package_identification:_identify(build) by extensions ['ignore', 'ignore_ament_install']
[0.950s] Level 1:colcon.colcon_core.package_identification:_identify(build) by extension 'ignore'
[0.950s] Level 1:colcon.colcon_core.package_identification:_identify(build) ignored
[0.950s] Level 1:colcon.colcon_core.package_identification:_identify(install) by extensions ['ignore', 'ignore_ament_install']
[0.950s] Level 1:colcon.colcon_core.package_identification:_identify(install) by extension 'ignore'
[0.950s] Level 1:colcon.colcon_core.package_identification:_identify(install) ignored
[0.950s] Level 1:colcon.colcon_core.package_identification:_identify(log) by extensions ['ignore', 'ignore_ament_install']
[0.950s] Level 1:colcon.colcon_core.package_identification:_identify(log) by extension 'ignore'
[0.951s] Level 1:colcon.colcon_core.package_identification:_identify(log) ignored
[0.951s] Level 1:colcon.colcon_core.package_identification:_identify(src) by extensions ['ignore', 'ignore_ament_install']
[0.951s] Level 1:colcon.colcon_core.package_identification:_identify(src) by extension 'ignore'
[0.951s] Level 1:colcon.colcon_core.package_identification:_identify(src) by extension 'ignore_ament_install'
[0.951s] Level 1:colcon.colcon_core.package_identification:_identify(src) by extensions ['colcon_pkg']
[0.951s] Level 1:colcon.colcon_core.package_identification:_identify(src) by extension 'colcon_pkg'
[0.951s] Level 1:colcon.colcon_core.package_identification:_identify(src) by extensions ['colcon_meta']
[0.951s] Level 1:colcon.colcon_core.package_identification:_identify(src) by extension 'colcon_meta'
[0.951s] Level 1:colcon.colcon_core.package_identification:_identify(src) by extensions ['ros']
[0.951s] Level 1:colcon.colcon_core.package_identification:_identify(src) by extension 'ros'
[0.951s] Level 1:colcon.colcon_core.package_identification:_identify(src) by extensions ['cmake', 'python']
[0.951s] Level 1:colcon.colcon_core.package_identification:_identify(src) by extension 'cmake'
[0.951s] Level 1:colcon.colcon_core.package_identification:_identify(src) by extension 'python'
[0.951s] Level 1:colcon.colcon_core.package_identification:_identify(src) by extensions ['python_setup_py']
[0.951s] Level 1:colcon.colcon_core.package_identification:_identify(src) by extension 'python_setup_py'
[0.951s] Level 1:colcon.colcon_core.package_identification:_identify(src/anymal_d_simple_description) by extensions ['ignore', 'ignore_ament_install']
[0.951s] Level 1:colcon.colcon_core.package_identification:_identify(src/anymal_d_simple_description) by extension 'ignore'
[0.951s] Level 1:colcon.colcon_core.package_identification:_identify(src/anymal_d_simple_description) by extension 'ignore_ament_install'
[0.951s] Level 1:colcon.colcon_core.package_identification:_identify(src/anymal_d_simple_description) by extensions ['colcon_pkg']
[0.951s] Level 1:colcon.colcon_core.package_identification:_identify(src/anymal_d_simple_description) by extension 'colcon_pkg'
[0.951s] Level 1:colcon.colcon_core.package_identification:_identify(src/anymal_d_simple_description) by extensions ['colcon_meta']
[0.951s] Level 1:colcon.colcon_core.package_identification:_identify(src/anymal_d_simple_description) by extension 'colcon_meta'
[0.951s] Level 1:colcon.colcon_core.package_identification:_identify(src/anymal_d_simple_description) by extensions ['ros']
[0.951s] Level 1:colcon.colcon_core.package_identification:_identify(src/anymal_d_simple_description) by extension 'ros'
[0.954s] DEBUG:colcon.colcon_core.package_identification:Package 'src/anymal_d_simple_description' with type 'ros.ament_cmake' and name 'anymal_d_simple_description'
[0.954s] Level 1:colcon.colcon_core.package_identification:_identify(src/example_1) by extensions ['ignore', 'ignore_ament_install']
[0.954s] Level 1:colcon.colcon_core.package_identification:_identify(src/example_1) by extension 'ignore'
[0.954s] Level 1:colcon.colcon_core.package_identification:_identify(src/example_1) by extension 'ignore_ament_install'
[0.954s] Level 1:colcon.colcon_core.package_identification:_identify(src/example_1) by extensions ['colcon_pkg']
[0.954s] Level 1:colcon.colcon_core.package_identification:_identify(src/example_1) by extension 'colcon_pkg'
[0.954s] Level 1:colcon.colcon_core.package_identification:_identify(src/example_1) by extensions ['colcon_meta']
[0.954s] Level 1:colcon.colcon_core.package_identification:_identify(src/example_1) by extension 'colcon_meta'
[0.954s] Level 1:colcon.colcon_core.package_identification:_identify(src/example_1) by extensions ['ros']
[0.954s] Level 1:colcon.colcon_core.package_identification:_identify(src/example_1) by extension 'ros'
[0.954s] Level 1:colcon.colcon_core.package_identification:_identify(src/example_1) by extensions ['cmake', 'python']
[0.954s] Level 1:colcon.colcon_core.package_identification:_identify(src/example_1) by extension 'cmake'
[0.954s] Level 1:colcon.colcon_core.package_identification:_identify(src/example_1) by extension 'python'
[0.954s] Level 1:colcon.colcon_core.package_identification:_identify(src/example_1) by extensions ['python_setup_py']
[0.954s] Level 1:colcon.colcon_core.package_identification:_identify(src/example_1) by extension 'python_setup_py'
[0.954s] Level 1:colcon.colcon_core.package_identification:_identify(src/example_1/Dockerfile) by extensions ['ignore', 'ignore_ament_install']
[0.954s] Level 1:colcon.colcon_core.package_identification:_identify(src/example_1/Dockerfile) by extension 'ignore'
[0.954s] Level 1:colcon.colcon_core.package_identification:_identify(src/example_1/Dockerfile) by extension 'ignore_ament_install'
[0.955s] Level 1:colcon.colcon_core.package_identification:_identify(src/example_1/Dockerfile) by extensions ['colcon_pkg']
[0.955s] Level 1:colcon.colcon_core.package_identification:_identify(src/example_1/Dockerfile) by extension 'colcon_pkg'
[0.955s] Level 1:colcon.colcon_core.package_identification:_identify(src/example_1/Dockerfile) by extensions ['colcon_meta']
[0.955s] Level 1:colcon.colcon_core.package_identification:_identify(src/example_1/Dockerfile) by extension 'colcon_meta'
[0.955s] Level 1:colcon.colcon_core.package_identification:_identify(src/example_1/Dockerfile) by extensions ['ros']
[0.955s] Level 1:colcon.colcon_core.package_identification:_identify(src/example_1/Dockerfile) by extension 'ros'
[0.955s] Level 1:colcon.colcon_core.package_identification:_identify(src/example_1/Dockerfile) by extensions ['cmake', 'python']
[0.955s] Level 1:colcon.colcon_core.package_identification:_identify(src/example_1/Dockerfile) by extension 'cmake'
[0.955s] Level 1:colcon.colcon_core.package_identification:_identify(src/example_1/Dockerfile) by extension 'python'
[0.955s] Level 1:colcon.colcon_core.package_identification:_identify(src/example_1/Dockerfile) by extensions ['python_setup_py']
[0.955s] Level 1:colcon.colcon_core.package_identification:_identify(src/example_1/Dockerfile) by extension 'python_setup_py'
[0.955s] Level 1:colcon.colcon_core.package_identification:_identify(src/example_1/doc) by extensions ['ignore', 'ignore_ament_install']
[0.955s] Level 1:colcon.colcon_core.package_identification:_identify(src/example_1/doc) by extension 'ignore'
[0.955s] Level 1:colcon.colcon_core.package_identification:_identify(src/example_1/doc) by extension 'ignore_ament_install'
[0.955s] Level 1:colcon.colcon_core.package_identification:_identify(src/example_1/doc) by extensions ['colcon_pkg']
[0.955s] Level 1:colcon.colcon_core.package_identification:_identify(src/example_1/doc) by extension 'colcon_pkg'
[0.955s] Level 1:colcon.colcon_core.package_identification:_identify(src/example_1/doc) by extensions ['colcon_meta']
[0.955s] Level 1:colcon.colcon_core.package_identification:_identify(src/example_1/doc) by extension 'colcon_meta'
[0.955s] Level 1:colcon.colcon_core.package_identification:_identify(src/example_1/doc) by extensions ['ros']
[0.955s] Level 1:colcon.colcon_core.package_identification:_identify(src/example_1/doc) by extension 'ros'
[0.955s] Level 1:colcon.colcon_core.package_identification:_identify(src/example_1/doc) by extensions ['cmake', 'python']
[0.955s] Level 1:colcon.colcon_core.package_identification:_identify(src/example_1/doc) by extension 'cmake'
[0.955s] Level 1:colcon.colcon_core.package_identification:_identify(src/example_1/doc) by extension 'python'
[0.955s] Level 1:colcon.colcon_core.package_identification:_identify(src/example_1/doc) by extensions ['python_setup_py']
[0.955s] Level 1:colcon.colcon_core.package_identification:_identify(src/example_1/doc) by extension 'python_setup_py'
[0.955s] Level 1:colcon.colcon_core.package_identification:_identify(src/example_1/example_1) by extensions ['ignore', 'ignore_ament_install']
[0.955s] Level 1:colcon.colcon_core.package_identification:_identify(src/example_1/example_1) by extension 'ignore'
[0.955s] Level 1:colcon.colcon_core.package_identification:_identify(src/example_1/example_1) by extension 'ignore_ament_install'
[0.955s] Level 1:colcon.colcon_core.package_identification:_identify(src/example_1/example_1) by extensions ['colcon_pkg']
[0.955s] Level 1:colcon.colcon_core.package_identification:_identify(src/example_1/example_1) by extension 'colcon_pkg'
[0.955s] Level 1:colcon.colcon_core.package_identification:_identify(src/example_1/example_1) by extensions ['colcon_meta']
[0.955s] Level 1:colcon.colcon_core.package_identification:_identify(src/example_1/example_1) by extension 'colcon_meta'
[0.955s] Level 1:colcon.colcon_core.package_identification:_identify(src/example_1/example_1) by extensions ['ros']
[0.955s] Level 1:colcon.colcon_core.package_identification:_identify(src/example_1/example_1) by extension 'ros'
[0.956s] DEBUG:colcon.colcon_core.package_identification:Package 'src/example_1/example_1' with type 'ros.ament_cmake' and name 'ros2_control_demo_example_1'
[0.956s] Level 1:colcon.colcon_core.package_identification:_identify(src/example_1/example_10) by extensions ['ignore', 'ignore_ament_install']
[0.956s] Level 1:colcon.colcon_core.package_identification:_identify(src/example_1/example_10) by extension 'ignore'
[0.956s] Level 1:colcon.colcon_core.package_identification:_identify(src/example_1/example_10) by extension 'ignore_ament_install'
[0.956s] Level 1:colcon.colcon_core.package_identification:_identify(src/example_1/example_10) by extensions ['colcon_pkg']
[0.956s] Level 1:colcon.colcon_core.package_identification:_identify(src/example_1/example_10) by extension 'colcon_pkg'
[0.956s] Level 1:colcon.colcon_core.package_identification:_identify(src/example_1/example_10) by extensions ['colcon_meta']
[0.956s] Level 1:colcon.colcon_core.package_identification:_identify(src/example_1/example_10) by extension 'colcon_meta'
[0.956s] Level 1:colcon.colcon_core.package_identification:_identify(src/example_1/example_10) by extensions ['ros']
[0.956s] Level 1:colcon.colcon_core.package_identification:_identify(src/example_1/example_10) by extension 'ros'
[0.957s] DEBUG:colcon.colcon_core.package_identification:Package 'src/example_1/example_10' with type 'ros.ament_cmake' and name 'ros2_control_demo_example_10'
[0.957s] Level 1:colcon.colcon_core.package_identification:_identify(src/example_1/example_11) by extensions ['ignore', 'ignore_ament_install']
[0.957s] Level 1:colcon.colcon_core.package_identification:_identify(src/example_1/example_11) by extension 'ignore'
[0.957s] Level 1:colcon.colcon_core.package_identification:_identify(src/example_1/example_11) by extension 'ignore_ament_install'
[0.957s] Level 1:colcon.colcon_core.package_identification:_identify(src/example_1/example_11) by extensions ['colcon_pkg']
[0.957s] Level 1:colcon.colcon_core.package_identification:_identify(src/example_1/example_11) by extension 'colcon_pkg'
[0.957s] Level 1:colcon.colcon_core.package_identification:_identify(src/example_1/example_11) by extensions ['colcon_meta']
[0.957s] Level 1:colcon.colcon_core.package_identification:_identify(src/example_1/example_11) by extension 'colcon_meta'
[0.957s] Level 1:colcon.colcon_core.package_identification:_identify(src/example_1/example_11) by extensions ['ros']
[0.957s] Level 1:colcon.colcon_core.package_identification:_identify(src/example_1/example_11) by extension 'ros'
[0.958s] DEBUG:colcon.colcon_core.package_identification:Package 'src/example_1/example_11' with type 'ros.ament_cmake' and name 'ros2_control_demo_example_11'
[0.958s] Level 1:colcon.colcon_core.package_identification:_identify(src/example_1/example_12) by extensions ['ignore', 'ignore_ament_install']
[0.958s] Level 1:colcon.colcon_core.package_identification:_identify(src/example_1/example_12) by extension 'ignore'
[0.958s] Level 1:colcon.colcon_core.package_identification:_identify(src/example_1/example_12) by extension 'ignore_ament_install'
[0.958s] Level 1:colcon.colcon_core.package_identification:_identify(src/example_1/example_12) by extensions ['colcon_pkg']
[0.958s] Level 1:colcon.colcon_core.package_identification:_identify(src/example_1/example_12) by extension 'colcon_pkg'
[0.958s] Level 1:colcon.colcon_core.package_identification:_identify(src/example_1/example_12) by extensions ['colcon_meta']
[0.958s] Level 1:colcon.colcon_core.package_identification:_identify(src/example_1/example_12) by extension 'colcon_meta'
[0.958s] Level 1:colcon.colcon_core.package_identification:_identify(src/example_1/example_12) by extensions ['ros']
[0.958s] Level 1:colcon.colcon_core.package_identification:_identify(src/example_1/example_12) by extension 'ros'
[0.959s] DEBUG:colcon.colcon_core.package_identification:Package 'src/example_1/example_12' with type 'ros.ament_cmake' and name 'ros2_control_demo_example_12'
[0.959s] Level 1:colcon.colcon_core.package_identification:_identify(src/example_1/example_14) by extensions ['ignore', 'ignore_ament_install']
[0.959s] Level 1:colcon.colcon_core.package_identification:_identify(src/example_1/example_14) by extension 'ignore'
[0.959s] Level 1:colcon.colcon_core.package_identification:_identify(src/example_1/example_14) by extension 'ignore_ament_install'
[0.959s] Level 1:colcon.colcon_core.package_identification:_identify(src/example_1/example_14) by extensions ['colcon_pkg']
[0.959s] Level 1:colcon.colcon_core.package_identification:_identify(src/example_1/example_14) by extension 'colcon_pkg'
[0.959s] Level 1:colcon.colcon_core.package_identification:_identify(src/example_1/example_14) by extensions ['colcon_meta']
[0.959s] Level 1:colcon.colcon_core.package_identification:_identify(src/example_1/example_14) by extension 'colcon_meta'
[0.959s] Level 1:colcon.colcon_core.package_identification:_identify(src/example_1/example_14) by extensions ['ros']
[0.959s] Level 1:colcon.colcon_core.package_identification:_identify(src/example_1/example_14) by extension 'ros'
[0.960s] DEBUG:colcon.colcon_core.package_identification:Package 'src/example_1/example_14' with type 'ros.ament_cmake' and name 'ros2_control_demo_example_14'
[0.960s] Level 1:colcon.colcon_core.package_identification:_identify(src/example_1/example_15) by extensions ['ignore', 'ignore_ament_install']
[0.960s] Level 1:colcon.colcon_core.package_identification:_identify(src/example_1/example_15) by extension 'ignore'
[0.960s] Level 1:colcon.colcon_core.package_identification:_identify(src/example_1/example_15) by extension 'ignore_ament_install'
[0.960s] Level 1:colcon.colcon_core.package_identification:_identify(src/example_1/example_15) by extensions ['colcon_pkg']
[0.960s] Level 1:colcon.colcon_core.package_identification:_identify(src/example_1/example_15) by extension 'colcon_pkg'
[0.960s] Level 1:colcon.colcon_core.package_identification:_identify(src/example_1/example_15) by extensions ['colcon_meta']
[0.960s] Level 1:colcon.colcon_core.package_identification:_identify(src/example_1/example_15) by extension 'colcon_meta'
[0.960s] Level 1:colcon.colcon_core.package_identification:_identify(src/example_1/example_15) by extensions ['ros']
[0.960s] Level 1:colcon.colcon_core.package_identification:_identify(src/example_1/example_15) by extension 'ros'
[0.960s] DEBUG:colcon.colcon_core.package_identification:Package 'src/example_1/example_15' with type 'ros.ament_cmake' and name 'ros2_control_demo_example_15'
[0.960s] Level 1:colcon.colcon_core.package_identification:_identify(src/example_1/example_2) by extensions ['ignore', 'ignore_ament_install']
[0.960s] Level 1:colcon.colcon_core.package_identification:_identify(src/example_1/example_2) by extension 'ignore'
[0.960s] Level 1:colcon.colcon_core.package_identification:_identify(src/example_1/example_2) by extension 'ignore_ament_install'
[0.960s] Level 1:colcon.colcon_core.package_identification:_identify(src/example_1/example_2) by extensions ['colcon_pkg']
[0.960s] Level 1:colcon.colcon_core.package_identification:_identify(src/example_1/example_2) by extension 'colcon_pkg'
[0.960s] Level 1:colcon.colcon_core.package_identification:_identify(src/example_1/example_2) by extensions ['colcon_meta']
[0.961s] Level 1:colcon.colcon_core.package_identification:_identify(src/example_1/example_2) by extension 'colcon_meta'
[0.961s] Level 1:colcon.colcon_core.package_identification:_identify(src/example_1/example_2) by extensions ['ros']
[0.961s] Level 1:colcon.colcon_core.package_identification:_identify(src/example_1/example_2) by extension 'ros'
[0.961s] DEBUG:colcon.colcon_core.package_identification:Package 'src/example_1/example_2' with type 'ros.ament_cmake' and name 'ros2_control_demo_example_2'
[0.961s] Level 1:colcon.colcon_core.package_identification:_identify(src/example_1/example_3) by extensions ['ignore', 'ignore_ament_install']
[0.961s] Level 1:colcon.colcon_core.package_identification:_identify(src/example_1/example_3) by extension 'ignore'
[0.961s] Level 1:colcon.colcon_core.package_identification:_identify(src/example_1/example_3) by extension 'ignore_ament_install'
[0.961s] Level 1:colcon.colcon_core.package_identification:_identify(src/example_1/example_3) by extensions ['colcon_pkg']
[0.961s] Level 1:colcon.colcon_core.package_identification:_identify(src/example_1/example_3) by extension 'colcon_pkg'
[0.961s] Level 1:colcon.colcon_core.package_identification:_identify(src/example_1/example_3) by extensions ['colcon_meta']
[0.961s] Level 1:colcon.colcon_core.package_identification:_identify(src/example_1/example_3) by extension 'colcon_meta'
[0.961s] Level 1:colcon.colcon_core.package_identification:_identify(src/example_1/example_3) by extensions ['ros']
[0.961s] Level 1:colcon.colcon_core.package_identification:_identify(src/example_1/example_3) by extension 'ros'
[0.962s] DEBUG:colcon.colcon_core.package_identification:Package 'src/example_1/example_3' with type 'ros.ament_cmake' and name 'ros2_control_demo_example_3'
[0.962s] Level 1:colcon.colcon_core.package_identification:_identify(src/example_1/example_4) by extensions ['ignore', 'ignore_ament_install']
[0.962s] Level 1:colcon.colcon_core.package_identification:_identify(src/example_1/example_4) by extension 'ignore'
[0.962s] Level 1:colcon.colcon_core.package_identification:_identify(src/example_1/example_4) by extension 'ignore_ament_install'
[0.962s] Level 1:colcon.colcon_core.package_identification:_identify(src/example_1/example_4) by extensions ['colcon_pkg']
[0.962s] Level 1:colcon.colcon_core.package_identification:_identify(src/example_1/example_4) by extension 'colcon_pkg'
[0.962s] Level 1:colcon.colcon_core.package_identification:_identify(src/example_1/example_4) by extensions ['colcon_meta']
[0.962s] Level 1:colcon.colcon_core.package_identification:_identify(src/example_1/example_4) by extension 'colcon_meta'
[0.962s] Level 1:colcon.colcon_core.package_identification:_identify(src/example_1/example_4) by extensions ['ros']
[0.962s] Level 1:colcon.colcon_core.package_identification:_identify(src/example_1/example_4) by extension 'ros'
[0.963s] DEBUG:colcon.colcon_core.package_identification:Package 'src/example_1/example_4' with type 'ros.ament_cmake' and name 'ros2_control_demo_example_4'
[0.963s] Level 1:colcon.colcon_core.package_identification:_identify(src/example_1/example_5) by extensions ['ignore', 'ignore_ament_install']
[0.963s] Level 1:colcon.colcon_core.package_identification:_identify(src/example_1/example_5) by extension 'ignore'
[0.963s] Level 1:colcon.colcon_core.package_identification:_identify(src/example_1/example_5) by extension 'ignore_ament_install'
[0.963s] Level 1:colcon.colcon_core.package_identification:_identify(src/example_1/example_5) by extensions ['colcon_pkg']
[0.963s] Level 1:colcon.colcon_core.package_identification:_identify(src/example_1/example_5) by extension 'colcon_pkg'
[0.963s] Level 1:colcon.colcon_core.package_identification:_identify(src/example_1/example_5) by extensions ['colcon_meta']
[0.963s] Level 1:colcon.colcon_core.package_identification:_identify(src/example_1/example_5) by extension 'colcon_meta'
[0.963s] Level 1:colcon.colcon_core.package_identification:_identify(src/example_1/example_5) by extensions ['ros']
[0.963s] Level 1:colcon.colcon_core.package_identification:_identify(src/example_1/example_5) by extension 'ros'
[0.964s] DEBUG:colcon.colcon_core.package_identification:Package 'src/example_1/example_5' with type 'ros.ament_cmake' and name 'ros2_control_demo_example_5'
[0.964s] Level 1:colcon.colcon_core.package_identification:_identify(src/example_1/example_6) by extensions ['ignore', 'ignore_ament_install']
[0.964s] Level 1:colcon.colcon_core.package_identification:_identify(src/example_1/example_6) by extension 'ignore'
[0.964s] Level 1:colcon.colcon_core.package_identification:_identify(src/example_1/example_6) by extension 'ignore_ament_install'
[0.964s] Level 1:colcon.colcon_core.package_identification:_identify(src/example_1/example_6) by extensions ['colcon_pkg']
[0.964s] Level 1:colcon.colcon_core.package_identification:_identify(src/example_1/example_6) by extension 'colcon_pkg'
[0.964s] Level 1:colcon.colcon_core.package_identification:_identify(src/example_1/example_6) by extensions ['colcon_meta']
[0.964s] Level 1:colcon.colcon_core.package_identification:_identify(src/example_1/example_6) by extension 'colcon_meta'
[0.964s] Level 1:colcon.colcon_core.package_identification:_identify(src/example_1/example_6) by extensions ['ros']
[0.964s] Level 1:colcon.colcon_core.package_identification:_identify(src/example_1/example_6) by extension 'ros'
[0.965s] DEBUG:colcon.colcon_core.package_identification:Package 'src/example_1/example_6' with type 'ros.ament_cmake' and name 'ros2_control_demo_example_6'
[0.965s] Level 1:colcon.colcon_core.package_identification:_identify(src/example_1/example_7) by extensions ['ignore', 'ignore_ament_install']
[0.965s] Level 1:colcon.colcon_core.package_identification:_identify(src/example_1/example_7) by extension 'ignore'
[0.965s] Level 1:colcon.colcon_core.package_identification:_identify(src/example_1/example_7) by extension 'ignore_ament_install'
[0.965s] Level 1:colcon.colcon_core.package_identification:_identify(src/example_1/example_7) by extensions ['colcon_pkg']
[0.965s] Level 1:colcon.colcon_core.package_identification:_identify(src/example_1/example_7) by extension 'colcon_pkg'
[0.965s] Level 1:colcon.colcon_core.package_identification:_identify(src/example_1/example_7) by extensions ['colcon_meta']
[0.965s] Level 1:colcon.colcon_core.package_identification:_identify(src/example_1/example_7) by extension 'colcon_meta'
[0.965s] Level 1:colcon.colcon_core.package_identification:_identify(src/example_1/example_7) by extensions ['ros']
[0.965s] Level 1:colcon.colcon_core.package_identification:_identify(src/example_1/example_7) by extension 'ros'
[0.966s] DEBUG:colcon.colcon_core.package_identification:Package 'src/example_1/example_7' with type 'ros.ament_cmake' and name 'ros2_control_demo_example_7'
[0.966s] Level 1:colcon.colcon_core.package_identification:_identify(src/example_1/example_8) by extensions ['ignore', 'ignore_ament_install']
[0.966s] Level 1:colcon.colcon_core.package_identification:_identify(src/example_1/example_8) by extension 'ignore'
[0.966s] Level 1:colcon.colcon_core.package_identification:_identify(src/example_1/example_8) by extension 'ignore_ament_install'
[0.966s] Level 1:colcon.colcon_core.package_identification:_identify(src/example_1/example_8) by extensions ['colcon_pkg']
[0.966s] Level 1:colcon.colcon_core.package_identification:_identify(src/example_1/example_8) by extension 'colcon_pkg'
[0.966s] Level 1:colcon.colcon_core.package_identification:_identify(src/example_1/example_8) by extensions ['colcon_meta']
[0.966s] Level 1:colcon.colcon_core.package_identification:_identify(src/example_1/example_8) by extension 'colcon_meta'
[0.966s] Level 1:colcon.colcon_core.package_identification:_identify(src/example_1/example_8) by extensions ['ros']
[0.966s] Level 1:colcon.colcon_core.package_identification:_identify(src/example_1/example_8) by extension 'ros'
[0.967s] DEBUG:colcon.colcon_core.package_identification:Package 'src/example_1/example_8' with type 'ros.ament_cmake' and name 'ros2_control_demo_example_8'
[0.967s] Level 1:colcon.colcon_core.package_identification:_identify(src/example_1/example_9) by extensions ['ignore', 'ignore_ament_install']
[0.967s] Level 1:colcon.colcon_core.package_identification:_identify(src/example_1/example_9) by extension 'ignore'
[0.967s] Level 1:colcon.colcon_core.package_identification:_identify(src/example_1/example_9) by extension 'ignore_ament_install'
[0.967s] Level 1:colcon.colcon_core.package_identification:_identify(src/example_1/example_9) by extensions ['colcon_pkg']
[0.967s] Level 1:colcon.colcon_core.package_identification:_identify(src/example_1/example_9) by extension 'colcon_pkg'
[0.967s] Level 1:colcon.colcon_core.package_identification:_identify(src/example_1/example_9) by extensions ['colcon_meta']
[0.967s] Level 1:colcon.colcon_core.package_identification:_identify(src/example_1/example_9) by extension 'colcon_meta'
[0.967s] Level 1:colcon.colcon_core.package_identification:_identify(src/example_1/example_9) by extensions ['ros']
[0.967s] Level 1:colcon.colcon_core.package_identification:_identify(src/example_1/example_9) by extension 'ros'
[0.968s] DEBUG:colcon.colcon_core.package_identification:Package 'src/example_1/example_9' with type 'ros.ament_cmake' and name 'ros2_control_demo_example_9'
[0.968s] Level 1:colcon.colcon_core.package_identification:_identify(src/example_1/ros2_control_demo_description) by extensions ['ignore', 'ignore_ament_install']
[0.968s] Level 1:colcon.colcon_core.package_identification:_identify(src/example_1/ros2_control_demo_description) by extension 'ignore'
[0.968s] Level 1:colcon.colcon_core.package_identification:_identify(src/example_1/ros2_control_demo_description) by extension 'ignore_ament_install'
[0.968s] Level 1:colcon.colcon_core.package_identification:_identify(src/example_1/ros2_control_demo_description) by extensions ['colcon_pkg']
[0.968s] Level 1:colcon.colcon_core.package_identification:_identify(src/example_1/ros2_control_demo_description) by extension 'colcon_pkg'
[0.968s] Level 1:colcon.colcon_core.package_identification:_identify(src/example_1/ros2_control_demo_description) by extensions ['colcon_meta']
[0.968s] Level 1:colcon.colcon_core.package_identification:_identify(src/example_1/ros2_control_demo_description) by extension 'colcon_meta'
[0.968s] Level 1:colcon.colcon_core.package_identification:_identify(src/example_1/ros2_control_demo_description) by extensions ['ros']
[0.968s] Level 1:colcon.colcon_core.package_identification:_identify(src/example_1/ros2_control_demo_description) by extension 'ros'
[0.968s] DEBUG:colcon.colcon_core.package_identification:Package 'src/example_1/ros2_control_demo_description' with type 'ros.ament_cmake' and name 'ros2_control_demo_description'
[0.968s] Level 1:colcon.colcon_core.package_identification:_identify(src/example_1/ros2_control_demo_testing) by extensions ['ignore', 'ignore_ament_install']
[0.968s] Level 1:colcon.colcon_core.package_identification:_identify(src/example_1/ros2_control_demo_testing) by extension 'ignore'
[0.968s] Level 1:colcon.colcon_core.package_identification:_identify(src/example_1/ros2_control_demo_testing) by extension 'ignore_ament_install'
[0.968s] Level 1:colcon.colcon_core.package_identification:_identify(src/example_1/ros2_control_demo_testing) by extensions ['colcon_pkg']
[0.968s] Level 1:colcon.colcon_core.package_identification:_identify(src/example_1/ros2_control_demo_testing) by extension 'colcon_pkg'
[0.968s] Level 1:colcon.colcon_core.package_identification:_identify(src/example_1/ros2_control_demo_testing) by extensions ['colcon_meta']
[0.968s] Level 1:colcon.colcon_core.package_identification:_identify(src/example_1/ros2_control_demo_testing) by extension 'colcon_meta'
[0.968s] Level 1:colcon.colcon_core.package_identification:_identify(src/example_1/ros2_control_demo_testing) by extensions ['ros']
[0.968s] Level 1:colcon.colcon_core.package_identification:_identify(src/example_1/ros2_control_demo_testing) by extension 'ros'
[0.969s] DEBUG:colcon.colcon_core.package_identification:Package 'src/example_1/ros2_control_demo_testing' with type 'ros.ament_python' and name 'ros2_control_demo_testing'
[0.969s] Level 1:colcon.colcon_core.package_identification:_identify(src/example_1/ros2_control_demos) by extensions ['ignore', 'ignore_ament_install']
[0.969s] Level 1:colcon.colcon_core.package_identification:_identify(src/example_1/ros2_control_demos) by extension 'ignore'
[0.969s] Level 1:colcon.colcon_core.package_identification:_identify(src/example_1/ros2_control_demos) by extension 'ignore_ament_install'
[0.969s] Level 1:colcon.colcon_core.package_identification:_identify(src/example_1/ros2_control_demos) by extensions ['colcon_pkg']
[0.969s] Level 1:colcon.colcon_core.package_identification:_identify(src/example_1/ros2_control_demos) by extension 'colcon_pkg'
[0.969s] Level 1:colcon.colcon_core.package_identification:_identify(src/example_1/ros2_control_demos) by extensions ['colcon_meta']
[0.969s] Level 1:colcon.colcon_core.package_identification:_identify(src/example_1/ros2_control_demos) by extension 'colcon_meta'
[0.969s] Level 1:colcon.colcon_core.package_identification:_identify(src/example_1/ros2_control_demos) by extensions ['ros']
[0.969s] Level 1:colcon.colcon_core.package_identification:_identify(src/example_1/ros2_control_demos) by extension 'ros'
[0.969s] DEBUG:colcon.colcon_core.package_identification:Package 'src/example_1/ros2_control_demos' with type 'ros.ament_cmake' and name 'ros2_control_demos'
[0.969s] Level 1:colcon.colcon_core.package_discovery:discover_packages(recursive) using defaults
[0.969s] Level 1:colcon.colcon_core.package_discovery:discover_packages(ignore) discover
[0.969s] Level 1:colcon.colcon_core.package_discovery:discover_packages(ignore) using defaults
[0.969s] Level 1:colcon.colcon_core.package_discovery:discover_packages(path) discover
[0.969s] Level 1:colcon.colcon_core.package_discovery:discover_packages(path) using defaults
[0.980s] WARNING:colcon.colcon_core.package_selection:ignoring unknown package 'example_1/example_1' in --packages-select
[1.022s] INFO:colcon.colcon_core.package_selection:Skipping not selected package 'anymal_d_simple_description' in 'src/anymal_d_simple_description'
[1.023s] INFO:colcon.colcon_core.package_selection:Skipping not selected package 'ros2_control_demo_description' in 'src/example_1/ros2_control_demo_description'
[1.023s] INFO:colcon.colcon_core.package_selection:Skipping not selected package 'ros2_control_demo_testing' in 'src/example_1/ros2_control_demo_testing'
[1.023s] INFO:colcon.colcon_core.package_selection:Skipping not selected package 'ros2_control_demo_example_1' in 'src/example_1/example_1'
[1.023s] INFO:colcon.colcon_core.package_selection:Skipping not selected package 'ros2_control_demo_example_10' in 'src/example_1/example_10'
[1.023s] INFO:colcon.colcon_core.package_selection:Skipping not selected package 'ros2_control_demo_example_11' in 'src/example_1/example_11'
[1.023s] INFO:colcon.colcon_core.package_selection:Skipping not selected package 'ros2_control_demo_example_12' in 'src/example_1/example_12'
[1.023s] INFO:colcon.colcon_core.package_selection:Skipping not selected package 'ros2_control_demo_example_14' in 'src/example_1/example_14'
[1.023s] INFO:colcon.colcon_core.package_selection:Skipping not selected package 'ros2_control_demo_example_2' in 'src/example_1/example_2'
[1.023s] INFO:colcon.colcon_core.package_selection:Skipping not selected package 'ros2_control_demo_example_3' in 'src/example_1/example_3'
[1.023s] INFO:colcon.colcon_core.package_selection:Skipping not selected package 'ros2_control_demo_example_4' in 'src/example_1/example_4'
[1.023s] INFO:colcon.colcon_core.package_selection:Skipping not selected package 'ros2_control_demo_example_5' in 'src/example_1/example_5'
[1.023s] INFO:colcon.colcon_core.package_selection:Skipping not selected package 'ros2_control_demo_example_6' in 'src/example_1/example_6'
[1.023s] INFO:colcon.colcon_core.package_selection:Skipping not selected package 'ros2_control_demo_example_7' in 'src/example_1/example_7'
[1.023s] INFO:colcon.colcon_core.package_selection:Skipping not selected package 'ros2_control_demo_example_8' in 'src/example_1/example_8'
[1.023s] INFO:colcon.colcon_core.package_selection:Skipping not selected package 'ros2_control_demo_example_9' in 'src/example_1/example_9'
[1.023s] INFO:colcon.colcon_core.package_selection:Skipping not selected package 'ros2_control_demo_example_15' in 'src/example_1/example_15'
[1.023s] INFO:colcon.colcon_core.package_selection:Skipping not selected package 'ros2_control_demos' in 'src/example_1/ros2_control_demos'
[1.042s] Level 1:colcon.colcon_core.package_discovery:discover_packages(prefix_path) check parameters
[1.042s] Level 1:colcon.colcon_core.package_discovery:discover_packages(prefix_path) discover
[1.064s] DEBUG:colcon.colcon_installed_package_information.package_discovery:Found 306 installed packages in /opt/ros/humble
[1.065s] Level 1:colcon.colcon_core.package_discovery:discover_packages(prefix_path) using defaults
[1.121s] INFO:colcon.colcon_core.executor:Executing jobs using 'parallel' executor
[1.131s] DEBUG:colcon.colcon_parallel_executor.executor.parallel:run_until_complete
[1.132s] DEBUG:colcon.colcon_parallel_executor.executor.parallel:closing loop
[1.132s] DEBUG:colcon.colcon_parallel_executor.executor.parallel:loop closed
[1.132s] DEBUG:colcon.colcon_parallel_executor.executor.parallel:run_until_complete finished with '0'
[1.132s] DEBUG:colcon.colcon_core.event_reactor:joining thread
[1.146s] INFO:colcon.colcon_core.plugin_system:Skipping extension 'colcon_notification.desktop_notification.terminal_notifier': Not used on non-Darwin systems
[1.146s] INFO:colcon.colcon_core.plugin_system:Skipping extension 'colcon_notification.desktop_notification.win32': Not used on non-Windows systems
[1.146s] INFO:colcon.colcon_notification.desktop_notification:Sending desktop notification using 'notify2'
[1.155s] DEBUG:colcon.colcon_core.event_reactor:joined thread
[1.171s] INFO:colcon.colcon_core.plugin_system:Skipping extension 'colcon_core.shell.bat': Not used on non-Windows systems
[1.172s] INFO:colcon.colcon_core.shell:Creating prefix script '/home/claudio/ros2_ws2/install/local_setup.ps1'
[1.173s] INFO:colcon.colcon_core.shell:Creating prefix util module '/home/claudio/ros2_ws2/install/_local_setup_util_ps1.py'
[1.173s] INFO:colcon.colcon_core.shell:Creating prefix chain script '/home/claudio/ros2_ws2/install/setup.ps1'
[1.184s] INFO:colcon.colcon_core.shell:Creating prefix script '/home/claudio/ros2_ws2/install/local_setup.sh'
[1.185s] INFO:colcon.colcon_core.shell:Creating prefix util module '/home/claudio/ros2_ws2/install/_local_setup_util_sh.py'
[1.185s] INFO:colcon.colcon_core.shell:Creating prefix chain script '/home/claudio/ros2_ws2/install/setup.sh'
[1.196s] INFO:colcon.colcon_core.shell:Creating prefix script '/home/claudio/ros2_ws2/install/local_setup.bash'
[1.196s] INFO:colcon.colcon_core.shell:Creating prefix chain script '/home/claudio/ros2_ws2/install/setup.bash'
[1.207s] INFO:colcon.colcon_core.shell:Creating prefix script '/home/claudio/ros2_ws2/install/local_setup.zsh'
[1.207s] INFO:colcon.colcon_core.shell:Creating prefix chain script '/home/claudio/ros2_ws2/install/setup.zsh'
