-- Found ament_cmake: 1.3.5 (/opt/ros/humble/share/ament_cmake/cmake)
-- Found trajectory_msgs: 4.2.3 (/opt/ros/humble/share/trajectory_msgs/cmake)
-- Found rosidl_generator_c: 3.1.5 (/opt/ros/humble/share/rosidl_generator_c/cmake)
-- Found rosidl_adapter: 3.1.5 (/opt/ros/humble/share/rosidl_adapter/cmake)
-- Found rosidl_generator_cpp: 3.1.5 (/opt/ros/humble/share/rosidl_generator_cpp/cmake)
-- Using all available rosidl_typesupport_c: rosidl_typesupport_fastrtps_c;rosidl_typesupport_introspection_c
-- Using all available rosidl_typesupport_cpp: rosidl_typesupport_fastrtps_cpp;rosidl_typesupport_introspection_cpp
-- Found gazebo_ros2_control: 0.4.9 (/opt/ros/humble/share/gazebo_ros2_control/cmake)
-- Found rmw_implementation_cmake: 6.1.1 (/opt/ros/humble/share/rmw_implementation_cmake/cmake)
-- Found rmw_fastrtps_cpp: 6.2.4 (/opt/ros/humble/share/rmw_fastrtps_cpp/cmake)
-- Using RMW implementation 'rmw_fastrtps_cpp' as default
-- Found DART: /usr/include (Required is at least version "6.6") found components: dart 
-- Found Protobuf: /usr/lib/x86_64-linux-gnu/libprotobuf.so (found version "3.12.4") 
-- Looking for ignition-math6 -- found version 6.15.1
-- Searching for dependencies of ignition-math6
-- Looking for OGRE...
-- Found Ogre Ghadamon (1.9.0)
-- Found OGRE: optimized;/usr/lib/x86_64-linux-gnu/libOgreMain.so;debug;/usr/lib/x86_64-linux-gnu/libOgreMain.so
-- Looking for OGRE_Paging...
-- Found OGRE_Paging: optimized;/usr/lib/x86_64-linux-gnu/libOgrePaging.so;debug;/usr/lib/x86_64-linux-gnu/libOgrePaging.so
-- Looking for OGRE_Terrain...
-- Found OGRE_Terrain: optimized;/usr/lib/x86_64-linux-gnu/libOgreTerrain.so;debug;/usr/lib/x86_64-linux-gnu/libOgreTerrain.so
-- Looking for OGRE_Property...
-- Found OGRE_Property: optimized;/usr/lib/x86_64-linux-gnu/libOgreProperty.so;debug;/usr/lib/x86_64-linux-gnu/libOgreProperty.so
-- Looking for OGRE_RTShaderSystem...
-- Found OGRE_RTShaderSystem: optimized;/usr/lib/x86_64-linux-gnu/libOgreRTShaderSystem.so;debug;/usr/lib/x86_64-linux-gnu/libOgreRTShaderSystem.so
-- Looking for OGRE_Volume...
-- Found OGRE_Volume: optimized;/usr/lib/x86_64-linux-gnu/libOgreVolume.so;debug;/usr/lib/x86_64-linux-gnu/libOgreVolume.so
-- Looking for OGRE_Overlay...
-- Found OGRE_Overlay: optimized;/usr/lib/x86_64-linux-gnu/libOgreOverlay.so;debug;/usr/lib/x86_64-linux-gnu/libOgreOverlay.so
-- Looking for ignition-math6 -- found version 6.15.1
-- Looking for ignition-transport8 -- found version 8.2.1
-- Searching for dependencies of ignition-transport8
-- Found Protobuf: /usr/lib/x86_64-linux-gnu/libprotobuf.so (found suitable version "3.12.4", minimum required is "3") 
-- Config-file not installed for ZeroMQ -- checking for pkg-config
-- Checking for module 'libzmq >= 4'
--   Found libzmq , version 4.3.4
-- Checking for module 'uuid'
--   Found uuid, version 2.37.2
-- Looking for ignition-msgs5 -- found version 5.8.1
-- Searching for dependencies of ignition-msgs5
-- Looking for ignition-math6 -- found version 6.15.1
-- Looking for ignition-msgs5 -- found version 5.8.1
-- Looking for ignition-common3 -- found version 3.14.0
-- Searching for dependencies of ignition-common3
-- Looking for dlfcn.h - found
-- Looking for libdl - found
-- Searching for <ignition-common3> component [graphics]
-- Looking for ignition-common3-graphics -- found version 3.14.0
-- Searching for dependencies of ignition-common3-graphics
-- Looking for ignition-math6 -- found version 6.15.1
-- Looking for ignition-fuel_tools4 -- found version 4.4.0
-- Searching for dependencies of ignition-fuel_tools4
-- Checking for module 'jsoncpp'
--   Found jsoncpp, version 1.9.5
-- Checking for module 'libzip'
--   Found libzip, version 1.7.3
-- Looking for ignition-common3 -- found version 3.14.0
-- Looking for ignition-math6 -- found version 6.15.1
-- Looking for ignition-msgs5 -- found version 5.8.1
-- Gazebo version: 11.10
-- Found xacro: 2.0.8 (/opt/ros/humble/share/xacro/cmake)
-- Configuring done
-- Generating done
-- Build files have been written to: /home/claudio/ros2_ws2/build/anymal_d_simple_description
-- Install configuration: ""
-- Up-to-date: /home/claudio/ros2_ws2/install/anymal_d_simple_description/share/anymal_d_simple_description/config
-- Up-to-date: /home/claudio/ros2_ws2/install/anymal_d_simple_description/share/anymal_d_simple_description/config/initial_positions.yaml
-- Up-to-date: /home/claudio/ros2_ws2/install/anymal_d_simple_description/share/anymal_d_simple_description/config/rviz
-- Up-to-date: /home/claudio/ros2_ws2/install/anymal_d_simple_description/share/anymal_d_simple_description/config/rviz/standing.rviz
-- Up-to-date: /home/claudio/ros2_ws2/install/anymal_d_simple_description/share/anymal_d_simple_description/config/pos_controller.yaml
-- Up-to-date: /home/claudio/ros2_ws2/install/anymal_d_simple_description/share/anymal_d_simple_description/launch
-- Up-to-date: /home/claudio/ros2_ws2/install/anymal_d_simple_description/share/anymal_d_simple_description/launch/launch_anymal_d.launch.py
-- Up-to-date: /home/claudio/ros2_ws2/install/anymal_d_simple_description/share/anymal_d_simple_description/meshes
-- Up-to-date: /home/claudio/ros2_ws2/install/anymal_d_simple_description/share/anymal_d_simple_description/meshes/battery.jpg
-- Up-to-date: /home/claudio/ros2_ws2/install/anymal_d_simple_description/share/anymal_d_simple_description/meshes/drive.jpg
-- Up-to-date: /home/claudio/ros2_ws2/install/anymal_d_simple_description/share/anymal_d_simple_description/meshes/mount.dae
-- Up-to-date: /home/claudio/ros2_ws2/install/anymal_d_simple_description/share/anymal_d_simple_description/meshes/hip.jpg
-- Up-to-date: /home/claudio/ros2_ws2/install/anymal_d_simple_description/share/anymal_d_simple_description/meshes/tilt.jpg
-- Up-to-date: /home/claudio/ros2_ws2/install/anymal_d_simple_description/share/anymal_d_simple_description/meshes/docking_socket.dae
-- Up-to-date: /home/claudio/ros2_ws2/install/anymal_d_simple_description/share/anymal_d_simple_description/meshes/shank_l.dae
-- Up-to-date: /home/claudio/ros2_ws2/install/anymal_d_simple_description/share/anymal_d_simple_description/meshes/docking_socket.jpg
-- Up-to-date: /home/claudio/ros2_ws2/install/anymal_d_simple_description/share/anymal_d_simple_description/meshes/shank.jpg
-- Up-to-date: /home/claudio/ros2_ws2/install/anymal_d_simple_description/share/anymal_d_simple_description/meshes/battery.dae
-- Up-to-date: /home/claudio/ros2_ws2/install/anymal_d_simple_description/share/anymal_d_simple_description/meshes/lidar_guard.dae
-- Up-to-date: /home/claudio/ros2_ws2/install/anymal_d_simple_description/share/anymal_d_simple_description/meshes/mount.jpg
-- Up-to-date: /home/claudio/ros2_ws2/install/anymal_d_simple_description/share/anymal_d_simple_description/meshes/hip.dae
-- Up-to-date: /home/claudio/ros2_ws2/install/anymal_d_simple_description/share/anymal_d_simple_description/meshes/face_shell.dae
-- Up-to-date: /home/claudio/ros2_ws2/install/anymal_d_simple_description/share/anymal_d_simple_description/meshes/pan.jpg
-- Up-to-date: /home/claudio/ros2_ws2/install/anymal_d_simple_description/share/anymal_d_simple_description/meshes/base.jpg
-- Up-to-date: /home/claudio/ros2_ws2/install/anymal_d_simple_description/share/anymal_d_simple_description/meshes/shank_r.dae
-- Up-to-date: /home/claudio/ros2_ws2/install/anymal_d_simple_description/share/anymal_d_simple_description/meshes/face_shell.jpg
-- Up-to-date: /home/claudio/ros2_ws2/install/anymal_d_simple_description/share/anymal_d_simple_description/meshes/tilt.dae
-- Up-to-date: /home/claudio/ros2_ws2/install/anymal_d_simple_description/share/anymal_d_simple_description/meshes/thigh.jpg
-- Up-to-date: /home/claudio/ros2_ws2/install/anymal_d_simple_description/share/anymal_d_simple_description/meshes/lidar.jpg
-- Up-to-date: /home/claudio/ros2_ws2/install/anymal_d_simple_description/share/anymal_d_simple_description/meshes/lidar.dae
-- Up-to-date: /home/claudio/ros2_ws2/install/anymal_d_simple_description/share/anymal_d_simple_description/meshes/foot.dae
-- Up-to-date: /home/claudio/ros2_ws2/install/anymal_d_simple_description/share/anymal_d_simple_description/meshes/foot.jpg
-- Up-to-date: /home/claudio/ros2_ws2/install/anymal_d_simple_description/share/anymal_d_simple_description/meshes/bottom_shell.jpg
-- Up-to-date: /home/claudio/ros2_ws2/install/anymal_d_simple_description/share/anymal_d_simple_description/meshes/base.dae
-- Up-to-date: /home/claudio/ros2_ws2/install/anymal_d_simple_description/share/anymal_d_simple_description/meshes/hatch.jpg
-- Up-to-date: /home/claudio/ros2_ws2/install/anymal_d_simple_description/share/anymal_d_simple_description/meshes/top_shell.dae
-- Up-to-date: /home/claudio/ros2_ws2/install/anymal_d_simple_description/share/anymal_d_simple_description/meshes/hatch.dae
-- Up-to-date: /home/claudio/ros2_ws2/install/anymal_d_simple_description/share/anymal_d_simple_description/meshes/bottom_shell.dae
-- Up-to-date: /home/claudio/ros2_ws2/install/anymal_d_simple_description/share/anymal_d_simple_description/meshes/drive.dae
-- Up-to-date: /home/claudio/ros2_ws2/install/anymal_d_simple_description/share/anymal_d_simple_description/meshes/top_shell.jpg
-- Up-to-date: /home/claudio/ros2_ws2/install/anymal_d_simple_description/share/anymal_d_simple_description/meshes/lidar_guard.jpg
-- Up-to-date: /home/claudio/ros2_ws2/install/anymal_d_simple_description/share/anymal_d_simple_description/meshes/thigh.dae
-- Up-to-date: /home/claudio/ros2_ws2/install/anymal_d_simple_description/share/anymal_d_simple_description/meshes/pan.dae
-- Up-to-date: /home/claudio/ros2_ws2/install/anymal_d_simple_description/share/anymal_d_simple_description/urdf
-- Installing: /home/claudio/ros2_ws2/install/anymal_d_simple_description/share/anymal_d_simple_description/urdf/anymal.urdf
-- Up-to-date: /home/claudio/ros2_ws2/install/anymal_d_simple_description/share/ament_index/resource_index/package_run_dependencies/anymal_d_simple_description
-- Up-to-date: /home/claudio/ros2_ws2/install/anymal_d_simple_description/share/ament_index/resource_index/parent_prefix_path/anymal_d_simple_description
-- Up-to-date: /home/claudio/ros2_ws2/install/anymal_d_simple_description/share/anymal_d_simple_description/environment/ament_prefix_path.sh
-- Installing: /home/claudio/ros2_ws2/install/anymal_d_simple_description/share/anymal_d_simple_description/environment/ament_prefix_path.dsv
-- Up-to-date: /home/claudio/ros2_ws2/install/anymal_d_simple_description/share/anymal_d_simple_description/environment/path.sh
-- Installing: /home/claudio/ros2_ws2/install/anymal_d_simple_description/share/anymal_d_simple_description/environment/path.dsv
-- Up-to-date: /home/claudio/ros2_ws2/install/anymal_d_simple_description/share/anymal_d_simple_description/local_setup.bash
-- Up-to-date: /home/claudio/ros2_ws2/install/anymal_d_simple_description/share/anymal_d_simple_description/local_setup.sh
-- Up-to-date: /home/claudio/ros2_ws2/install/anymal_d_simple_description/share/anymal_d_simple_description/local_setup.zsh
-- Installing: /home/claudio/ros2_ws2/install/anymal_d_simple_description/share/anymal_d_simple_description/local_setup.dsv
-- Installing: /home/claudio/ros2_ws2/install/anymal_d_simple_description/share/anymal_d_simple_description/package.dsv
-- Up-to-date: /home/claudio/ros2_ws2/install/anymal_d_simple_description/share/ament_index/resource_index/packages/anymal_d_simple_description
-- Up-to-date: /home/claudio/ros2_ws2/install/anymal_d_simple_description/share/anymal_d_simple_description/cmake/anymal_d_simple_descriptionConfig.cmake
-- Up-to-date: /home/claudio/ros2_ws2/install/anymal_d_simple_description/share/anymal_d_simple_description/cmake/anymal_d_simple_descriptionConfig-version.cmake
-- Up-to-date: /home/claudio/ros2_ws2/install/anymal_d_simple_description/share/anymal_d_simple_description/package.xml
