[0.047s] Invoking command in '/home/claudio/ros2_ws2/build/ign_ros2_control': CMAKE_PREFIX_PATH=${CMAKE_PREFIX_PATH}:/home/claudio/ros2_ws2/install/ros2_control_demo_testing:/home/claudio/ros2_ws2/install/ros2_control_demo_example_1:/opt/ros/humble /usr/bin/cmake /home/claudio/ros2_ws2/src/gz_ros2_control/ign_ros2_control -DCMAKE_INSTALL_PREFIX=/home/claudio/ros2_ws2/install/ign_ros2_control
[0.189s] -- The C compiler identification is GNU 11.4.0
[0.274s] -- The CXX compiler identification is GNU 11.4.0
[0.279s] -- Detecting C compiler ABI info
[0.371s] -- Detecting C compiler ABI info - done
[0.376s] -- Check for working C compiler: /usr/bin/cc - skipped
[0.377s] -- Detecting C compile features
[0.377s] -- Detecting C compile features - done
[0.379s] -- Detecting CXX compiler ABI info
[0.465s] -- Detecting CXX compiler ABI info - done
[0.470s] -- Check for working CXX compiler: /usr/bin/c++ - skipped
[0.470s] -- Detecting CXX compile features
[0.470s] -- Detecting CXX compile features - done
[0.473s] -- Found ament_cmake: 1.3.5 (/opt/ros/humble/share/ament_cmake/cmake)
[0.713s] -- Found Python3: /usr/bin/python3.10 (found version "3.10.12") found components: Interpreter 
[0.776s] -- Found ament_index_cpp: 1.4.0 (/opt/ros/humble/share/ament_index_cpp/cmake)
[0.778s] -- Found controller_manager: 2.41.0 (/opt/ros/humble/share/controller_manager/cmake)
[0.807s] -- Found rosidl_generator_c: 3.1.5 (/opt/ros/humble/share/rosidl_generator_c/cmake)
[0.810s] -- Found rosidl_adapter: 3.1.5 (/opt/ros/humble/share/rosidl_adapter/cmake)
[0.815s] -- Found rosidl_generator_cpp: 3.1.5 (/opt/ros/humble/share/rosidl_generator_cpp/cmake)
[0.824s] -- Using all available rosidl_typesupport_c: rosidl_typesupport_fastrtps_c;rosidl_typesupport_introspection_c
[0.835s] -- Using all available rosidl_typesupport_cpp: rosidl_typesupport_fastrtps_cpp;rosidl_typesupport_introspection_cpp
[1.247s] -- Found rmw_implementation_cmake: 6.1.1 (/opt/ros/humble/share/rmw_implementation_cmake/cmake)
[1.249s] -- Found rmw_fastrtps_cpp: 6.2.4 (/opt/ros/humble/share/rmw_fastrtps_cpp/cmake)
[1.318s] -- Found OpenSSL: /usr/lib/x86_64-linux-gnu/libcrypto.so (found version "3.0.2")  
[1.341s] -- Found FastRTPS: /opt/ros/humble/include  
[1.373s] -- Using RMW implementation 'rmw_fastrtps_cpp' as default
[1.379s] -- Looking for pthread.h
[1.446s] -- Looking for pthread.h - found
[1.446s] -- Performing Test CMAKE_HAVE_LIBC_PTHREAD
[1.521s] -- Performing Test CMAKE_HAVE_LIBC_PTHREAD - Success
[1.521s] -- Found Threads: TRUE  
[1.887s] -- Found yaml_cpp_vendor: 8.0.2 (/opt/ros/humble/share/yaml_cpp_vendor/cmake)
[1.898s] -- Looking for ignition-gazebo6 -- found version 6.16.0
[1.902s] -- Searching for dependencies of ignition-gazebo6
[1.904s] -- Looking for sdformat12 -- found version 12.7.2
[1.904s] -- Searching for dependencies of sdformat12
[1.907s] -- Checking for module 'tinyxml2'
[1.916s] --   Found tinyxml2, version 9.0.0
[1.940s] -- Looking for ignition-math6 -- found version 6.15.1
[1.941s] -- Searching for dependencies of ignition-math6
[1.944s] -- Looking for ignition-utils1 -- found version 1.5.1
[1.944s] -- Searching for dependencies of ignition-utils1
[1.947s] -- Looking for ignition-plugin1 -- found version 1.4.0
[1.947s] -- Searching for dependencies of ignition-plugin1
[1.948s] -- Searching for <ignition-plugin1> component [loader]
[1.950s] -- Looking for ignition-plugin1-loader -- found version 1.4.0
[1.950s] -- Searching for dependencies of ignition-plugin1-loader
[1.951s] -- Searching for <ignition-plugin1> component [register]
[1.952s] -- Looking for ignition-plugin1-register -- found version 1.4.0
[1.953s] -- Searching for dependencies of ignition-plugin1-register
[1.955s] -- Looking for ignition-transport11 -- found version 11.4.1
[1.955s] -- Searching for dependencies of ignition-transport11
[1.971s] -- Found Protobuf: /usr/lib/x86_64-linux-gnu/libprotobuf.so (found version "3.12.4") 
[1.978s] -- Config-file not installed for ZeroMQ -- checking for pkg-config
[1.981s] -- Checking for module 'libzmq >= 4'
[1.989s] --   Found libzmq , version 4.3.4
[2.013s] -- Found ZeroMQ: TRUE (Required is at least version "4") 
[2.018s] -- Checking for module 'uuid'
[2.026s] --   Found uuid, version 2.37.2
[2.067s] -- Found UUID: TRUE  
[2.068s] -- Looking for ignition-utils1 -- found version 1.5.1
[2.069s] -- Searching for dependencies of ignition-utils1
[2.069s] -- Searching for <ignition-utils1> component [cli]
[2.080s] -- Looking for ignition-utils1-cli -- found version 1.5.1
[2.080s] -- Searching for dependencies of ignition-utils1-cli
[2.083s] -- Looking for ignition-msgs8 -- found version 8.7.0
[2.083s] -- Searching for dependencies of ignition-msgs8
[2.097s] -- Found Protobuf: /usr/lib/x86_64-linux-gnu/libprotobuf.so (found suitable version "3.12.4", minimum required is "3") 
[2.098s] -- Looking for ignition-math6 -- found version 6.15.1
[2.104s] -- Searching for <ignition-transport11> component [log]
[2.106s] -- Looking for ignition-transport11-log -- found version 11.4.1
[2.106s] -- Searching for dependencies of ignition-transport11-log
[2.107s] -- Searching for <ignition-transport11> component [parameters]
[2.109s] -- Looking for ignition-transport11-parameters -- found version 11.4.1
[2.109s] -- Searching for dependencies of ignition-transport11-parameters
[2.110s] -- Looking for ignition-msgs8 -- found version 8.7.0
[2.112s] -- Looking for ignition-common4 -- found version 4.7.0
[2.112s] -- Searching for dependencies of ignition-common4
[2.112s] -- Looking for dlfcn.h - found
[2.113s] -- Looking for libdl - found
[2.113s] -- Found DL: TRUE  
[2.119s] -- Searching for <ignition-common4> component [profiler]
[2.121s] -- Looking for ignition-common4-profiler -- found version 4.7.0
[2.121s] -- Searching for dependencies of ignition-common4-profiler
[2.122s] -- Searching for <ignition-common4> component [events]
[2.123s] -- Looking for ignition-common4-events -- found version 4.7.0
[2.123s] -- Searching for dependencies of ignition-common4-events
[2.123s] -- Looking for ignition-math6 -- found version 6.15.1
[2.124s] -- Searching for <ignition-common4> component [av]
[2.126s] -- Looking for ignition-common4-av -- found version 4.7.0
[2.126s] -- Searching for dependencies of ignition-common4-av
[2.130s] -- Checking for module 'libswscale'
[2.138s] --   Found libswscale, version 5.9.100
[2.162s] -- Found SWSCALE: TRUE  
[2.167s] -- Checking for module 'libavdevice >= 56.4.100'
[2.180s] --   Found libavdevice , version 58.13.100
[2.254s] -- Found AVDEVICE: TRUE (Required is at least version "56.4.100") 
[2.265s] -- Checking for module 'libavformat'
[2.288s] --   Found libavformat, version 58.76.100
[2.369s] -- Found AVFORMAT: TRUE  
[2.379s] -- Checking for module 'libavcodec'
[2.399s] --   Found libavcodec, version 58.134.100
[2.481s] -- Found AVCODEC: TRUE  
[2.496s] -- Checking for module 'libavutil'
[2.516s] --   Found libavutil, version 56.70.100
[2.603s] -- Found AVUTIL: TRUE  
[2.621s] -- Looking for ignition-fuel_tools7 -- found version 7.3.0
[2.622s] -- Searching for dependencies of ignition-fuel_tools7
[2.687s] -- Found CURL: /usr/lib/x86_64-linux-gnu/libcurl.so (found version "7.81.0")  
[2.693s] -- Checking for module 'jsoncpp'
[2.701s] --   Found jsoncpp, version 1.9.5
[2.736s] -- Found JSONCPP: TRUE  
[2.743s] -- Checking for module 'libzip'
[2.756s] --   Found libzip, version 1.7.3
[2.819s] -- Found ZIP: TRUE  
[2.820s] -- Looking for ignition-common4 -- found version 4.7.0
[2.820s] -- Looking for ignition-math6 -- found version 6.15.1
[2.821s] -- Looking for ignition-msgs8 -- found version 8.7.0
[2.837s] -- Looking for ignition-gui6 -- found version 6.8.0
[2.838s] -- Searching for dependencies of ignition-gui6
[2.859s] -- Looking for ignition-math6 -- found version 6.15.1
[2.859s] -- Looking for ignition-common4 -- found version 4.7.0
[2.860s] -- Looking for ignition-plugin1 -- found version 1.4.0
[2.860s] -- Looking for ignition-transport11 -- found version 11.4.1
[2.862s] -- Looking for ignition-rendering6 -- found version 6.6.3
[2.862s] -- Searching for dependencies of ignition-rendering6
[2.863s] -- Looking for ignition-math6 -- found version 6.15.1
[2.863s] -- Searching for dependencies of ignition-math6
[2.863s] -- Searching for <ignition-math6> component [eigen3]
[2.865s] -- Looking for ignition-math6-eigen3 -- found version 6.15.1
[2.865s] -- Searching for dependencies of ignition-math6-eigen3
[2.870s] -- Looking for ignition-common4 -- found version 4.7.0
[2.870s] -- Searching for dependencies of ignition-common4
[2.871s] -- Looking for dlfcn.h - found
[2.871s] -- Looking for libdl - found
[2.876s] -- Searching for <ignition-common4> component [graphics]
[2.878s] -- Looking for ignition-common4-graphics -- found version 4.7.0
[2.878s] -- Searching for dependencies of ignition-common4-graphics
[2.879s] -- Looking for ignition-math6 -- found version 6.15.1
[2.879s] -- Looking for ignition-utils1 -- found version 1.5.1
[2.880s] -- Searching for <ignition-common4> component [events]
[2.880s] -- Looking for ignition-plugin1 -- found version 1.4.0
[2.880s] -- Searching for dependencies of ignition-plugin1
[2.880s] -- Searching for <ignition-plugin1> component [all]
[2.882s] -- Looking for all libraries of ignition-plugin1 -- found version 1.4.0
[2.882s] -- Looking for ignition-plugin1 -- found version 1.4.0
[2.884s] -- Looking for ignition-msgs8 -- found version 8.7.0
[2.909s] -- Looking for ignition-physics5 -- found version 5.3.2
[2.909s] -- Searching for dependencies of ignition-physics5
[2.910s] -- Looking for ignition-math6 -- found version 6.15.1
[2.910s] -- Looking for ignition-plugin1 -- found version 1.4.0
[2.910s] -- Looking for ignition-utils1 -- found version 1.5.1
[2.911s] -- Searching for <ignition-physics5> component [heightmap]
[2.913s] -- Looking for ignition-physics5-heightmap -- found version 5.3.2
[2.913s] -- Searching for dependencies of ignition-physics5-heightmap
[2.913s] -- Looking for ignition-common4 -- found version 4.7.0
[2.914s] -- Searching for <ignition-physics5> component [mesh]
[2.915s] -- Looking for ignition-physics5-mesh -- found version 5.3.2
[2.915s] -- Searching for dependencies of ignition-physics5-mesh
[2.916s] -- Looking for ignition-common4 -- found version 4.7.0
[2.916s] -- Searching for <ignition-physics5> component [sdf]
[2.918s] -- Looking for ignition-physics5-sdf -- found version 5.3.2
[2.918s] -- Searching for dependencies of ignition-physics5-sdf
[2.918s] -- Looking for sdformat12 -- found version 12.7.2
[2.922s] -- Looking for ignition-sensors6 -- found version 6.8.0
[2.922s] -- Searching for dependencies of ignition-sensors6
[2.934s] -- Found Protobuf: /usr/lib/x86_64-linux-gnu/libprotobuf.so (found version "3.12.4") 
[2.934s] -- Looking for ignition-math6 -- found version 6.15.1
[2.934s] -- Looking for ignition-common4 -- found version 4.7.0
[2.935s] -- Looking for ignition-transport11 -- found version 11.4.1
[2.935s] -- Looking for ignition-rendering6 -- found version 6.6.3
[2.935s] -- Looking for ignition-msgs8 -- found version 8.7.0
[2.935s] -- Looking for sdformat12 -- found version 12.7.2
[2.936s] -- Searching for <ignition-sensors6> component [air_pressure]
[2.938s] -- Looking for ignition-sensors6-air_pressure -- found version 6.8.0
[2.938s] -- Searching for dependencies of ignition-sensors6-air_pressure
[2.939s] -- Searching for <ignition-sensors6> component [altimeter]
[2.940s] -- Looking for ignition-sensors6-altimeter -- found version 6.8.0
[2.941s] -- Searching for dependencies of ignition-sensors6-altimeter
[2.941s] -- Searching for <ignition-sensors6> component [imu]
[2.943s] -- Looking for ignition-sensors6-imu -- found version 6.8.0
[2.943s] -- Searching for dependencies of ignition-sensors6-imu
[2.944s] -- Searching for <ignition-sensors6> component [force_torque]
[2.945s] -- Looking for ignition-sensors6-force_torque -- found version 6.8.0
[2.946s] -- Searching for dependencies of ignition-sensors6-force_torque
[2.946s] -- Searching for <ignition-sensors6> component [logical_camera]
[2.948s] -- Looking for ignition-sensors6-logical_camera -- found version 6.8.0
[2.948s] -- Searching for dependencies of ignition-sensors6-logical_camera
[2.949s] -- Searching for <ignition-sensors6> component [magnetometer]
[2.950s] -- Looking for ignition-sensors6-magnetometer -- found version 6.8.0
[2.951s] -- Searching for dependencies of ignition-sensors6-magnetometer
[2.951s] -- Searching for <ignition-sensors6> component [navsat]
[2.953s] -- Looking for ignition-sensors6-navsat -- found version 6.8.0
[2.953s] -- Searching for dependencies of ignition-sensors6-navsat
[2.954s] -- Searching for <ignition-sensors6> component [rendering]
[2.955s] -- Looking for ignition-sensors6-rendering -- found version 6.8.0
[2.956s] -- Searching for dependencies of ignition-sensors6-rendering
[2.956s] -- Searching for <ignition-sensors6> component [lidar]
[2.958s] -- Looking for ignition-sensors6-lidar -- found version 6.8.0
[2.958s] -- Searching for dependencies of ignition-sensors6-lidar
[2.958s] -- Looking for ignition-sensors6 -- found version 6.8.0
[2.959s] -- Searching for <ignition-sensors6> component [gpu_lidar]
[2.960s] -- Looking for ignition-sensors6-gpu_lidar -- found version 6.8.0
[2.961s] -- Searching for dependencies of ignition-sensors6-gpu_lidar
[2.961s] -- Looking for ignition-sensors6 -- found version 6.8.0
[2.962s] -- Searching for <ignition-sensors6> component [camera]
[2.963s] -- Looking for ignition-sensors6-camera -- found version 6.8.0
[2.964s] -- Searching for dependencies of ignition-sensors6-camera
[2.964s] -- Looking for ignition-sensors6 -- found version 6.8.0
[2.964s] -- Searching for <ignition-sensors6> component [boundingbox_camera]
[2.966s] -- Looking for ignition-sensors6-boundingbox_camera -- found version 6.8.0
[2.966s] -- Searching for dependencies of ignition-sensors6-boundingbox_camera
[2.967s] -- Searching for <ignition-sensors6> component [segmentation_camera]
[2.969s] -- Looking for ignition-sensors6-segmentation_camera -- found version 6.8.0
[2.969s] -- Searching for dependencies of ignition-sensors6-segmentation_camera
[2.969s] -- Searching for <ignition-sensors6> component [depth_camera]
[2.971s] -- Looking for ignition-sensors6-depth_camera -- found version 6.8.0
[2.971s] -- Searching for dependencies of ignition-sensors6-depth_camera
[2.971s] -- Looking for ignition-sensors6 -- found version 6.8.0
[2.972s] -- Searching for <ignition-sensors6> component [rgbd_camera]
[2.975s] -- Looking for ignition-sensors6-rgbd_camera -- found version 6.8.0
[2.975s] -- Searching for dependencies of ignition-sensors6-rgbd_camera
[2.975s] -- Looking for ignition-sensors6 -- found version 6.8.0
[2.976s] -- Searching for <ignition-sensors6> component [thermal_camera]
[2.977s] -- Looking for ignition-sensors6-thermal_camera -- found version 6.8.0
[2.978s] -- Searching for dependencies of ignition-sensors6-thermal_camera
[2.978s] -- Looking for ignition-sensors6 -- found version 6.8.0
[2.979s] -- Looking for ignition-rendering6 -- found version 6.6.3
[2.979s] -- Looking for ignition-math6 -- found version 6.15.1
[2.981s] -- Looking for ignition-utils1 -- found version 1.5.1
[2.993s] -- Compiling against Ignition Fortress
[2.994s] -- Looking for ignition-plugin1 -- found version 1.4.0
[3.325s] -- Found ament_lint_auto: 0.12.8 (/opt/ros/humble/share/ament_lint_auto/cmake)
[3.397s] -- Added test 'copyright' to check source files copyright and LICENSE
[3.399s] -- Added test 'cppcheck' to perform static code analysis on C / C++ code
[3.399s] -- Configured cppcheck include dirs: /home/claudio/ros2_ws2/src/gz_ros2_control/ign_ros2_control/include
[3.399s] -- Configured cppcheck exclude dirs and/or files: 
[3.399s] -- Added test 'cpplint' to check C / C++ code against the Google style
[3.399s] -- Configured cpplint exclude dirs and/or files: 
[3.400s] -- Added test 'lint_cmake' to check CMake code style
[3.401s] -- Added test 'uncrustify' to check C / C++ code style
[3.401s] -- Configured uncrustify additional arguments: 
[3.402s] -- Added test 'xmllint' to check XML markup files
[3.403s] -- Configuring done
[3.448s] -- Generating done
[3.449s] -- Build files have been written to: /home/claudio/ros2_ws2/build/ign_ros2_control
[3.460s] Invoked command in '/home/claudio/ros2_ws2/build/ign_ros2_control' returned '0': CMAKE_PREFIX_PATH=${CMAKE_PREFIX_PATH}:/home/claudio/ros2_ws2/install/ros2_control_demo_testing:/home/claudio/ros2_ws2/install/ros2_control_demo_example_1:/opt/ros/humble /usr/bin/cmake /home/claudio/ros2_ws2/src/gz_ros2_control/ign_ros2_control -DCMAKE_INSTALL_PREFIX=/home/claudio/ros2_ws2/install/ign_ros2_control
[3.461s] Invoking command in '/home/claudio/ros2_ws2/build/ign_ros2_control': CMAKE_PREFIX_PATH=${CMAKE_PREFIX_PATH}:/home/claudio/ros2_ws2/install/ros2_control_demo_testing:/home/claudio/ros2_ws2/install/ros2_control_demo_example_1:/opt/ros/humble /usr/bin/cmake --build /home/claudio/ros2_ws2/build/ign_ros2_control -- -j16 -l16
[3.504s] [ 25%] [32mBuilding CXX object CMakeFiles/ign_hardware_plugins.dir/src/ign_system.cpp.o[0m
[3.504s] [ 50%] [32mBuilding CXX object CMakeFiles/ign_ros2_control-system.dir/src/ign_ros2_control_plugin.cpp.o[0m
[10.897s] [ 75%] [32m[1mLinking CXX shared library libign_hardware_plugins.so[0m
[11.030s] [100%] [32m[1mLinking CXX shared library libign_ros2_control-system.so[0m
[11.259s] [100%] Built target ign_hardware_plugins
[11.440s] [100%] Built target ign_ros2_control-system
[11.448s] Invoked command in '/home/claudio/ros2_ws2/build/ign_ros2_control' returned '0': CMAKE_PREFIX_PATH=${CMAKE_PREFIX_PATH}:/home/claudio/ros2_ws2/install/ros2_control_demo_testing:/home/claudio/ros2_ws2/install/ros2_control_demo_example_1:/opt/ros/humble /usr/bin/cmake --build /home/claudio/ros2_ws2/build/ign_ros2_control -- -j16 -l16
[11.486s] Invoking command in '/home/claudio/ros2_ws2/build/ign_ros2_control': CMAKE_PREFIX_PATH=${CMAKE_PREFIX_PATH}:/home/claudio/ros2_ws2/install/ros2_control_demo_testing:/home/claudio/ros2_ws2/install/ros2_control_demo_example_1:/opt/ros/humble /usr/bin/cmake --install /home/claudio/ros2_ws2/build/ign_ros2_control
[11.497s] -- Install configuration: ""
[11.497s] -- Installing: /home/claudio/ros2_ws2/install/ign_ros2_control/lib/libign_hardware_plugins.so
[11.502s] -- Set runtime path of "/home/claudio/ros2_ws2/install/ign_ros2_control/lib/libign_hardware_plugins.so" to ""
[11.502s] -- Installing: /home/claudio/ros2_ws2/install/ign_ros2_control/include
[11.502s] -- Installing: /home/claudio/ros2_ws2/install/ign_ros2_control/include/ign_ros2_control
[11.502s] -- Installing: /home/claudio/ros2_ws2/install/ign_ros2_control/include/ign_ros2_control/ign_system_interface.hpp
[11.502s] -- Installing: /home/claudio/ros2_ws2/install/ign_ros2_control/include/ign_ros2_control/ign_ros2_control_plugin.hpp
[11.502s] -- Installing: /home/claudio/ros2_ws2/install/ign_ros2_control/include/ign_ros2_control/ign_system.hpp
[11.503s] -- Installing: /home/claudio/ros2_ws2/install/ign_ros2_control/share/ign_ros2_control/environment/library_path.sh
[11.503s] -- Installing: /home/claudio/ros2_ws2/install/ign_ros2_control/share/ign_ros2_control/environment/library_path.dsv
[11.503s] -- Installing: /home/claudio/ros2_ws2/install/ign_ros2_control/lib/libign_ros2_control-system.so
[11.506s] -- Set runtime path of "/home/claudio/ros2_ws2/install/ign_ros2_control/lib/libign_ros2_control-system.so" to ""
[11.506s] -- Installing: /home/claudio/ros2_ws2/install/ign_ros2_control/share/ign_ros2_control/ign_hardware_plugins.xml
[11.506s] -- Installing: /home/claudio/ros2_ws2/install/ign_ros2_control/share/ament_index/resource_index/package_run_dependencies/ign_ros2_control
[11.506s] -- Installing: /home/claudio/ros2_ws2/install/ign_ros2_control/share/ament_index/resource_index/parent_prefix_path/ign_ros2_control
[11.506s] -- Installing: /home/claudio/ros2_ws2/install/ign_ros2_control/share/ign_ros2_control/environment/ament_prefix_path.sh
[11.506s] -- Installing: /home/claudio/ros2_ws2/install/ign_ros2_control/share/ign_ros2_control/environment/ament_prefix_path.dsv
[11.506s] -- Installing: /home/claudio/ros2_ws2/install/ign_ros2_control/share/ign_ros2_control/environment/path.sh
[11.506s] -- Installing: /home/claudio/ros2_ws2/install/ign_ros2_control/share/ign_ros2_control/environment/path.dsv
[11.506s] -- Installing: /home/claudio/ros2_ws2/install/ign_ros2_control/share/ign_ros2_control/local_setup.bash
[11.506s] -- Installing: /home/claudio/ros2_ws2/install/ign_ros2_control/share/ign_ros2_control/local_setup.sh
[11.506s] -- Installing: /home/claudio/ros2_ws2/install/ign_ros2_control/share/ign_ros2_control/local_setup.zsh
[11.506s] -- Installing: /home/claudio/ros2_ws2/install/ign_ros2_control/share/ign_ros2_control/local_setup.dsv
[11.506s] -- Installing: /home/claudio/ros2_ws2/install/ign_ros2_control/share/ign_ros2_control/package.dsv
[11.507s] -- Installing: /home/claudio/ros2_ws2/install/ign_ros2_control/share/ament_index/resource_index/packages/ign_ros2_control
[11.507s] -- Installing: /home/claudio/ros2_ws2/install/ign_ros2_control/share/ament_index/resource_index/ign_ros2_control__pluginlib__plugin/ign_ros2_control
[11.507s] -- Installing: /home/claudio/ros2_ws2/install/ign_ros2_control/share/ign_ros2_control/cmake/ament_cmake_export_include_directories-extras.cmake
[11.507s] -- Installing: /home/claudio/ros2_ws2/install/ign_ros2_control/share/ign_ros2_control/cmake/ament_cmake_export_libraries-extras.cmake
[11.507s] -- Installing: /home/claudio/ros2_ws2/install/ign_ros2_control/share/ign_ros2_control/cmake/ign_ros2_controlConfig.cmake
[11.507s] -- Installing: /home/claudio/ros2_ws2/install/ign_ros2_control/share/ign_ros2_control/cmake/ign_ros2_controlConfig-version.cmake
[11.507s] -- Installing: /home/claudio/ros2_ws2/install/ign_ros2_control/share/ign_ros2_control/package.xml
[11.508s] Invoked command in '/home/claudio/ros2_ws2/build/ign_ros2_control' returned '0': CMAKE_PREFIX_PATH=${CMAKE_PREFIX_PATH}:/home/claudio/ros2_ws2/install/ros2_control_demo_testing:/home/claudio/ros2_ws2/install/ros2_control_demo_example_1:/opt/ros/humble /usr/bin/cmake --install /home/claudio/ros2_ws2/build/ign_ros2_control
