[0.039s] Invoking command in '/home/claudio/ros2_ws2/build/ros2_control_demo_description': CMAKE_PREFIX_PATH=/opt/ros/humble /usr/bin/cmake /home/claudio/ros2_ws2/src/ros2_control_demos/ros2_control_demo_description -DCMAKE_INSTALL_PREFIX=/home/claudio/ros2_ws2/install/ros2_control_demo_description
[0.245s] -- The C compiler identification is GNU 11.4.0
[0.354s] -- The CXX compiler identification is GNU 11.4.0
[0.375s] -- Detecting C compiler ABI info
[0.427s] -- Detecting C compiler ABI info - done
[0.432s] -- Check for working C compiler: /usr/bin/cc - skipped
[0.432s] -- Detecting C compile features
[0.436s] -- Detecting C compile features - done
[0.440s] -- Detecting CXX compiler ABI info
[0.494s] -- Detecting CXX compiler ABI info - done
[0.499s] -- Check for working CXX compiler: /usr/bin/c++ - skipped
[0.499s] -- Detecting CXX compile features
[0.499s] -- Detecting CXX compile features - done
[0.507s] -- Found ament_cmake: 1.3.5 (/opt/ros/humble/share/ament_cmake/cmake)
[0.739s] -- Found Python3: /usr/bin/python3.10 (found version "3.10.12") found components: Interpreter 
[0.905s] -- Configuring done
[0.906s] -- Generating done
[0.906s] -- Build files have been written to: /home/claudio/ros2_ws2/build/ros2_control_demo_description
[0.909s] Invoked command in '/home/claudio/ros2_ws2/build/ros2_control_demo_description' returned '0': CMAKE_PREFIX_PATH=/opt/ros/humble /usr/bin/cmake /home/claudio/ros2_ws2/src/ros2_control_demos/ros2_control_demo_description -DCMAKE_INSTALL_PREFIX=/home/claudio/ros2_ws2/install/ros2_control_demo_description
[0.910s] Invoking command in '/home/claudio/ros2_ws2/build/ros2_control_demo_description': CMAKE_PREFIX_PATH=/opt/ros/humble /usr/bin/cmake --build /home/claudio/ros2_ws2/build/ros2_control_demo_description -- -j16 -l16
[0.935s] Invoked command in '/home/claudio/ros2_ws2/build/ros2_control_demo_description' returned '0': CMAKE_PREFIX_PATH=/opt/ros/humble /usr/bin/cmake --build /home/claudio/ros2_ws2/build/ros2_control_demo_description -- -j16 -l16
[0.956s] Invoking command in '/home/claudio/ros2_ws2/build/ros2_control_demo_description': CMAKE_PREFIX_PATH=/opt/ros/humble /usr/bin/cmake --install /home/claudio/ros2_ws2/build/ros2_control_demo_description
[0.961s] -- Install configuration: ""
[0.961s] -- Installing: /home/claudio/ros2_ws2/install/ros2_control_demo_description/share/ros2_control_demo_description/rrbot/urdf
[0.963s] -- Installing: /home/claudio/ros2_ws2/install/ros2_control_demo_description/share/ros2_control_demo_description/rrbot/urdf/rrbot.materials.xacro
[0.963s] -- Installing: /home/claudio/ros2_ws2/install/ros2_control_demo_description/share/ros2_control_demo_description/rrbot/urdf/rrbot_description.urdf.xacro
[0.963s] -- Installing: /home/claudio/ros2_ws2/install/ros2_control_demo_description/share/ros2_control_demo_description/rrbot/rviz
[0.965s] -- Installing: /home/claudio/ros2_ws2/install/ros2_control_demo_description/share/ros2_control_demo_description/rrbot/rviz/rrbot.rviz
[0.966s] -- Installing: /home/claudio/ros2_ws2/install/ros2_control_demo_description/share/ros2_control_demo_description/diffbot/urdf
[0.966s] -- Installing: /home/claudio/ros2_ws2/install/ros2_control_demo_description/share/ros2_control_demo_description/diffbot/urdf/diffbot_description.urdf.xacro
[0.966s] -- Installing: /home/claudio/ros2_ws2/install/ros2_control_demo_description/share/ros2_control_demo_description/diffbot/urdf/diffbot.materials.xacro
[0.966s] -- Installing: /home/claudio/ros2_ws2/install/ros2_control_demo_description/share/ros2_control_demo_description/diffbot/rviz
[0.966s] -- Installing: /home/claudio/ros2_ws2/install/ros2_control_demo_description/share/ros2_control_demo_description/diffbot/rviz/diffbot_view.rviz
[0.966s] -- Installing: /home/claudio/ros2_ws2/install/ros2_control_demo_description/share/ros2_control_demo_description/diffbot/rviz/diffbot.rviz
[0.966s] -- Installing: /home/claudio/ros2_ws2/install/ros2_control_demo_description/share/ros2_control_demo_description/carlikebot/urdf
[0.967s] -- Installing: /home/claudio/ros2_ws2/install/ros2_control_demo_description/share/ros2_control_demo_description/carlikebot/urdf/carlikebot_description.urdf.xacro
[0.967s] -- Installing: /home/claudio/ros2_ws2/install/ros2_control_demo_description/share/ros2_control_demo_description/carlikebot/urdf/carlikebot.materials.xacro
[0.967s] -- Installing: /home/claudio/ros2_ws2/install/ros2_control_demo_description/share/ros2_control_demo_description/carlikebot/rviz
[0.967s] -- Installing: /home/claudio/ros2_ws2/install/ros2_control_demo_description/share/ros2_control_demo_description/carlikebot/rviz/carlikebot_view.rviz
[0.967s] -- Installing: /home/claudio/ros2_ws2/install/ros2_control_demo_description/share/ros2_control_demo_description/carlikebot/rviz/carlikebot.rviz
[0.967s] -- Installing: /home/claudio/ros2_ws2/install/ros2_control_demo_description/share/ros2_control_demo_description/r6bot/meshes
[0.967s] -- Installing: /home/claudio/ros2_ws2/install/ros2_control_demo_description/share/ros2_control_demo_description/r6bot/meshes/visual
[0.968s] -- Installing: /home/claudio/ros2_ws2/install/ros2_control_demo_description/share/ros2_control_demo_description/r6bot/meshes/visual/link_4.dae
[0.968s] -- Installing: /home/claudio/ros2_ws2/install/ros2_control_demo_description/share/ros2_control_demo_description/r6bot/meshes/visual/link_5.dae
[0.971s] -- Installing: /home/claudio/ros2_ws2/install/ros2_control_demo_description/share/ros2_control_demo_description/r6bot/meshes/visual/link_3.dae
[0.972s] -- Installing: /home/claudio/ros2_ws2/install/ros2_control_demo_description/share/ros2_control_demo_description/r6bot/meshes/visual/link_1.dae
[0.974s] -- Installing: /home/claudio/ros2_ws2/install/ros2_control_demo_description/share/ros2_control_demo_description/r6bot/meshes/visual/link_2.dae
[0.982s] -- Installing: /home/claudio/ros2_ws2/install/ros2_control_demo_description/share/ros2_control_demo_description/r6bot/meshes/visual/link_6.dae
[0.986s] -- Installing: /home/claudio/ros2_ws2/install/ros2_control_demo_description/share/ros2_control_demo_description/r6bot/meshes/visual/link_0.dae
[0.987s] -- Installing: /home/claudio/ros2_ws2/install/ros2_control_demo_description/share/ros2_control_demo_description/r6bot/meshes/collision
[0.987s] -- Installing: /home/claudio/ros2_ws2/install/ros2_control_demo_description/share/ros2_control_demo_description/r6bot/meshes/collision/link_1.stl
[0.989s] -- Installing: /home/claudio/ros2_ws2/install/ros2_control_demo_description/share/ros2_control_demo_description/r6bot/meshes/collision/link_5.stl
[0.990s] -- Installing: /home/claudio/ros2_ws2/install/ros2_control_demo_description/share/ros2_control_demo_description/r6bot/meshes/collision/link_3.stl
[0.994s] -- Installing: /home/claudio/ros2_ws2/install/ros2_control_demo_description/share/ros2_control_demo_description/r6bot/meshes/collision/link_2.stl
[0.998s] -- Installing: /home/claudio/ros2_ws2/install/ros2_control_demo_description/share/ros2_control_demo_description/r6bot/meshes/collision/link_6.stl
[0.998s] -- Installing: /home/claudio/ros2_ws2/install/ros2_control_demo_description/share/ros2_control_demo_description/r6bot/meshes/collision/link_0.stl
[1.001s] -- Installing: /home/claudio/ros2_ws2/install/ros2_control_demo_description/share/ros2_control_demo_description/r6bot/meshes/collision/link_4.stl
[1.001s] -- Installing: /home/claudio/ros2_ws2/install/ros2_control_demo_description/share/ros2_control_demo_description/r6bot/srdf
[1.001s] -- Installing: /home/claudio/ros2_ws2/install/ros2_control_demo_description/share/ros2_control_demo_description/r6bot/srdf/r6bot.srdf
[1.001s] -- Installing: /home/claudio/ros2_ws2/install/ros2_control_demo_description/share/ros2_control_demo_description/r6bot/urdf
[1.004s] -- Installing: /home/claudio/ros2_ws2/install/ros2_control_demo_description/share/ros2_control_demo_description/r6bot/urdf/inc
[1.006s] -- Installing: /home/claudio/ros2_ws2/install/ros2_control_demo_description/share/ros2_control_demo_description/r6bot/urdf/inc/create_link.xacro
[1.006s] -- Installing: /home/claudio/ros2_ws2/install/ros2_control_demo_description/share/ros2_control_demo_description/r6bot/urdf/r6bot_description.urdf.xacro
[1.006s] -- Installing: /home/claudio/ros2_ws2/install/ros2_control_demo_description/share/ros2_control_demo_description/r6bot/rviz
[1.007s] -- Installing: /home/claudio/ros2_ws2/install/ros2_control_demo_description/share/ros2_control_demo_description/r6bot/rviz/view_robot.rviz
[1.007s] -- Installing: /home/claudio/ros2_ws2/install/ros2_control_demo_description/share/ament_index/resource_index/package_run_dependencies/ros2_control_demo_description
[1.007s] -- Installing: /home/claudio/ros2_ws2/install/ros2_control_demo_description/share/ament_index/resource_index/parent_prefix_path/ros2_control_demo_description
[1.007s] -- Installing: /home/claudio/ros2_ws2/install/ros2_control_demo_description/share/ros2_control_demo_description/environment/ament_prefix_path.sh
[1.007s] -- Installing: /home/claudio/ros2_ws2/install/ros2_control_demo_description/share/ros2_control_demo_description/environment/ament_prefix_path.dsv
[1.007s] -- Installing: /home/claudio/ros2_ws2/install/ros2_control_demo_description/share/ros2_control_demo_description/environment/path.sh
[1.007s] -- Installing: /home/claudio/ros2_ws2/install/ros2_control_demo_description/share/ros2_control_demo_description/environment/path.dsv
[1.007s] -- Installing: /home/claudio/ros2_ws2/install/ros2_control_demo_description/share/ros2_control_demo_description/local_setup.bash
[1.007s] -- Installing: /home/claudio/ros2_ws2/install/ros2_control_demo_description/share/ros2_control_demo_description/local_setup.sh
[1.007s] -- Installing: /home/claudio/ros2_ws2/install/ros2_control_demo_description/share/ros2_control_demo_description/local_setup.zsh
[1.007s] -- Installing: /home/claudio/ros2_ws2/install/ros2_control_demo_description/share/ros2_control_demo_description/local_setup.dsv
[1.007s] -- Installing: /home/claudio/ros2_ws2/install/ros2_control_demo_description/share/ros2_control_demo_description/package.dsv
[1.007s] -- Installing: /home/claudio/ros2_ws2/install/ros2_control_demo_description/share/ament_index/resource_index/packages/ros2_control_demo_description
[1.008s] -- Installing: /home/claudio/ros2_ws2/install/ros2_control_demo_description/share/ros2_control_demo_description/cmake/ros2_control_demo_descriptionConfig.cmake
[1.008s] -- Installing: /home/claudio/ros2_ws2/install/ros2_control_demo_description/share/ros2_control_demo_description/cmake/ros2_control_demo_descriptionConfig-version.cmake
[1.008s] -- Installing: /home/claudio/ros2_ws2/install/ros2_control_demo_description/share/ros2_control_demo_description/package.xml
[1.009s] Invoked command in '/home/claudio/ros2_ws2/build/ros2_control_demo_description' returned '0': CMAKE_PREFIX_PATH=/opt/ros/humble /usr/bin/cmake --install /home/claudio/ros2_ws2/build/ros2_control_demo_description
