[0.050s] Invoking command in '/home/claudio/ros2_ws2/build/ign_ros2_control_demos': AMENT_PREFIX_PATH=/home/claudio/ros2_ws2/install/ign_ros2_control:${AMENT_PREFIX_PATH} CMAKE_PREFIX_PATH=/home/claudio/ros2_ws2/install/ign_ros2_control:/home/claudio/ros2_ws2/install/ros2_control_demo_description:/home/claudio/ros2_ws2/install/anymal_d_simple_description:/home/claudio/ros2_ws2/install/ros2_control_demo_testing:/home/claudio/ros2_ws2/install/ros2_control_demo_example_1:/opt/ros/humble LD_LIBRARY_PATH=/home/claudio/ros2_ws2/install/ign_ros2_control/lib:${LD_LIBRARY_PATH} /usr/bin/cmake /home/claudio/ros2_ws2/src/gz_ros2_control/ign_ros2_control_demos -DCMAKE_INSTALL_PREFIX=/home/claudio/ros2_ws2/install/ign_ros2_control_demos
[0.085s] -- The C compiler identification is GNU 11.4.0
[0.120s] -- The CXX compiler identification is GNU 11.4.0
[0.125s] -- Detecting C compiler ABI info
[0.205s] -- Detecting C compiler ABI info - done
[0.211s] -- Check for working C compiler: /usr/bin/cc - skipped
[0.211s] -- Detecting C compile features
[0.212s] -- Detecting C compile features - done
[0.215s] -- Detecting CXX compiler ABI info
[0.283s] -- Detecting CXX compiler ABI info - done
[0.287s] -- Check for working CXX compiler: /usr/bin/c++ - skipped
[0.287s] -- Detecting CXX compile features
[0.287s] -- Detecting CXX compile features - done
[0.289s] -- Found ament_cmake: 1.3.5 (/opt/ros/humble/share/ament_cmake/cmake)
[0.513s] -- Found Python3: /usr/bin/python3.10 (found version "3.10.12") found components: Interpreter 
[0.567s] -- Found control_msgs: 4.4.0 (/opt/ros/humble/share/control_msgs/cmake)
[0.591s] -- Found rosidl_generator_c: 3.1.5 (/opt/ros/humble/share/rosidl_generator_c/cmake)
[0.594s] -- Found rosidl_adapter: 3.1.5 (/opt/ros/humble/share/rosidl_adapter/cmake)
[0.599s] -- Found rosidl_generator_cpp: 3.1.5 (/opt/ros/humble/share/rosidl_generator_cpp/cmake)
[0.607s] -- Using all available rosidl_typesupport_c: rosidl_typesupport_fastrtps_c;rosidl_typesupport_introspection_c
[0.618s] -- Using all available rosidl_typesupport_cpp: rosidl_typesupport_fastrtps_cpp;rosidl_typesupport_introspection_cpp
[0.948s] -- Found rclcpp: 16.0.6 (/opt/ros/humble/share/rclcpp/cmake)
[0.985s] -- Found rmw_implementation_cmake: 6.1.1 (/opt/ros/humble/share/rmw_implementation_cmake/cmake)
[0.986s] -- Found rmw_fastrtps_cpp: 6.2.4 (/opt/ros/humble/share/rmw_fastrtps_cpp/cmake)
[1.052s] -- Found OpenSSL: /usr/lib/x86_64-linux-gnu/libcrypto.so (found version "3.0.2")  
[1.071s] -- Found FastRTPS: /opt/ros/humble/include  
[1.101s] -- Using RMW implementation 'rmw_fastrtps_cpp' as default
[1.107s] -- Looking for pthread.h
[1.162s] -- Looking for pthread.h - found
[1.162s] -- Performing Test CMAKE_HAVE_LIBC_PTHREAD
[1.218s] -- Performing Test CMAKE_HAVE_LIBC_PTHREAD - Success
[1.219s] -- Found Threads: TRUE  
[1.298s] -- Found rclcpp_action: 16.0.6 (/opt/ros/humble/share/rclcpp_action/cmake)
[1.320s] -- Found ament_cmake_gtest: 1.3.5 (/opt/ros/humble/share/ament_cmake_gtest/cmake)
[1.322s] -- Found ament_lint_auto: 0.12.8 (/opt/ros/humble/share/ament_lint_auto/cmake)
[1.382s] -- Added test 'copyright' to check source files copyright and LICENSE
[1.383s] -- Added test 'cppcheck' to perform static code analysis on C / C++ code
[1.384s] -- Configured cppcheck include dirs: 
[1.384s] -- Configured cppcheck exclude dirs and/or files: 
[1.384s] -- Added test 'cpplint' to check C / C++ code against the Google style
[1.384s] -- Configured cpplint exclude dirs and/or files: 
[1.385s] -- Added test 'flake8' to check Python code syntax and style conventions
[1.385s] -- Added test 'lint_cmake' to check CMake code style
[1.385s] -- Added test 'pep257' to check Python code against some of the docstring style conventions in PEP 257
[1.386s] -- Added test 'uncrustify' to check C / C++ code style
[1.386s] -- Configured uncrustify additional arguments: 
[1.387s] -- Added test 'xmllint' to check XML markup files
[1.387s] -- Configuring done
[1.402s] -- Generating done
[1.403s] -- Build files have been written to: /home/claudio/ros2_ws2/build/ign_ros2_control_demos
[1.411s] Invoked command in '/home/claudio/ros2_ws2/build/ign_ros2_control_demos' returned '0': AMENT_PREFIX_PATH=/home/claudio/ros2_ws2/install/ign_ros2_control:${AMENT_PREFIX_PATH} CMAKE_PREFIX_PATH=/home/claudio/ros2_ws2/install/ign_ros2_control:/home/claudio/ros2_ws2/install/ros2_control_demo_description:/home/claudio/ros2_ws2/install/anymal_d_simple_description:/home/claudio/ros2_ws2/install/ros2_control_demo_testing:/home/claudio/ros2_ws2/install/ros2_control_demo_example_1:/opt/ros/humble LD_LIBRARY_PATH=/home/claudio/ros2_ws2/install/ign_ros2_control/lib:${LD_LIBRARY_PATH} /usr/bin/cmake /home/claudio/ros2_ws2/src/gz_ros2_control/ign_ros2_control_demos -DCMAKE_INSTALL_PREFIX=/home/claudio/ros2_ws2/install/ign_ros2_control_demos
[1.412s] Invoking command in '/home/claudio/ros2_ws2/build/ign_ros2_control_demos': AMENT_PREFIX_PATH=/home/claudio/ros2_ws2/install/ign_ros2_control:${AMENT_PREFIX_PATH} CMAKE_PREFIX_PATH=/home/claudio/ros2_ws2/install/ign_ros2_control:/home/claudio/ros2_ws2/install/ros2_control_demo_description:/home/claudio/ros2_ws2/install/anymal_d_simple_description:/home/claudio/ros2_ws2/install/ros2_control_demo_testing:/home/claudio/ros2_ws2/install/ros2_control_demo_example_1:/opt/ros/humble LD_LIBRARY_PATH=/home/claudio/ros2_ws2/install/ign_ros2_control/lib:${LD_LIBRARY_PATH} /usr/bin/cmake --build /home/claudio/ros2_ws2/build/ign_ros2_control_demos -- -j16 -l16
[1.452s] [ 28%] [32mBuilding CXX object CMakeFiles/example_diff_drive.dir/examples/example_diff_drive.cpp.o[0m
[1.453s] [ 28%] [32mBuilding CXX object CMakeFiles/example_effort.dir/examples/example_effort.cpp.o[0m
[1.453s] [ 28%] [32mBuilding CXX object CMakeFiles/example_position.dir/examples/example_position.cpp.o[0m
[1.453s] [ 28%] [32mBuilding CXX object CMakeFiles/example_velocity.dir/examples/example_velocity.cpp.o[0m
[1.453s] [ 35%] [32mBuilding CXX object CMakeFiles/example_tricycle_drive.dir/examples/example_tricycle_drive.cpp.o[0m
[1.453s] [ 42%] [32mBuilding CXX object CMakeFiles/example_ackermann_drive.dir/examples/example_ackermann_drive.cpp.o[0m
[1.453s] [ 50%] [32mBuilding CXX object CMakeFiles/example_gripper.dir/examples/example_gripper.cpp.o[0m
[4.289s] [ 57%] [32m[1mLinking CXX executable example_ackermann_drive[0m
[4.296s] [ 64%] [32m[1mLinking CXX executable example_tricycle_drive[0m
[4.321s] [ 71%] [32m[1mLinking CXX executable example_diff_drive[0m
[4.347s] [ 78%] [32m[1mLinking CXX executable example_velocity[0m
[4.348s] [ 85%] [32m[1mLinking CXX executable example_effort[0m
[4.375s] [ 92%] [32m[1mLinking CXX executable example_gripper[0m
[4.442s] [ 92%] Built target example_tricycle_drive
[4.442s] [ 92%] Built target example_ackermann_drive
[4.459s] [ 92%] Built target example_diff_drive
[4.481s] [ 92%] Built target example_velocity
[4.481s] [ 92%] Built target example_effort
[4.501s] [ 92%] Built target example_gripper
[4.603s] [100%] [32m[1mLinking CXX executable example_position[0m
[4.728s] [100%] Built target example_position
[4.737s] Invoked command in '/home/claudio/ros2_ws2/build/ign_ros2_control_demos' returned '0': AMENT_PREFIX_PATH=/home/claudio/ros2_ws2/install/ign_ros2_control:${AMENT_PREFIX_PATH} CMAKE_PREFIX_PATH=/home/claudio/ros2_ws2/install/ign_ros2_control:/home/claudio/ros2_ws2/install/ros2_control_demo_description:/home/claudio/ros2_ws2/install/anymal_d_simple_description:/home/claudio/ros2_ws2/install/ros2_control_demo_testing:/home/claudio/ros2_ws2/install/ros2_control_demo_example_1:/opt/ros/humble LD_LIBRARY_PATH=/home/claudio/ros2_ws2/install/ign_ros2_control/lib:${LD_LIBRARY_PATH} /usr/bin/cmake --build /home/claudio/ros2_ws2/build/ign_ros2_control_demos -- -j16 -l16
[4.831s] Invoking command in '/home/claudio/ros2_ws2/build/ign_ros2_control_demos': AMENT_PREFIX_PATH=/home/claudio/ros2_ws2/install/ign_ros2_control:${AMENT_PREFIX_PATH} CMAKE_PREFIX_PATH=/home/claudio/ros2_ws2/install/ign_ros2_control:/home/claudio/ros2_ws2/install/ros2_control_demo_description:/home/claudio/ros2_ws2/install/anymal_d_simple_description:/home/claudio/ros2_ws2/install/ros2_control_demo_testing:/home/claudio/ros2_ws2/install/ros2_control_demo_example_1:/opt/ros/humble LD_LIBRARY_PATH=/home/claudio/ros2_ws2/install/ign_ros2_control/lib:${LD_LIBRARY_PATH} /usr/bin/cmake --install /home/claudio/ros2_ws2/build/ign_ros2_control_demos
[4.838s] -- Install configuration: ""
[4.838s] -- Installing: /home/claudio/ros2_ws2/install/ign_ros2_control_demos/share/ign_ros2_control_demos//launch
[4.838s] -- Installing: /home/claudio/ros2_ws2/install/ign_ros2_control_demos/share/ign_ros2_control_demos//launch/pendulum_example_position.launch.py
[4.839s] -- Installing: /home/claudio/ros2_ws2/install/ign_ros2_control_demos/share/ign_ros2_control_demos//launch/ackermann_drive_example.launch.py
[4.839s] -- Installing: /home/claudio/ros2_ws2/install/ign_ros2_control_demos/share/ign_ros2_control_demos//launch/gripper_mimic_joint_example.launch.py
[4.839s] -- Installing: /home/claudio/ros2_ws2/install/ign_ros2_control_demos/share/ign_ros2_control_demos//launch/diff_drive_example.launch.py
[4.839s] -- Installing: /home/claudio/ros2_ws2/install/ign_ros2_control_demos/share/ign_ros2_control_demos//launch/cart_example_effort.launch.py
[4.839s] -- Installing: /home/claudio/ros2_ws2/install/ign_ros2_control_demos/share/ign_ros2_control_demos//launch/pendulum_example_effort.launch.py
[4.839s] -- Installing: /home/claudio/ros2_ws2/install/ign_ros2_control_demos/share/ign_ros2_control_demos//launch/cart_example_position.launch.py
[4.839s] -- Installing: /home/claudio/ros2_ws2/install/ign_ros2_control_demos/share/ign_ros2_control_demos//launch/tricycle_drive_example.launch.py
[4.839s] -- Installing: /home/claudio/ros2_ws2/install/ign_ros2_control_demos/share/ign_ros2_control_demos//launch/cart_example_velocity.launch.py
[4.845s] -- Installing: /home/claudio/ros2_ws2/install/ign_ros2_control_demos/share/ign_ros2_control_demos//config
[4.845s] -- Installing: /home/claudio/ros2_ws2/install/ign_ros2_control_demos/share/ign_ros2_control_demos//config/ackermann_drive_controller.yaml
[4.845s] -- Installing: /home/claudio/ros2_ws2/install/ign_ros2_control_demos/share/ign_ros2_control_demos//config/cart_controller_effort.yaml
[4.845s] -- Installing: /home/claudio/ros2_ws2/install/ign_ros2_control_demos/share/ign_ros2_control_demos//config/diff_drive_controller_velocity.yaml
[4.845s] -- Installing: /home/claudio/ros2_ws2/install/ign_ros2_control_demos/share/ign_ros2_control_demos//config/cart_controller_velocity.yaml
[4.846s] -- Installing: /home/claudio/ros2_ws2/install/ign_ros2_control_demos/share/ign_ros2_control_demos//config/tricycle_drive_controller.yaml
[4.846s] -- Installing: /home/claudio/ros2_ws2/install/ign_ros2_control_demos/share/ign_ros2_control_demos//config/gripper_controller.yaml
[4.846s] -- Installing: /home/claudio/ros2_ws2/install/ign_ros2_control_demos/share/ign_ros2_control_demos//config/cart_controller_position.yaml
[4.846s] -- Installing: /home/claudio/ros2_ws2/install/ign_ros2_control_demos/share/ign_ros2_control_demos//urdf
[4.846s] -- Installing: /home/claudio/ros2_ws2/install/ign_ros2_control_demos/share/ign_ros2_control_demos//urdf/test_tricycle_drive.xacro.urdf
[4.846s] -- Installing: /home/claudio/ros2_ws2/install/ign_ros2_control_demos/share/ign_ros2_control_demos//urdf/test_cart_velocity.xacro.urdf
[4.847s] -- Installing: /home/claudio/ros2_ws2/install/ign_ros2_control_demos/share/ign_ros2_control_demos//urdf/test_ackermann_drive.xacro.urdf
[4.847s] -- Installing: /home/claudio/ros2_ws2/install/ign_ros2_control_demos/share/ign_ros2_control_demos//urdf/test_cart_position.xacro.urdf
[4.847s] -- Installing: /home/claudio/ros2_ws2/install/ign_ros2_control_demos/share/ign_ros2_control_demos//urdf/test_pendulum_position.xacro.urdf
[4.847s] -- Installing: /home/claudio/ros2_ws2/install/ign_ros2_control_demos/share/ign_ros2_control_demos//urdf/test_cart_effort.xacro.urdf
[4.847s] -- Installing: /home/claudio/ros2_ws2/install/ign_ros2_control_demos/share/ign_ros2_control_demos//urdf/test_pendulum_effort.xacro.urdf
[4.847s] -- Installing: /home/claudio/ros2_ws2/install/ign_ros2_control_demos/share/ign_ros2_control_demos//urdf/test_gripper_mimic_joint.xacro.urdf
[4.848s] -- Installing: /home/claudio/ros2_ws2/install/ign_ros2_control_demos/share/ign_ros2_control_demos//urdf/test_diff_drive.xacro.urdf
[4.848s] -- Installing: /home/claudio/ros2_ws2/install/ign_ros2_control_demos/lib/ign_ros2_control_demos/example_position
[4.849s] -- Set runtime path of "/home/claudio/ros2_ws2/install/ign_ros2_control_demos/lib/ign_ros2_control_demos/example_position" to ""
[4.849s] -- Installing: /home/claudio/ros2_ws2/install/ign_ros2_control_demos/lib/ign_ros2_control_demos/example_velocity
[4.850s] -- Set runtime path of "/home/claudio/ros2_ws2/install/ign_ros2_control_demos/lib/ign_ros2_control_demos/example_velocity" to ""
[4.850s] -- Installing: /home/claudio/ros2_ws2/install/ign_ros2_control_demos/lib/ign_ros2_control_demos/example_effort
[4.851s] -- Set runtime path of "/home/claudio/ros2_ws2/install/ign_ros2_control_demos/lib/ign_ros2_control_demos/example_effort" to ""
[4.851s] -- Installing: /home/claudio/ros2_ws2/install/ign_ros2_control_demos/lib/ign_ros2_control_demos/example_diff_drive
[4.852s] -- Set runtime path of "/home/claudio/ros2_ws2/install/ign_ros2_control_demos/lib/ign_ros2_control_demos/example_diff_drive" to ""
[4.852s] -- Installing: /home/claudio/ros2_ws2/install/ign_ros2_control_demos/lib/ign_ros2_control_demos/example_tricycle_drive
[4.853s] -- Set runtime path of "/home/claudio/ros2_ws2/install/ign_ros2_control_demos/lib/ign_ros2_control_demos/example_tricycle_drive" to ""
[4.853s] -- Installing: /home/claudio/ros2_ws2/install/ign_ros2_control_demos/lib/ign_ros2_control_demos/example_ackermann_drive
[4.853s] -- Set runtime path of "/home/claudio/ros2_ws2/install/ign_ros2_control_demos/lib/ign_ros2_control_demos/example_ackermann_drive" to ""
[4.853s] -- Installing: /home/claudio/ros2_ws2/install/ign_ros2_control_demos/lib/ign_ros2_control_demos/example_gripper
[4.854s] -- Set runtime path of "/home/claudio/ros2_ws2/install/ign_ros2_control_demos/lib/ign_ros2_control_demos/example_gripper" to ""
[4.854s] -- Installing: /home/claudio/ros2_ws2/install/ign_ros2_control_demos/share/ament_index/resource_index/package_run_dependencies/ign_ros2_control_demos
[4.854s] -- Installing: /home/claudio/ros2_ws2/install/ign_ros2_control_demos/share/ament_index/resource_index/parent_prefix_path/ign_ros2_control_demos
[4.854s] -- Installing: /home/claudio/ros2_ws2/install/ign_ros2_control_demos/share/ign_ros2_control_demos/environment/ament_prefix_path.sh
[4.854s] -- Installing: /home/claudio/ros2_ws2/install/ign_ros2_control_demos/share/ign_ros2_control_demos/environment/ament_prefix_path.dsv
[4.854s] -- Installing: /home/claudio/ros2_ws2/install/ign_ros2_control_demos/share/ign_ros2_control_demos/environment/path.sh
[4.854s] -- Installing: /home/claudio/ros2_ws2/install/ign_ros2_control_demos/share/ign_ros2_control_demos/environment/path.dsv
[4.854s] -- Installing: /home/claudio/ros2_ws2/install/ign_ros2_control_demos/share/ign_ros2_control_demos/local_setup.bash
[4.854s] -- Installing: /home/claudio/ros2_ws2/install/ign_ros2_control_demos/share/ign_ros2_control_demos/local_setup.sh
[4.854s] -- Installing: /home/claudio/ros2_ws2/install/ign_ros2_control_demos/share/ign_ros2_control_demos/local_setup.zsh
[4.854s] -- Installing: /home/claudio/ros2_ws2/install/ign_ros2_control_demos/share/ign_ros2_control_demos/local_setup.dsv
[4.854s] -- Installing: /home/claudio/ros2_ws2/install/ign_ros2_control_demos/share/ign_ros2_control_demos/package.dsv
[4.854s] -- Installing: /home/claudio/ros2_ws2/install/ign_ros2_control_demos/share/ament_index/resource_index/packages/ign_ros2_control_demos
[4.855s] -- Installing: /home/claudio/ros2_ws2/install/ign_ros2_control_demos/share/ign_ros2_control_demos/cmake/ign_ros2_control_demosConfig.cmake
[4.855s] -- Installing: /home/claudio/ros2_ws2/install/ign_ros2_control_demos/share/ign_ros2_control_demos/cmake/ign_ros2_control_demosConfig-version.cmake
[4.855s] -- Installing: /home/claudio/ros2_ws2/install/ign_ros2_control_demos/share/ign_ros2_control_demos/package.xml
[4.856s] Invoked command in '/home/claudio/ros2_ws2/build/ign_ros2_control_demos' returned '0': AMENT_PREFIX_PATH=/home/claudio/ros2_ws2/install/ign_ros2_control:${AMENT_PREFIX_PATH} CMAKE_PREFIX_PATH=/home/claudio/ros2_ws2/install/ign_ros2_control:/home/claudio/ros2_ws2/install/ros2_control_demo_description:/home/claudio/ros2_ws2/install/anymal_d_simple_description:/home/claudio/ros2_ws2/install/ros2_control_demo_testing:/home/claudio/ros2_ws2/install/ros2_control_demo_example_1:/opt/ros/humble LD_LIBRARY_PATH=/home/claudio/ros2_ws2/install/ign_ros2_control/lib:${LD_LIBRARY_PATH} /usr/bin/cmake --install /home/claudio/ros2_ws2/build/ign_ros2_control_demos
