[0.007s] Invoking command in '/home/claudio/ANYmal_Ros2/build/gz_ros2_control': CMAKE_PREFIX_PATH=${CMAKE_PREFIX_PATH}:/home/claudio/ANYmal_Ros2/install/ros2_control_demo_testing:/home/claudio/ANYmal_Ros2/install/ros2_control_demo_example_1:/opt/ros/humble /usr/bin/cmake /home/claudio/ANYmal_Ros2/src/gz_ros2_control/gz_ros2_control -DCMAKE_INSTALL_PREFIX=/home/claudio/ANYmal_Ros2/install/gz_ros2_control
[0.066s] -- The C compiler identification is GNU 11.4.0
[0.124s] -- The CXX compiler identification is GNU 11.4.0
[0.129s] -- Detecting C compiler ABI info
[0.169s] -- Detecting C compiler ABI info - done
[0.173s] -- Check for working C compiler: /usr/bin/cc - skipped
[0.174s] -- Detecting C compile features
[0.174s] -- Detecting C compile features - done
[0.176s] -- Detecting CXX compiler ABI info
[0.223s] -- Detecting CXX compiler ABI info - done
[0.227s] -- Check for working CXX compiler: /usr/bin/c++ - skipped
[0.227s] -- Detecting CXX compile features
[0.228s] -- Detecting CXX compile features - done
[0.229s] -- Found ament_cmake: 1.3.10 (/opt/ros/humble/share/ament_cmake/cmake)
[0.318s] -- Found Python3: /usr/bin/python3 (found version "3.10.12") found components: Interpreter 
[0.368s] -- Found ament_index_cpp: 1.4.0 (/opt/ros/humble/share/ament_index_cpp/cmake)
[0.369s] -- Found controller_manager: 2.42.0 (/opt/ros/humble/share/controller_manager/cmake)
[0.393s] -- Found rosidl_generator_c: 3.1.5 (/opt/ros/humble/share/rosidl_generator_c/cmake)
[0.396s] -- Found rosidl_adapter: 3.1.5 (/opt/ros/humble/share/rosidl_adapter/cmake)
[0.400s] -- Found rosidl_generator_cpp: 3.1.5 (/opt/ros/humble/share/rosidl_generator_cpp/cmake)
[0.407s] -- Using all available rosidl_typesupport_c: rosidl_typesupport_fastrtps_c;rosidl_typesupport_introspection_c
[0.416s] -- Using all available rosidl_typesupport_cpp: rosidl_typesupport_fastrtps_cpp;rosidl_typesupport_introspection_cpp
[0.531s] -- Found rmw_implementation_cmake: 6.1.2 (/opt/ros/humble/share/rmw_implementation_cmake/cmake)
[0.533s] -- Found rmw_fastrtps_cpp: 6.2.7 (/opt/ros/humble/share/rmw_fastrtps_cpp/cmake)
[0.547s] -- Found TinyXML2 via Config file: TinyXML2_DIR-NOTFOUND
[0.588s] -- Found OpenSSL: /usr/lib/x86_64-linux-gnu/libcrypto.so (found version "3.0.2")  
[0.590s] -- Found TinyXML2 via Config file: TinyXML2_DIR-NOTFOUND
[0.599s] -- Found FastRTPS: /opt/ros/humble/include  
[0.601s] -- Found TinyXML2 via Config file: TinyXML2_DIR-NOTFOUND
[0.606s] -- Found TinyXML2 via Config file: TinyXML2_DIR-NOTFOUND
[0.612s] -- Using RMW implementation 'rmw_fastrtps_cpp' as default
[0.616s] -- Looking for pthread.h
[0.672s] -- Looking for pthread.h - found
[0.673s] -- Performing Test CMAKE_HAVE_LIBC_PTHREAD
[0.768s] -- Performing Test CMAKE_HAVE_LIBC_PTHREAD - Success
[0.769s] -- Found Threads: TRUE  
[0.822s] -- Found yaml_cpp_vendor: 8.0.2 (/opt/ros/humble/share/yaml_cpp_vendor/cmake)
[0.829s] [31mCMake Error at CMakeLists.txt:27 (find_package):
[0.829s]   By not providing "Findgz_sim_vendor.cmake" in CMAKE_MODULE_PATH this
[0.829s]   project has asked CMake to find a package configuration file provided by
[0.829s]   "gz_sim_vendor", but CMake did not find one.
[0.829s] 
[0.829s]   Could not find a package configuration file provided by "gz_sim_vendor"
[0.829s]   with any of the following names:
[0.829s] 
[0.829s]     gz_sim_vendorConfig.cmake
[0.829s]     gz_sim_vendor-config.cmake
[0.829s] 
[0.829s]   Add the installation prefix of "gz_sim_vendor" to CMAKE_PREFIX_PATH or set
[0.829s]   "gz_sim_vendor_DIR" to a directory containing one of the above files.  If
[0.830s]   "gz_sim_vendor" provides a separate development package or SDK, be sure it
[0.830s]   has been installed.
[0.830s] 
[0.830s] [0m
[0.830s] -- Configuring incomplete, errors occurred!
[0.830s] See also "/home/claudio/ANYmal_Ros2/build/gz_ros2_control/CMakeFiles/CMakeOutput.log".
[0.837s] Invoked command in '/home/claudio/ANYmal_Ros2/build/gz_ros2_control' returned '1': CMAKE_PREFIX_PATH=${CMAKE_PREFIX_PATH}:/home/claudio/ANYmal_Ros2/install/ros2_control_demo_testing:/home/claudio/ANYmal_Ros2/install/ros2_control_demo_example_1:/opt/ros/humble /usr/bin/cmake /home/claudio/ANYmal_Ros2/src/gz_ros2_control/gz_ros2_control -DCMAKE_INSTALL_PREFIX=/home/claudio/ANYmal_Ros2/install/gz_ros2_control
