[0.006s] Invoking command in '/home/claudio/ANYmal_Ros2/build/anymal_d_simple_description': CMAKE_PREFIX_PATH=${CMAKE_PREFIX_PATH}:/opt/ros/humble /usr/bin/cmake --build /home/claudio/ANYmal_Ros2/build/anymal_d_simple_description -- -j16 -l16
[0.033s] Invoked command in '/home/claudio/ANYmal_Ros2/build/anymal_d_simple_description' returned '0': CMAKE_PREFIX_PATH=${CMAKE_PREFIX_PATH}:/opt/ros/humble /usr/bin/cmake --build /home/claudio/ANYmal_Ros2/build/anymal_d_simple_description -- -j16 -l16
[0.072s] Invoking command in '/home/claudio/ANYmal_Ros2/build/anymal_d_simple_description': CMAKE_PREFIX_PATH=${CMAKE_PREFIX_PATH}:/opt/ros/humble /usr/bin/cmake --install /home/claudio/ANYmal_Ros2/build/anymal_d_simple_description
[0.082s] -- Install configuration: ""
[0.083s] -- Up-to-date: /home/claudio/ANYmal_Ros2/install/anymal_d_simple_description/share/anymal_d_simple_description/config
[0.083s] -- Up-to-date: /home/claudio/ANYmal_Ros2/install/anymal_d_simple_description/share/anymal_d_simple_description/config/pos_controller.yaml
[0.083s] -- Up-to-date: /home/claudio/ANYmal_Ros2/install/anymal_d_simple_description/share/anymal_d_simple_description/config/initial_positions.yaml
[0.083s] -- Up-to-date: /home/claudio/ANYmal_Ros2/install/anymal_d_simple_description/share/anymal_d_simple_description/config/rviz
[0.083s] -- Up-to-date: /home/claudio/ANYmal_Ros2/install/anymal_d_simple_description/share/anymal_d_simple_description/config/rviz/standing.rviz
[0.084s] -- Up-to-date: /home/claudio/ANYmal_Ros2/install/anymal_d_simple_description/share/anymal_d_simple_description/launch
[0.084s] -- Up-to-date: /home/claudio/ANYmal_Ros2/install/anymal_d_simple_description/share/anymal_d_simple_description/launch/__pycache__
[0.084s] -- Installing: /home/claudio/ANYmal_Ros2/install/anymal_d_simple_description/share/anymal_d_simple_description/launch/__pycache__/launch_anymal_d.launch.cpython-310.pyc
[0.084s] -- Up-to-date: /home/claudio/ANYmal_Ros2/install/anymal_d_simple_description/share/anymal_d_simple_description/launch/launch_anymal_d.launch.py
[0.084s] -- Up-to-date: /home/claudio/ANYmal_Ros2/install/anymal_d_simple_description/share/anymal_d_simple_description/meshes
[0.085s] -- Up-to-date: /home/claudio/ANYmal_Ros2/install/anymal_d_simple_description/share/anymal_d_simple_description/meshes/hatch.dae
[0.085s] -- Up-to-date: /home/claudio/ANYmal_Ros2/install/anymal_d_simple_description/share/anymal_d_simple_description/meshes/hip.dae
[0.085s] -- Up-to-date: /home/claudio/ANYmal_Ros2/install/anymal_d_simple_description/share/anymal_d_simple_description/meshes/face_shell.jpg
[0.085s] -- Up-to-date: /home/claudio/ANYmal_Ros2/install/anymal_d_simple_description/share/anymal_d_simple_description/meshes/battery.jpg
[0.085s] -- Up-to-date: /home/claudio/ANYmal_Ros2/install/anymal_d_simple_description/share/anymal_d_simple_description/meshes/lidar_guard.dae
[0.085s] -- Up-to-date: /home/claudio/ANYmal_Ros2/install/anymal_d_simple_description/share/anymal_d_simple_description/meshes/docking_socket.dae
[0.085s] -- Up-to-date: /home/claudio/ANYmal_Ros2/install/anymal_d_simple_description/share/anymal_d_simple_description/meshes/thigh.jpg
[0.085s] -- Up-to-date: /home/claudio/ANYmal_Ros2/install/anymal_d_simple_description/share/anymal_d_simple_description/meshes/foot.dae
[0.086s] -- Up-to-date: /home/claudio/ANYmal_Ros2/install/anymal_d_simple_description/share/anymal_d_simple_description/meshes/drive.dae
[0.086s] -- Up-to-date: /home/claudio/ANYmal_Ros2/install/anymal_d_simple_description/share/anymal_d_simple_description/meshes/bottom_shell.jpg
[0.086s] -- Up-to-date: /home/claudio/ANYmal_Ros2/install/anymal_d_simple_description/share/anymal_d_simple_description/meshes/hip.jpg
[0.086s] -- Up-to-date: /home/claudio/ANYmal_Ros2/install/anymal_d_simple_description/share/anymal_d_simple_description/meshes/base.dae
[0.086s] -- Up-to-date: /home/claudio/ANYmal_Ros2/install/anymal_d_simple_description/share/anymal_d_simple_description/meshes/foot.jpg
[0.086s] -- Up-to-date: /home/claudio/ANYmal_Ros2/install/anymal_d_simple_description/share/anymal_d_simple_description/meshes/shank_l.dae
[0.086s] -- Up-to-date: /home/claudio/ANYmal_Ros2/install/anymal_d_simple_description/share/anymal_d_simple_description/meshes/shank.jpg
[0.086s] -- Up-to-date: /home/claudio/ANYmal_Ros2/install/anymal_d_simple_description/share/anymal_d_simple_description/meshes/lidar.dae
[0.086s] -- Up-to-date: /home/claudio/ANYmal_Ros2/install/anymal_d_simple_description/share/anymal_d_simple_description/meshes/thigh.dae
[0.086s] -- Up-to-date: /home/claudio/ANYmal_Ros2/install/anymal_d_simple_description/share/anymal_d_simple_description/meshes/drive.jpg
[0.086s] -- Up-to-date: /home/claudio/ANYmal_Ros2/install/anymal_d_simple_description/share/anymal_d_simple_description/meshes/base.jpg
[0.086s] -- Up-to-date: /home/claudio/ANYmal_Ros2/install/anymal_d_simple_description/share/anymal_d_simple_description/meshes/hatch.jpg
[0.086s] -- Up-to-date: /home/claudio/ANYmal_Ros2/install/anymal_d_simple_description/share/anymal_d_simple_description/meshes/shank_r.dae
[0.086s] -- Up-to-date: /home/claudio/ANYmal_Ros2/install/anymal_d_simple_description/share/anymal_d_simple_description/meshes/mount.jpg
[0.086s] -- Up-to-date: /home/claudio/ANYmal_Ros2/install/anymal_d_simple_description/share/anymal_d_simple_description/meshes/bottom_shell.dae
[0.086s] -- Up-to-date: /home/claudio/ANYmal_Ros2/install/anymal_d_simple_description/share/anymal_d_simple_description/meshes/pan.dae
[0.086s] -- Up-to-date: /home/claudio/ANYmal_Ros2/install/anymal_d_simple_description/share/anymal_d_simple_description/meshes/tilt.dae
[0.086s] -- Up-to-date: /home/claudio/ANYmal_Ros2/install/anymal_d_simple_description/share/anymal_d_simple_description/meshes/battery.dae
[0.086s] -- Up-to-date: /home/claudio/ANYmal_Ros2/install/anymal_d_simple_description/share/anymal_d_simple_description/meshes/top_shell.dae
[0.086s] -- Up-to-date: /home/claudio/ANYmal_Ros2/install/anymal_d_simple_description/share/anymal_d_simple_description/meshes/mount.dae
[0.086s] -- Up-to-date: /home/claudio/ANYmal_Ros2/install/anymal_d_simple_description/share/anymal_d_simple_description/meshes/docking_socket.jpg
[0.086s] -- Up-to-date: /home/claudio/ANYmal_Ros2/install/anymal_d_simple_description/share/anymal_d_simple_description/meshes/pan.jpg
[0.086s] -- Up-to-date: /home/claudio/ANYmal_Ros2/install/anymal_d_simple_description/share/anymal_d_simple_description/meshes/top_shell.jpg
[0.087s] -- Up-to-date: /home/claudio/ANYmal_Ros2/install/anymal_d_simple_description/share/anymal_d_simple_description/meshes/lidar.jpg
[0.087s] -- Up-to-date: /home/claudio/ANYmal_Ros2/install/anymal_d_simple_description/share/anymal_d_simple_description/meshes/tilt.jpg
[0.087s] -- Up-to-date: /home/claudio/ANYmal_Ros2/install/anymal_d_simple_description/share/anymal_d_simple_description/meshes/lidar_guard.jpg
[0.087s] -- Up-to-date: /home/claudio/ANYmal_Ros2/install/anymal_d_simple_description/share/anymal_d_simple_description/meshes/face_shell.dae
[0.087s] -- Up-to-date: /home/claudio/ANYmal_Ros2/install/anymal_d_simple_description/share/anymal_d_simple_description/urdf
[0.087s] -- Up-to-date: /home/claudio/ANYmal_Ros2/install/anymal_d_simple_description/share/anymal_d_simple_description/urdf/anymal.xacro.urdf
[0.087s] -- Installing: /home/claudio/ANYmal_Ros2/install/anymal_d_simple_description/share/anymal_d_simple_description/urdf/anymal.sdf
[0.087s] -- Up-to-date: /home/claudio/ANYmal_Ros2/install/anymal_d_simple_description/share/anymal_d_simple_description/urdf/anymal.urdf
[0.087s] -- Up-to-date: /home/claudio/ANYmal_Ros2/install/anymal_d_simple_description/share/ament_index/resource_index/package_run_dependencies/anymal_d_simple_description
[0.087s] -- Up-to-date: /home/claudio/ANYmal_Ros2/install/anymal_d_simple_description/share/ament_index/resource_index/parent_prefix_path/anymal_d_simple_description
[0.087s] -- Up-to-date: /home/claudio/ANYmal_Ros2/install/anymal_d_simple_description/share/anymal_d_simple_description/environment/ament_prefix_path.sh
[0.087s] -- Up-to-date: /home/claudio/ANYmal_Ros2/install/anymal_d_simple_description/share/anymal_d_simple_description/environment/ament_prefix_path.dsv
[0.087s] -- Up-to-date: /home/claudio/ANYmal_Ros2/install/anymal_d_simple_description/share/anymal_d_simple_description/environment/path.sh
[0.087s] -- Up-to-date: /home/claudio/ANYmal_Ros2/install/anymal_d_simple_description/share/anymal_d_simple_description/environment/path.dsv
[0.087s] -- Up-to-date: /home/claudio/ANYmal_Ros2/install/anymal_d_simple_description/share/anymal_d_simple_description/local_setup.bash
[0.087s] -- Up-to-date: /home/claudio/ANYmal_Ros2/install/anymal_d_simple_description/share/anymal_d_simple_description/local_setup.sh
[0.087s] -- Up-to-date: /home/claudio/ANYmal_Ros2/install/anymal_d_simple_description/share/anymal_d_simple_description/local_setup.zsh
[0.087s] -- Up-to-date: /home/claudio/ANYmal_Ros2/install/anymal_d_simple_description/share/anymal_d_simple_description/local_setup.dsv
[0.087s] -- Installing: /home/claudio/ANYmal_Ros2/install/anymal_d_simple_description/share/anymal_d_simple_description/package.dsv
[0.087s] -- Up-to-date: /home/claudio/ANYmal_Ros2/install/anymal_d_simple_description/share/ament_index/resource_index/packages/anymal_d_simple_description
[0.087s] -- Up-to-date: /home/claudio/ANYmal_Ros2/install/anymal_d_simple_description/share/anymal_d_simple_description/cmake/anymal_d_simple_descriptionConfig.cmake
[0.087s] -- Up-to-date: /home/claudio/ANYmal_Ros2/install/anymal_d_simple_description/share/anymal_d_simple_description/cmake/anymal_d_simple_descriptionConfig-version.cmake
[0.087s] -- Up-to-date: /home/claudio/ANYmal_Ros2/install/anymal_d_simple_description/share/anymal_d_simple_description/package.xml
[0.088s] Invoked command in '/home/claudio/ANYmal_Ros2/build/anymal_d_simple_description' returned '0': CMAKE_PREFIX_PATH=${CMAKE_PREFIX_PATH}:/opt/ros/humble /usr/bin/cmake --install /home/claudio/ANYmal_Ros2/build/anymal_d_simple_description
