[0.149s] Invoking command in '/home/claudio/ros2_ws2/build/ros2_control_demo_example_7': CMAKE_PREFIX_PATH=/home/claudio/ros2_ws2/install/ros2_control_demo_description:/home/claudio/ros2_ws2/install/ros2_control_demo_example_1:/home/claudio/ros2_ws2/install/anymal_d_simple_description:/home/claudio/ros2_ws2/install/ros2_control_demo_testing:/opt/ros/humble /usr/bin/cmake /home/claudio/ros2_ws2/src/ros2_control_demos/example_7 -DCMAKE_INSTALL_PREFIX=/home/claudio/ros2_ws2/install/ros2_control_demo_example_7
[0.208s] -- The CXX compiler identification is GNU 11.4.0
[0.216s] -- Detecting CXX compiler ABI info
[0.290s] -- Detecting CXX compiler ABI info - done
[0.297s] -- Check for working CXX compiler: /usr/bin/c++ - skipped
[0.297s] -- Detecting CXX compile features
[0.297s] -- Detecting CXX compile features - done
[0.299s] -- Found backward_ros: 1.0.2 (/opt/ros/humble/share/backward_ros/cmake)
[0.701s] -- Found Python3: /usr/local/bin/python (found version "3.10.12") found components: Interpreter 
[0.754s] -- Found libdw: /usr/lib/x86_64-linux-gnu/libdw.so  
[0.758s] -- Could NOT find libbfd (missing: LIBBFD_LIBRARY LIBBFD_INCLUDE_DIR) 
[0.759s] -- BACKWARD_HAS_UNWIND=1
[0.759s] -- BACKWARD_HAS_BACKTRACE=0
[0.759s] -- BACKWARD_HAS_BACKTRACE_SYMBOL=0
[0.759s] -- BACKWARD_HAS_DW=1
[0.759s] -- BACKWARD_HAS_BFD=0
[0.759s] -- Found Backward: /opt/ros/humble/share/backward_ros/cmake  
[0.760s] -- Found ament_cmake: 1.3.5 (/opt/ros/humble/share/ament_cmake/cmake)
[0.783s] -- Found pluginlib: 5.1.0 (/opt/ros/humble/share/pluginlib/cmake)
[0.823s] -- Found hardware_interface: 2.41.0 (/opt/ros/humble/share/hardware_interface/cmake)
[0.855s] -- Found rosidl_generator_c: 3.1.5 (/opt/ros/humble/share/rosidl_generator_c/cmake)
[0.860s] -- Found rosidl_adapter: 3.1.5 (/opt/ros/humble/share/rosidl_adapter/cmake)
[0.870s] -- Found rosidl_generator_cpp: 3.1.5 (/opt/ros/humble/share/rosidl_generator_cpp/cmake)
[0.885s] -- Using all available rosidl_typesupport_c: rosidl_typesupport_fastrtps_c;rosidl_typesupport_introspection_c
[0.899s] -- Using all available rosidl_typesupport_cpp: rosidl_typesupport_fastrtps_cpp;rosidl_typesupport_introspection_cpp
[1.341s] -- Found rmw_implementation_cmake: 6.1.1 (/opt/ros/humble/share/rmw_implementation_cmake/cmake)
[1.342s] -- Found rmw_fastrtps_cpp: 6.2.4 (/opt/ros/humble/share/rmw_fastrtps_cpp/cmake)
[1.411s] -- Found OpenSSL: /usr/lib/x86_64-linux-gnu/libcrypto.so (found version "3.0.2")  
[1.429s] -- Found FastRTPS: /opt/ros/humble/include  
[1.465s] -- Using RMW implementation 'rmw_fastrtps_cpp' as default
[1.472s] -- Looking for C++ include pthread.h
[1.549s] -- Looking for C++ include pthread.h - found
[1.549s] -- Performing Test CMAKE_HAVE_LIBC_PTHREAD
[1.630s] -- Performing Test CMAKE_HAVE_LIBC_PTHREAD - Success
[1.631s] -- Found Threads: TRUE  
[1.798s] -- Found kdl_parser: 2.6.4 (/opt/ros/humble/share/kdl_parser/cmake)
[1.813s] -- Found eigen3_cmake_module: 0.1.1 (/opt/ros/humble/share/eigen3_cmake_module/cmake)
